#
# A fatal error has been detected by the Java Runtime Environment:
#
#  EXCEPTION_ACCESS_VIOLATION (0xc0000005) at pc=0x000002a08d268af6, pid=22488, tid=0x0000000000008b44
#
# JRE version: Java(TM) SE Runtime Environment (8.0_261-b12) (build 1.8.0_261-b12)
# Java VM: Java HotSpot(TM) 64-Bit Server VM (25.261-b12 mixed mode windows-amd64 compressed oops)
# Problematic frame:
# C  0x000002a08d268af6
#
# Failed to write core dump. Minidumps are not enabled by default on client versions of Windows
#
# If you would like to submit a bug report, please visit:
#   http://bugreport.java.com/bugreport/crash.jsp
# The crash happened outside the Java Virtual Machine in native code.
# See problematic frame for where to report the bug.
#

---------------  T H R E A D  ---------------

Current thread (0x000002a24d773000):  JavaThread "DefaultDispatcher-worker-6" daemon [_thread_in_native, id=35652, stack(0x000000e432200000,0x000000e432300000)]

siginfo: ExceptionCode=0xc0000005, writing address 0x000002a096000900

Registers:
RAX=0x00000000bfffd900, RBX=0x0000000040bb9e90, RCX=0x000002a08d6ac4c0, RDX=0x0000000000000c40
RSP=0x000000e4322f96d0, RBP=0x0000000040bb9e90, RSI=0x4641353141333343, RDI=0x0000000000000210
R8 =0x00000000000001d0, R9 =0x0000000000000eb0, R10=0x0000000000000900, R11=0x000002a096000000
R12=0x0000000040bb8394, R13=0x00000000bfffe180, R14=0x000002a083fd0000, R15=0x000002a08bfd30b0
RIP=0x000002a08d268af6, EFLAGS=0x0000000000010206

Top of Stack: (sp=0x000000e4322f96d0)
0x000000e4322f96d0:   000000076d6ccba8 000000e4322f0000
0x000000e4322f96e0:   0000000000000090 0000000000000000
0x000000e4322f96f0:   0000000000000000 0000000000000000
0x000000e4322f9700:   0000000000000000 0000000000000000
0x000000e4322f9710:   0000000000000000 0000000000000000
0x000000e4322f9720:   0000000000000000 0000000000000000
0x000000e4322f9730:   0000000000000000 0000000000000000
0x000000e4322f9740:   0000000000000000 0000000000000000
0x000000e4322f9750:   0000000000000000 0000000000000000
0x000000e4322f9760:   0000000000000000 0000000000000000
0x000000e4322f9770:   0000000000000000 0000000000000000
0x000000e4322f9780:   0000000000000000 0000000000000000
0x000000e4322f9790:   000000076d6ccba8 000002a24d773000
0x000000e4322f97a0:   000002a08bfd4548 000000e4322f9880
0x000000e4322f97b0:   000002a08bfd3880 000000e4322f99d0
0x000000e4322f97c0:   0000000000000000 000000004008fa24 

Instructions: (pc=0x000002a08d268af6)
0x000002a08d268ad6:   00 00 ff 0f 85 f7 21 3d 06 4f 8b 1c d6 4d 85 db
0x000002a08d268ae6:   0f 84 ea 21 3d 06 49 89 c2 49 81 e2 ff 0f 00 00
0x000002a08d268af6:   4f 89 2c 13 4d 8b af 10 03 00 00 49 c7 c3 88 ff
0x000002a08d268b06:   ff ff 4d 01 dd 49 f7 c5 07 00 00 00 0f 85 c8 21 


Register to memory mapping:

RAX=0x00000000bfffd900 is an unknown value
RBX=0x0000000040bb9e90 is an unknown value
RCX=0x000002a08d6ac4c0 is an unknown value
RDX=0x0000000000000c40 is an unknown value
RSP=0x000000e4322f96d0 is pointing into the stack for thread: 0x000002a24d773000
RBP=0x0000000040bb9e90 is an unknown value
RSI=0x4641353141333343 is an unknown value
RDI=0x0000000000000210 is an unknown value
R8 =0x00000000000001d0 is an unknown value
R9 =0x0000000000000eb0 is an unknown value
R10=0x0000000000000900 is an unknown value
R11=0x000002a096000000 is an unknown value
R12=0x0000000040bb8394 is an unknown value
R13=0x00000000bfffe180 is an unknown value
R14=0x000002a083fd0000 is an unknown value
R15=0x000002a08bfd30b0 is an unknown value


Stack: [0x000000e432200000,0x000000e432300000],  sp=0x000000e4322f96d0,  free space=997k
Native frames: (J=compiled Java code, j=interpreted, Vv=VM code, C=native code)
C  0x000002a08d268af6

Java frames: (J=compiled Java code, j=interpreted, Vv=VM code)
J 10475  com.github.unidbg.arm.backend.dynarmic.Dynarmic.emu_start(JJ)I (0 bytes) @ 0x000002a0e466f944 [0x000002a0e466f900+0x44]
J 10474 C1 com.github.unidbg.arm.backend.dynarmic.Dynarmic.emu_start(J)V (41 bytes) @ 0x000002a0e466f0cc [0x000002a0e466f080+0x4c]
J 9302 C1 com.github.unidbg.arm.backend.DynarmicBackend.emu_start(JJJJ)V (106 bytes) @ 0x000002a0e43f5a8c [0x000002a0e43f56c0+0x3cc]
J 9301 C1 com.github.unidbg.AbstractEmulator.emulate(JJ)Ljava/lang/Number; (765 bytes) @ 0x000002a0e43eeef4 [0x000002a0e43eeaa0+0x454]
J 10557 C1 com.github.unidbg.thread.Function64.run(Lcom/github/unidbg/AbstractEmulator;)Ljava/lang/Number; (92 bytes) @ 0x000002a0e46af3dc [0x000002a0e46af1e0+0x1fc]
J 9310 C1 com.github.unidbg.thread.MainTask.dispatch(Lcom/github/unidbg/AbstractEmulator;)Ljava/lang/Number; (23 bytes) @ 0x000002a0e43f97ec [0x000002a0e43f9740+0xac]
J 10556 C1 com.github.unidbg.thread.UniThreadDispatcher.run(JLjava/util/concurrent/TimeUnit;)Ljava/lang/Number; (911 bytes) @ 0x000002a0e46a9314 [0x000002a0e46a8480+0xe94]
J 10555 C1 com.github.unidbg.thread.UniThreadDispatcher.runMainForResult(Lcom/github/unidbg/thread/MainTask;)Ljava/lang/Number; (216 bytes) @ 0x000002a0e46a6b3c [0x000002a0e46a68c0+0x27c]
J 10554 C1 com.github.unidbg.AbstractEmulator.runMainForResult(Lcom/github/unidbg/thread/MainTask;)Ljava/lang/Number; (46 bytes) @ 0x000002a0e46aead4 [0x000002a0e46aea00+0xd4]
J 9415 C1 com.github.unidbg.arm.AbstractARM64Emulator.eFunc(J[Ljava/lang/Number;)Ljava/lang/Number; (25 bytes) @ 0x000002a0e4428e64 [0x000002a0e4428ca0+0x1c4]
J 9580 C1 com.github.unidbg.Module.emulateFunction(Lcom/github/unidbg/Emulator;J[Ljava/lang/Object;)Ljava/lang/Number; (245 bytes) @ 0x000002a0e44a6c2c [0x000002a0e44a5f60+0xccc]
J 9562 C1 com.github.unidbg.linux.android.dvm.DvmObject.callJniMethod(Lcom/github/unidbg/Emulator;Lcom/github/unidbg/linux/android/dvm/VM;Lcom/github/unidbg/linux/android/dvm/DvmClass;Lcom/github/unidbg/linux/android/dvm/DvmObject;Ljava/lang/String;[Ljava/lang/Object;)Ljava/lang/Number; (306 bytes) @ 0x000002a0e449742c [0x000002a0e44963c0+0x106c]
J 10982 C1 com.github.unidbg.linux.android.dvm.DvmObject.callJniMethodObject(Lcom/github/unidbg/Emulator;Ljava/lang/String;[Ljava/lang/Object;)Lcom/github/unidbg/linux/android/dvm/DvmObject; (73 bytes) @ 0x000002a0e47a8cbc [0x000002a0e47a8c40+0x7c]
J 10994 C1 com.tencent.mobileqq.sign.QQSecuritySign.getSign(Lmoe/fuqiuluo/unidbg/QSecVM;Ljava/lang/String;Ljava/lang/String;[BILjava/lang/String;Lcom/github/unidbg/linux/android/dvm/DvmObject;)Lcom/tencent/mobileqq/sign/QQSecuritySign$SignResultObject; (205 bytes) @ 0x000002a0e47c1174 [0x000002a0e47c0920+0x854]
J 10993 C1 com.tencent.mobileqq.sign.QQSecuritySign.getSign$default(Lcom/tencent/mobileqq/sign/QQSecuritySign;Lmoe/fuqiuluo/unidbg/QSecVM;Ljava/lang/String;Ljava/lang/String;[BILjava/lang/String;Lcom/github/unidbg/linux/android/dvm/DvmObject;ILjava/lang/Object;)Lcom/tencent/mobileqq/sign/QQSecuritySign$SignResultObject; (36 bytes) @ 0x000002a0e47c0224 [0x000002a0e47c0140+0xe4]
J 10991 C1 moe.fuqiuluo.api.UnidbgFetchQSign.sign(Ljava/lang/String;JI[BLjava/lang/String;Ljava/lang/String;Ljava/lang/String;Ljava/lang/String;Lkotlin/coroutines/Continuation;)Ljava/lang/Object; (931 bytes) @ 0x000002a0e47b58ec [0x000002a0e47b4a60+0xe8c]
J 10990 C1 moe.fuqiuluo.api.UnidbgFetchQSign.sign$default(Lmoe/fuqiuluo/api/UnidbgFetchQSign;Ljava/lang/String;JI[BLjava/lang/String;Ljava/lang/String;Ljava/lang/String;Ljava/lang/String;Lkotlin/coroutines/Continuation;ILjava/lang/Object;)Ljava/lang/Object; (80 bytes) @ 0x000002a0e47b382c [0x000002a0e47b34c0+0x36c]
J 10989 C1 top.mrxiaom.qsign.QSignService$qSecurityGetSign$data$1.invokeSuspend(Ljava/lang/Object;)Ljava/lang/Object; (188 bytes) @ 0x000002a0e47b2a1c [0x000002a0e47b2760+0x2bc]
J 6397 C1 kotlin.coroutines.jvm.internal.BaseContinuationImpl.resumeWith(Ljava/lang/Object;)V (128 bytes) @ 0x000002a0e3d2199c [0x000002a0e3d21880+0x11c]
J 6540 C1 kotlinx.coroutines.DispatchedTask.run()V (571 bytes) @ 0x000002a0e3d65224 [0x000002a0e3d64e00+0x424]
J 8062 C1 kotlinx.coroutines.EventLoopImplBase.processNextEvent()J (205 bytes) @ 0x000002a0e407f494 [0x000002a0e407f040+0x454]
J 10981 C1 kotlinx.coroutines.BlockingCoroutine.joinBlocking()Ljava/lang/Object; (242 bytes) @ 0x000002a0e47a7934 [0x000002a0e47a7840+0xf4]
J 10734 C1 kotlinx.coroutines.BuildersKt__BuildersKt.runBlocking(Lkotlin/coroutines/CoroutineContext;Lkotlin/jvm/functions/Function2;)Ljava/lang/Object; (162 bytes) @ 0x000002a0e471a93c [0x000002a0e471a3c0+0x57c]
J 8762 C1 top.mrxiaom.qsign.QSignService.qSecurityGetSign(Lnet/mamoe/mirai/internal/spi/EncryptServiceContext;ILjava/lang/String;[B)Lnet/mamoe/mirai/internal/spi/EncryptService$SignResult; (203 bytes) @ 0x000002a0e4284824 [0x000002a0e4284080+0x7a4]
J 9148 C1 net.mamoe.mirai.internal.network.protocol.packet.OutgoingPacketKt.buildRawUniPacket(Lnet/mamoe/mirai/internal/network/QQAndroidClient;Lnet/mamoe/mirai/internal/network/protocol/packet/PacketEncryptType;Ljava/lang/String;Ljava/lang/String;[BLnet/mamoe/mirai/internal/deps/io/ktor/utils/io/core/ByteReadPacket;Ljava/lang/String;ILkotlin/jvm/functions/Function2;)Lnet/mamoe/mirai/internal/network/protocol/packet/OutgoingPacketWithRespType; (2277 bytes) @ 0x000002a0e436c1ec [0x000002a0e436b740+0xaac]
J 9629 C1 net.mamoe.mirai.internal.network.protocol.packet.chat.receive.MessageSvcPbSendMsg.createToGroupImpl$mirai_core(Lnet/mamoe/mirai/internal/network/QQAndroidClient;Lnet/mamoe/mirai/contact/Group;Lnet/mamoe/mirai/message/data/MessageChain;Lnet/mamoe/mirai/message/data/MessageChain;ZLkotlin/jvm/functions/Function1;)Ljava/util/List; (561 bytes) @ 0x000002a0e44c1bdc [0x000002a0e44c0900+0x12dc]
J 11609 C1 net.mamoe.mirai.internal.network.protocol.packet.chat.receive.MessageSvc_PbSendMsgKt.createToGroup(Lnet/mamoe/mirai/internal/network/protocol/packet/chat/receive/MessageSvcPbSendMsg;Lnet/mamoe/mirai/internal/network/QQAndroidClient;Lnet/mamoe/mirai/contact/Group;Lnet/mamoe/mirai/message/data/MessageChain;Lnet/mamoe/mirai/message/data/MessageChain;ZLkotlin/jvm/functions/Function1;)Ljava/util/List; (63 bytes) @ 0x000002a0e493b67c [0x000002a0e493b1e0+0x49c]
J 11606 C1 net.mamoe.mirai.internal.message.protocol.outgoing.GroupMessageProtocolStrategy.createPacketsForGeneralMessage(Lnet/mamoe/mirai/internal/network/QQAndroidClient;Lnet/mamoe/mirai/internal/contact/AbstractContact;Lnet/mamoe/mirai/message/data/MessageChain;Lnet/mamoe/mirai/message/data/MessageChain;ZLkotlin/jvm/functions/Function1;Lkotlin/coroutines/Continuation;)Ljava/lang/Object; (19 bytes) @ 0x000002a0e493a594 [0x000002a0e493a4c0+0xd4]
J 8887 C1 net.mamoe.mirai.internal.message.protocol.impl.GeneralMessageSenderProtocol$GeneralMessageSender.process(Lnet/mamoe/mirai/internal/message/protocol/outgoing/OutgoingMessagePipelineContext;Lkotlin/coroutines/Continuation;)Ljava/lang/Object; (848 bytes) @ 0x000002a0e42d8ed4 [0x000002a0e42d8000+0xed4]
J 7905 C1 net.mamoe.mirai.internal.message.protocol.outgoing.OutgoingMessageProcessorAdapter.process(Lnet/mamoe/mirai/internal/pipeline/ProcessorPipelineContext;Ljava/lang/Object;Lkotlin/coroutines/Continuation;)Ljava/lang/Object; (14 bytes) @ 0x000002a0e403570c [0x000002a0e4035600+0x10c]
J 6880 C1 net.mamoe.mirai.internal.pipeline.AbstractProcessorPipeline.process$suspendImpl(Lnet/mamoe/mirai/internal/pipeline/AbstractProcessorPipeline;Ljava/lang/Object;Lnet/mamoe/mirai/internal/pipeline/ProcessorPipelineContext;Lnet/mamoe/mirai/utils/TypeSafeMap;Lkotlin/coroutines/Continuation;)Ljava/lang/Object; (685 bytes) @ 0x000002a0e3e12bac [0x000002a0e3e11320+0x188c]
J 7243 C1 net.mamoe.mirai.internal.pipeline.AbstractProcessorPipeline.process(Ljava/lang/Object;Lnet/mamoe/mirai/internal/pipeline/ProcessorPipelineContext;Lnet/mamoe/mirai/utils/TypeSafeMap;Lkotlin/coroutines/Continuation;)Ljava/lang/Object; (10 bytes) @ 0x000002a0e3edd10c [0x000002a0e3edd0a0+0x6c]
J 9639 C1 net.mamoe.mirai.internal.message.protocol.MessageProtocolFacadeImpl.preprocessAndSendOutgoingImpl(Lnet/mamoe/mirai/internal/contact/AbstractContact;Lnet/mamoe/mirai/message/data/Message;Lnet/mamoe/mirai/internal/network/component/ComponentStorage;Lkotlin/coroutines/Continuation;)Ljava/lang/Object; (382 bytes) @ 0x000002a0e44ced54 [0x000002a0e44ce480+0x8d4]
J 9640 C1 net.mamoe.mirai.internal.message.protocol.MessageProtocolFacadeImpl.preprocessAndSendOutgoing(Lnet/mamoe/mirai/internal/contact/AbstractContact;Lnet/mamoe/mirai/message/data/Message;Lnet/mamoe/mirai/internal/network/component/ComponentStorage;Lkotlin/coroutines/Continuation;)Ljava/lang/Object; (192 bytes) @ 0x000002a0e44d50e4 [0x000002a0e44d4d40+0x3a4]
J 9641 C1 net.mamoe.mirai.internal.contact.AbstractUserKt.sendMessageImpl(Lnet/mamoe/mirai/internal/contact/AbstractContact;Lnet/mamoe/mirai/message/data/Message;Lnet/mamoe/mirai/internal/message/protocol/outgoing/MessageProtocolStrategy;Lkotlin/jvm/functions/Function2;Lkotlin/jvm/functions/Function4;Lkotlin/coroutines/Continuation;)Ljava/lang/Object; (677 bytes) @ 0x000002a0e44d130c [0x000002a0e44d0800+0xb0c]
J 10765 C1 net.mamoe.mirai.internal.contact.CommonGroupImpl.sendMessage$suspendImpl(Lnet/mamoe/mirai/internal/contact/CommonGroupImpl;Lnet/mamoe/mirai/message/data/Message;Lkotlin/coroutines/Continuation;)Ljava/lang/Object; (106 bytes) @ 0x000002a0e472ee94 [0x000002a0e472ece0+0x1b4]
J 10764 C1 net.mamoe.mirai.internal.contact.CommonGroupImpl.sendMessage(Lnet/mamoe/mirai/message/data/Message;Lkotlin/coroutines/Continuation;)Ljava/lang/Object; (7 bytes) @ 0x000002a0e472e934 [0x000002a0e472e8e0+0x54]
J 10762 C1 net.mamoe.mirai.contact.Group$sendMessage$1.invoke(Ljava/lang/Object;)Ljava/lang/Object; (9 bytes) @ 0x000002a0e472e2ac [0x000002a0e472e200+0xac]
J 8736 C1 kotlin.coroutines.intrinsics.IntrinsicsKt__IntrinsicsJvmKt$createCoroutineUnintercepted$$inlined$createCoroutineFromSuspendFunction$IntrinsicsKt__IntrinsicsJvmKt$1.invokeSuspend(Ljava/lang/Object;)Ljava/lang/Object; (102 bytes) @ 0x000002a0e4279044 [0x000002a0e4278e40+0x204]
J 6397 C1 kotlin.coroutines.jvm.internal.BaseContinuationImpl.resumeWith(Ljava/lang/Object;)V (128 bytes) @ 0x000002a0e3d2199c [0x000002a0e3d21880+0x11c]
J 10312 C1 kotlin.coroutines.ContinuationKt.startCoroutine(Lkotlin/jvm/functions/Function1;Lkotlin/coroutines/Continuation;)V (36 bytes) @ 0x000002a0e46232f4 [0x000002a0e4623020+0x2d4]
J 9620 C1 net.mamoe.mirai.contact.Group.sendMessage(Lnet/mamoe/mirai/message/data/Message;)Lnet/mamoe/mirai/message/MessageReceipt; (25 bytes) @ 0x000002a0e44bcef4 [0x000002a0e44bcd40+0x1b4]
j  com.whitemagic2014.command.impl.group.immortal.AlchemyCommand.lambda$registerAutoAlchemy$0(Lnet/mamoe/mirai/contact/Member;Ljava/util/ArrayList;Lnet/mamoe/mirai/message/data/MessageChain;Lnet/mamoe/mirai/contact/Group;Ljava/lang/String;Ljava/lang/Boolean;)Lnet/mamoe/mirai/message/data/Message;+299
j  com.whitemagic2014.command.impl.group.immortal.AlchemyCommand$$Lambda$638.executeLogic(Lnet/mamoe/mirai/contact/Member;Ljava/util/ArrayList;Lnet/mamoe/mirai/message/data/MessageChain;Lnet/mamoe/mirai/contact/Group;Ljava/lang/String;Ljava/lang/Boolean;)Lnet/mamoe/mirai/message/data/Message;+13
J 7605 C1 com.whitemagic2014.command.impl.group.EmptyStringCommand$$Lambda$557.apply(Ljava/lang/Object;)Ljava/lang/Object; (32 bytes) @ 0x000002a0e3f97f34 [0x000002a0e3f97e00+0x134]
J 1953 C1 java.util.stream.ReferencePipeline$3$1.accept(Ljava/lang/Object;)V (23 bytes) @ 0x000002a0e347a52c [0x000002a0e347a4c0+0x6c]
J 7348 C1 java.util.concurrent.ConcurrentHashMap$ValueSpliterator.tryAdvance(Ljava/util/function/Consumer;)Z (35 bytes) @ 0x000002a0e3f18e6c [0x000002a0e3f18de0+0x8c]
J 7220 C1 java.util.stream.ReferencePipeline.forEachWithCancel(Ljava/util/Spliterator;Ljava/util/stream/Sink;)V (20 bytes) @ 0x000002a0e3ed115c [0x000002a0e3ed1100+0x5c]
J 6529 C1 java.util.stream.AbstractPipeline.copyIntoWithCancel(Ljava/util/stream/Sink;Ljava/util/Spliterator;)V (42 bytes) @ 0x000002a0e3d606cc [0x000002a0e3d60620+0xac]
J 1951 C1 java.util.stream.AbstractPipeline.copyInto(Ljava/util/stream/Sink;Ljava/util/Spliterator;)V (53 bytes) @ 0x000002a0e3479c3c [0x000002a0e3479b40+0xfc]
J 1950 C1 java.util.stream.AbstractPipeline.wrapAndCopyInto(Ljava/util/stream/Sink;Ljava/util/Spliterator;)Ljava/util/stream/Sink; (18 bytes) @ 0x000002a0e3479654 [0x000002a0e34795e0+0x74]
J 8004 C1 java.util.stream.FindOps$FindOp.evaluateSequential(Ljava/util/stream/PipelineHelper;Ljava/util/Spliterator;)Ljava/lang/Object; (39 bytes) @ 0x000002a0e4067fdc [0x000002a0e4067f20+0xbc]
J 1872 C1 java.util.stream.AbstractPipeline.evaluate(Ljava/util/stream/TerminalOp;)Ljava/lang/Object; (94 bytes) @ 0x000002a0e345b3d4 [0x000002a0e345b2e0+0xf4]
J 8169 C1 com.whitemagic2014.command.impl.group.EmptyStringCommand.executeHandle(Lnet/mamoe/mirai/contact/Member;Ljava/util/ArrayList;Lnet/mamoe/mirai/message/data/MessageChain;Lnet/mamoe/mirai/contact/Group;)Lnet/mamoe/mirai/message/data/Message; (281 bytes) @ 0x000002a0e40c99ac [0x000002a0e40c8ce0+0xccc]
J 9072 C1 com.whitemagic2014.command.impl.group.BaseGroupCommand.execute(Lnet/mamoe/mirai/contact/Member;Ljava/util/ArrayList;Lnet/mamoe/mirai/message/data/MessageChain;Lnet/mamoe/mirai/contact/Group;)Lnet/mamoe/mirai/message/data/Message; (135 bytes) @ 0x000002a0e433d7c4 [0x000002a0e433d6e0+0xe4]
J 9068 C1 com.whitemagic2014.events.CommandEvents.onGroupMessage(Lnet/mamoe/mirai/event/events/GroupMessageEvent;)Lnet/mamoe/mirai/event/ListeningStatus; (541 bytes) @ 0x000002a0e4335e7c [0x000002a0e4335060+0xe1c]
J 8219 C1 sun.reflect.GeneratedMethodAccessor43.invoke(Ljava/lang/Object;[Ljava/lang/Object;)Ljava/lang/Object; (65 bytes) @ 0x000002a0e40f2b14 [0x000002a0e40f2a40+0xd4]
J 2178 C1 sun.reflect.DelegatingMethodAccessorImpl.invoke(Ljava/lang/Object;[Ljava/lang/Object;)Ljava/lang/Object; (10 bytes) @ 0x000002a0e34d9784 [0x000002a0e34d9720+0x64]
J 2001 C1 java.lang.reflect.Method.invoke(Ljava/lang/Object;[Ljava/lang/Object;)Ljava/lang/Object; (62 bytes) @ 0x000002a0e349371c [0x000002a0e34935e0+0x13c]
J 7716 C1 net.mamoe.mirai.internal.event.JvmMethodListenersInternal.registerEventHandler$callMethod$invokeWithErrorReport(Ljava/lang/reflect/Method;Lnet/mamoe/mirai/event/Event;Ljava/lang/Object;[Ljava/lang/Object;)Ljava/lang/Object; (108 bytes) @ 0x000002a0e3fcc8dc [0x000002a0e3fcc860+0x7c]
J 7718 C1 net.mamoe.mirai.internal.event.JvmMethodListenersInternal$registerEventHandler$callMethod$2.invokeSuspend(Ljava/lang/Object;)Ljava/lang/Object; (71 bytes) @ 0x000002a0e3fce41c [0x000002a0e3fce260+0x1bc]
J 6397 C1 kotlin.coroutines.jvm.internal.BaseContinuationImpl.resumeWith(Ljava/lang/Object;)V (128 bytes) @ 0x000002a0e3d2199c [0x000002a0e3d21880+0x11c]
J 6540 C1 kotlinx.coroutines.DispatchedTask.run()V (571 bytes) @ 0x000002a0e3d65224 [0x000002a0e3d64e00+0x424]
J 7633 C1 kotlinx.coroutines.internal.LimitedDispatcher.run()V (170 bytes) @ 0x000002a0e3fa5364 [0x000002a0e3fa52a0+0xc4]
J 7632 C1 kotlinx.coroutines.scheduling.TaskImpl.run()V (35 bytes) @ 0x000002a0e3fa5e4c [0x000002a0e3fa5e00+0x4c]
J 7124 C1 kotlinx.coroutines.scheduling.CoroutineScheduler.runSafely(Lkotlinx/coroutines/scheduling/Task;)V (73 bytes) @ 0x000002a0e3ea728c [0x000002a0e3ea7240+0x4c]
J 6892 C1 kotlinx.coroutines.scheduling.CoroutineScheduler$Worker.executeTask(Lkotlinx/coroutines/scheduling/Task;)V (39 bytes) @ 0x000002a0e3e19fe4 [0x000002a0e3e19e80+0x164]
J 11083 C1 kotlinx.coroutines.scheduling.CoroutineScheduler$Worker.runWorker()V (118 bytes) @ 0x000002a0e4809544 [0x000002a0e4809380+0x1c4]
j  kotlinx.coroutines.scheduling.CoroutineScheduler$Worker.run()V+1
v  ~StubRoutines::call_stub

---------------  P R O C E S S  ---------------

Java Threads: ( => current thread )
  0x000002a24d77a800 JavaThread "Timer-1427" [_thread_blocked, id=19192, stack(0x000000e436600000,0x000000e436700000)]
  0x000002a24d77b800 JavaThread "OkHttp TaskRunner" daemon [_thread_blocked, id=32804, stack(0x000000e436500000,0x000000e436600000)]
  0x000002a24d77e800 JavaThread "Okio Watchdog" daemon [_thread_blocked, id=35208, stack(0x000000e436400000,0x000000e436500000)]
  0x000002a24d771800 JavaThread "OkHttp TaskRunner" daemon [_thread_blocked, id=26468, stack(0x000000e436300000,0x000000e436400000)]
  0x000002a24d777800 JavaThread "OkHttp TaskRunner" daemon [_thread_blocked, id=28932, stack(0x000000e436200000,0x000000e436300000)]
  0x000002a24d776000 JavaThread "OkHttp TaskRunner" daemon [_thread_blocked, id=31908, stack(0x000000e436100000,0x000000e436200000)]
  0x000002a24d775800 JavaThread "OkHttp TaskRunner" daemon [_thread_blocked, id=10608, stack(0x000000e436000000,0x000000e436100000)]
  0x000002a24d770000 JavaThread "OkHttp Dispatcher" [_thread_blocked, id=1828, stack(0x000000e435f00000,0x000000e436000000)]
  0x000002a24e459000 JavaThread "Keep-Alive-Timer" daemon [_thread_blocked, id=35544, stack(0x000000e435e00000,0x000000e435f00000)]
  0x000002a24e458800 JavaThread "nioEventLoopGroup-3-2" [_thread_in_native, id=22280, stack(0x000000e435d00000,0x000000e435e00000)]
  0x000002a24e457800 JavaThread "nioEventLoopGroup-3-1" [_thread_in_native, id=23188, stack(0x000000e435c00000,0x000000e435d00000)]
  0x000002a24e457000 JavaThread "DefaultDispatcher-worker-36" daemon [_thread_blocked, id=33308, stack(0x000000e435b00000,0x000000e435c00000)]
  0x000002a24e455800 JavaThread "DefaultDispatcher-worker-35" daemon [_thread_blocked, id=7252, stack(0x000000e435a00000,0x000000e435b00000)]
  0x000002a24e454800 JavaThread "DefaultDispatcher-worker-34" daemon [_thread_blocked, id=31420, stack(0x000000e435900000,0x000000e435a00000)]
  0x000002a24e44d000 JavaThread "DefaultDispatcher-worker-33" daemon [_thread_in_native, id=10640, stack(0x000000e435800000,0x000000e435900000)]
  0x000002a24e44c800 JavaThread "DefaultDispatcher-worker-32" daemon [_thread_blocked, id=38832, stack(0x000000e435700000,0x000000e435800000)]
  0x000002a24e453000 JavaThread "DefaultDispatcher-worker-31" daemon [_thread_blocked, id=27288, stack(0x000000e435600000,0x000000e435700000)]
  0x000002a24e450000 JavaThread "DefaultDispatcher-worker-30" daemon [_thread_blocked, id=37384, stack(0x000000e435500000,0x000000e435600000)]
  0x000002a24e451000 JavaThread "DefaultDispatcher-worker-29" daemon [_thread_blocked, id=5176, stack(0x000000e435400000,0x000000e435500000)]
  0x000002a24e44b000 JavaThread "DefaultDispatcher-worker-28" daemon [_thread_in_Java, id=7832, stack(0x000000e435300000,0x000000e435400000)]
  0x000002a24e451800 JavaThread "DefaultDispatcher-worker-27" daemon [_thread_blocked, id=35904, stack(0x000000e435200000,0x000000e435300000)]
  0x000002a24e44b800 JavaThread "DefaultDispatcher-worker-26" daemon [_thread_blocked, id=19388, stack(0x000000e435100000,0x000000e435200000)]
  0x000002a24e728000 JavaThread "DefaultDispatcher-worker-25" daemon [_thread_blocked, id=36252, stack(0x000000e435000000,0x000000e435100000)]
  0x000002a24e727800 JavaThread "DefaultDispatcher-worker-24" daemon [_thread_blocked, id=21760, stack(0x000000e434d00000,0x000000e434e00000)]
  0x000002a24e726800 JavaThread "DefaultDispatcher-worker-23" daemon [_thread_blocked, id=21508, stack(0x000000e434b00000,0x000000e434c00000)]
  0x000002a24e723000 JavaThread "DefaultDispatcher-worker-22" daemon [_thread_blocked, id=26252, stack(0x000000e434a00000,0x000000e434b00000)]
  0x000002a24e722000 JavaThread "DefaultDispatcher-worker-21" daemon [_thread_blocked, id=7924, stack(0x000000e434900000,0x000000e434a00000)]
  0x000002a24e725000 JavaThread "DefaultDispatcher-worker-20" daemon [_thread_blocked, id=38540, stack(0x000000e434700000,0x000000e434800000)]
  0x000002a24e726000 JavaThread "DefaultDispatcher-worker-19" daemon [_thread_blocked, id=10936, stack(0x000000e434600000,0x000000e434700000)]
  0x000002a24e71a800 JavaThread "DefaultDispatcher-worker-18" daemon [_thread_blocked, id=26332, stack(0x000000e434400000,0x000000e434500000)]
  0x000002a24e721800 JavaThread "DefaultDispatcher-worker-17" daemon [_thread_blocked, id=25172, stack(0x000000e433800000,0x000000e433900000)]
  0x000002a24e720800 JavaThread "DefaultDispatcher-worker-16" daemon [_thread_blocked, id=24616, stack(0x000000e432e00000,0x000000e432f00000)]
  0x000002a24e719000 JavaThread "DefaultDispatcher-worker-15" daemon [_thread_blocked, id=38248, stack(0x000000e432d00000,0x000000e432e00000)]
  0x000002a24e71e800 JavaThread "DefaultDispatcher-worker-14" daemon [_thread_blocked, id=31528, stack(0x000000e432c00000,0x000000e432d00000)]
  0x000002a24e720000 JavaThread "DefaultDispatcher-worker-13" daemon [_thread_blocked, id=7668, stack(0x000000e432b00000,0x000000e432c00000)]
  0x000002a24e71d800 JavaThread "DefaultDispatcher-worker-12" daemon [_thread_blocked, id=24456, stack(0x000000e432600000,0x000000e432700000)]
  0x000002a24e71a000 JavaThread "DefaultDispatcher-worker-11" daemon [_thread_blocked, id=31912, stack(0x000000e432400000,0x000000e432500000)]
  0x000002a24e71d000 JavaThread "DefaultDispatcher-worker-10" daemon [_thread_blocked, id=31820, stack(0x000000e432300000,0x000000e432400000)]
  0x000002a24e71c000 JavaThread "DefaultDispatcher-worker-9" daemon [_thread_blocked, id=25928, stack(0x000000e431c00000,0x000000e431d00000)]
  0x000002a24e71f000 JavaThread "OkHttp snowflake.qq.com" daemon [_thread_in_native, id=38748, stack(0x000000e432800000,0x000000e432900000)]
  0x000002a24e71b800 JavaThread "DefaultDispatcher-worker-1" daemon [_thread_blocked, id=38728, stack(0x000000e434e00000,0x000000e434f00000)]
  0x000002a24d77f000 JavaThread "DefaultDispatcher-worker-4" daemon [_thread_blocked, id=23460, stack(0x000000e433700000,0x000000e433800000)]
  0x000002a24d771000 JavaThread "DefaultDispatcher-worker-8" daemon [_thread_blocked, id=37924, stack(0x000000e432f00000,0x000000e433000000)]
=>0x000002a24d773000 JavaThread "DefaultDispatcher-worker-6" daemon [_thread_in_native, id=35652, stack(0x000000e432200000,0x000000e432300000)]
  0x000002a24d76f800 JavaThread "DefaultDispatcher-worker-3" daemon [_thread_blocked, id=9000, stack(0x000000e432000000,0x000000e432100000)]
  0x000002a24d774000 JavaThread "OkHttp ssl.htdata.qq.com" daemon [_thread_in_native, id=34908, stack(0x000000e434200000,0x000000e434300000)]
  0x000002a24e44e000 JavaThread "Keep-Alive-SocketCleaner" daemon [_thread_blocked, id=21560, stack(0x000000e434f00000,0x000000e435000000)]
  0x000002a24d778800 JavaThread "DefaultDispatcher-worker-7" daemon [_thread_blocked, id=36196, stack(0x000000e433600000,0x000000e433700000)]
  0x000002a24e724800 JavaThread "pool-225-thread-1" [_thread_blocked, id=37180, stack(0x000000e434500000,0x000000e434600000)]
  0x000002a24e723800 JavaThread "pool-232-thread-1" [_thread_blocked, id=27132, stack(0x000000e434300000,0x000000e434400000)]
  0x000002a24e456000 JavaThread "DefaultDispatcher-worker-5" daemon [_thread_blocked, id=30176, stack(0x000000e434c00000,0x000000e434d00000)]
  0x000002a082a4d800 JavaThread "DefaultDispatcher-worker-2" daemon [_thread_blocked, id=27848, stack(0x000000e434800000,0x000000e434900000)]
  0x000002a0820e6800 JavaThread "处理指令线程" [_thread_blocked, id=29260, stack(0x000000e433500000,0x000000e433600000)]
  0x000002a24e452800 JavaThread "处理指令线程" [_thread_blocked, id=28784, stack(0x000000e431d00000,0x000000e431e00000)]
  0x000002a24e449800 JavaThread "处理指令线程" [_thread_blocked, id=37948, stack(0x000000e430900000,0x000000e430a00000)]
  0x000002a0820e1800 JavaThread "Mirai ExternalResource Leak Observer Thread" daemon [_thread_blocked, id=34180, stack(0x000000e431b00000,0x000000e431c00000)]
  0x000002a082a50000 JavaThread "处理指令线程" [_thread_blocked, id=4836, stack(0x000000e432700000,0x000000e432800000)]
  0x000002a0820e3000 JavaThread "处理指令线程" [_thread_blocked, id=15004, stack(0x000000e42f100000,0x000000e42f200000)]
  0x000002a082a44000 JavaThread "Java2D Disposer" daemon [_thread_blocked, id=32228, stack(0x000000e42f000000,0x000000e42f100000)]
  0x000002a082a51800 JavaThread "nioEventLoopGroup-2-16" [_thread_in_native, id=27900, stack(0x000000e434100000,0x000000e434200000)]
  0x000002a082a44800 JavaThread "nioEventLoopGroup-2-15" [_thread_in_native, id=34572, stack(0x000000e434000000,0x000000e434100000)]
  0x000002a082a4b800 JavaThread "nioEventLoopGroup-2-14" [_thread_in_native, id=27664, stack(0x000000e433f00000,0x000000e434000000)]
  0x000002a082a48800 JavaThread "nioEventLoopGroup-2-13" [_thread_in_native, id=27568, stack(0x000000e433e00000,0x000000e433f00000)]
  0x000002a082a49000 JavaThread "magicTimer" daemon [_thread_blocked, id=28664, stack(0x000000e433d00000,0x000000e433e00000)]
  0x000002a082a47800 JavaThread "nioEventLoopGroup-2-12" [_thread_in_native, id=12868, stack(0x000000e433c00000,0x000000e433d00000)]
  0x000002a082a46000 JavaThread "nioEventLoopGroup-2-11" [_thread_in_native, id=29908, stack(0x000000e433b00000,0x000000e433c00000)]
  0x000002a082a4a000 JavaThread "nioEventLoopGroup-2-10" [_thread_in_native, id=24544, stack(0x000000e433a00000,0x000000e433b00000)]
  0x000002a082a4a800 JavaThread "nioEventLoopGroup-2-9" [_thread_in_native, id=33616, stack(0x000000e433900000,0x000000e433a00000)]
  0x000002a082a42800 JavaThread "DestroyJavaVM" [_thread_blocked, id=35396, stack(0x000000e42f200000,0x000000e42f300000)]
  0x000002a082a43000 JavaThread "Thread-207" [_thread_blocked, id=19344, stack(0x000000e433400000,0x000000e433500000)]
  0x000002a082a47000 JavaThread "nioEventLoopGroup-2-8" [_thread_in_native, id=33988, stack(0x000000e433300000,0x000000e433400000)]
  0x000002a0820ec800 JavaThread "nioEventLoopGroup-2-7" [_thread_in_native, id=26204, stack(0x000000e433200000,0x000000e433300000)]
  0x000002a0820ec000 JavaThread "nioEventLoopGroup-2-6" [_thread_in_native, id=37216, stack(0x000000e433100000,0x000000e433200000)]
  0x000002a0820eb000 JavaThread "nioEventLoopGroup-2-5" [_thread_in_native, id=26736, stack(0x000000e433000000,0x000000e433100000)]
  0x000002a0820e2000 JavaThread "nioEventLoopGroup-2-4" [_thread_in_native, id=24516, stack(0x000000e432a00000,0x000000e432b00000)]
  0x000002a0820e9000 JavaThread "nioEventLoopGroup-2-3" [_thread_in_native, id=29496, stack(0x000000e432900000,0x000000e432a00000)]
  0x000002a0820e8000 JavaThread "kotlinx.coroutines.DefaultExecutor" daemon [_thread_blocked, id=7548, stack(0x000000e432100000,0x000000e432200000)]
  0x000002a0820e6000 JavaThread "nioEventLoopGroup-2-2" [_thread_in_native, id=37092, stack(0x000000e431f00000,0x000000e432000000)]
  0x000002a0820e0000 JavaThread "nioEventLoopGroup-2-1" [_thread_in_native, id=26992, stack(0x000000e431e00000,0x000000e431f00000)]
  0x000002a081cc5800 JavaThread "http-nio-28282-Acceptor" daemon [_thread_in_native, id=34276, stack(0x000000e431a00000,0x000000e431b00000)]
  0x000002a081cc4800 JavaThread "http-nio-28282-ClientPoller" daemon [_thread_in_native, id=7628, stack(0x000000e431900000,0x000000e431a00000)]
  0x000002a081cc0000 JavaThread "http-nio-28282-exec-10" daemon [_thread_blocked, id=5824, stack(0x000000e431800000,0x000000e431900000)]
  0x000002a081cc1800 JavaThread "http-nio-28282-exec-9" daemon [_thread_blocked, id=28780, stack(0x000000e431700000,0x000000e431800000)]
  0x000002a081cc2000 JavaThread "http-nio-28282-exec-8" daemon [_thread_blocked, id=6896, stack(0x000000e431600000,0x000000e431700000)]
  0x000002a081cc4000 JavaThread "http-nio-28282-exec-7" daemon [_thread_blocked, id=8988, stack(0x000000e431500000,0x000000e431600000)]
  0x000002a081cc0800 JavaThread "http-nio-28282-exec-6" daemon [_thread_blocked, id=12264, stack(0x000000e431400000,0x000000e431500000)]
  0x000002a081cc6000 JavaThread "http-nio-28282-exec-5" daemon [_thread_blocked, id=34288, stack(0x000000e431300000,0x000000e431400000)]
  0x000002a081cc3000 JavaThread "http-nio-28282-exec-4" daemon [_thread_blocked, id=10056, stack(0x000000e431200000,0x000000e431300000)]
  0x000002a081cbe800 JavaThread "http-nio-28282-exec-3" daemon [_thread_blocked, id=16152, stack(0x000000e431100000,0x000000e431200000)]
  0x000002a081cbd800 JavaThread "http-nio-28282-exec-2" daemon [_thread_blocked, id=23032, stack(0x000000e431000000,0x000000e431100000)]
  0x000002a081cbb000 JavaThread "http-nio-28282-exec-1" daemon [_thread_blocked, id=27576, stack(0x000000e430f00000,0x000000e431000000)]
  0x000002a081cba800 JavaThread "http-nio-28282-BlockPoller" daemon [_thread_in_native, id=35784, stack(0x000000e430e00000,0x000000e430f00000)]
  0x000002a0ff5c7000 JavaThread "container-0" [_thread_blocked, id=29752, stack(0x000000e430d00000,0x000000e430e00000)]
  0x000002a0ff5c6800 JavaThread "Catalina-utility-2" [_thread_blocked, id=17608, stack(0x000000e430c00000,0x000000e430d00000)]
  0x000002a0ff5c5800 JavaThread "Catalina-utility-1" [_thread_blocked, id=23488, stack(0x000000e430b00000,0x000000e430c00000)]
  0x000002a0ff469000 JavaThread "RMI Scheduler(0)" daemon [_thread_blocked, id=28044, stack(0x000000e430a00000,0x000000e430b00000)]
  0x000002a0feb4e800 JavaThread "RMI TCP Accept-0" daemon [_thread_in_native, id=33016, stack(0x000000e430700000,0x000000e430800000)]
  0x000002a0fe88d000 JavaThread "Service Thread" daemon [_thread_blocked, id=32320, stack(0x000000e430600000,0x000000e430700000)]
  0x000002a0fe7dc800 JavaThread "C1 CompilerThread3" daemon [_thread_blocked, id=27328, stack(0x000000e430500000,0x000000e430600000)]
  0x000002a0fe7dc000 JavaThread "C2 CompilerThread2" daemon [_thread_blocked, id=23720, stack(0x000000e430400000,0x000000e430500000)]
  0x000002a0fe7d9000 JavaThread "C2 CompilerThread1" daemon [_thread_blocked, id=19612, stack(0x000000e430300000,0x000000e430400000)]
  0x000002a0fe7bb000 JavaThread "C2 CompilerThread0" daemon [_thread_blocked, id=27620, stack(0x000000e430200000,0x000000e430300000)]
  0x000002a08005d800 JavaThread "JDWP Command Reader" daemon [_thread_in_native, id=11540, stack(0x000000e430100000,0x000000e430200000)]
  0x000002a08004f800 JavaThread "JDWP Event Helper Thread" daemon [_thread_blocked, id=38560, stack(0x000000e430000000,0x000000e430100000)]
  0x000002a08004d800 JavaThread "JDWP Transport Listener: dt_socket" daemon [_thread_blocked, id=28268, stack(0x000000e42ff00000,0x000000e430000000)]
  0x000002a0fc3f1800 JavaThread "Attach Listener" daemon [_thread_blocked, id=30924, stack(0x000000e42fe00000,0x000000e42ff00000)]
  0x000002a0fc3dc000 JavaThread "Signal Dispatcher" daemon [_thread_blocked, id=32652, stack(0x000000e42ef00000,0x000000e42f000000)]
  0x000002a0fc3be800 JavaThread "Finalizer" daemon [_thread_blocked, id=27300, stack(0x000000e42fd00000,0x000000e42fe00000)]
  0x000002a0fc3b9800 JavaThread "Reference Handler" daemon [_thread_blocked, id=35252, stack(0x000000e42fc00000,0x000000e42fd00000)]

Other Threads:
  0x000002a0fc38a800 VMThread [stack: 0x000000e42fb00000,0x000000e42fc00000] [id=30424]
  0x000002a0feb6a800 WatcherThread [stack: 0x000000e430800000,0x000000e430900000] [id=23700]

VM state:not at safepoint (normal execution)

VM Mutex/Monitor currently owned by a thread: None

heap address: 0x00000006c4200000, size: 4030 MB, Compressed Oops mode: Zero based, Oop shift amount: 3
Narrow klass base: 0x0000000000000000, Narrow klass shift: 3
Compressed class space size: 1073741824 Address: 0x00000007c0000000

Heap:
 PSYoungGen      total 252416K, used 60174K [0x000000076c100000, 0x000000077df80000, 0x00000007c0000000)
  eden space 218112K, 16% used [0x000000076c100000,0x000000076e3d4c28,0x0000000779600000)
  from space 34304K, 71% used [0x0000000779600000,0x000000077adeeee0,0x000000077b780000)
  to   space 37376K, 0% used [0x000000077bb00000,0x000000077bb00000,0x000000077df80000)
 ParOldGen       total 438784K, used 176907K [0x00000006c4200000, 0x00000006dee80000, 0x000000076c100000)
  object space 438784K, 40% used [0x00000006c4200000,0x00000006ceec2e70,0x00000006dee80000)
 Metaspace       used 77719K, capacity 80152K, committed 80600K, reserved 1120256K
  class space    used 9714K, capacity 10134K, committed 10240K, reserved 1048576K

Card table byte_map: [0x000002a0f23f0000,0x000002a0f2bd0000] byte_map_base: 0x000002a0eedcf000

Marking Bits: (ParMarkBitMap*) 0x000000005ce94fb0
 Begin Bits: [0x000002a0f3110000, 0x000002a0f7008000)
 End Bits:   [0x000002a0f7008000, 0x000002a0faf00000)

Polling page: 0x000002a0e2a80000

CodeCache: size=245760Kb used=27914Kb max_used=27914Kb free=217845Kb
 bounds [0x000002a0e3030000, 0x000002a0e4b80000, 0x000002a0f2030000]
 total_blobs=13304 nmethods=12219 adapters=1003
 compilation: enabled

Compilation events (10 events):
Event: 41912.725 Thread 0x000002a0fe7dc800 12404   !   1       sun.security.x509.CertificateExtensions::parseExtension (286 bytes)
Event: 41912.728 Thread 0x000002a0fe7dc800 nmethod 12404 0x000002a0e4b71810 code [0x000002a0e4b71ae0, 0x000002a0e4b726e0]
Event: 41912.729 Thread 0x000002a0fe7dc800 12405       1       sun.security.x509.OIDMap::getClass (26 bytes)
Event: 41912.729 Thread 0x000002a0fe7dc800 nmethod 12405 0x000002a0e4b73750 code [0x000002a0e4b738e0, 0x000002a0e4b73b10]
Event: 41912.731 Thread 0x000002a0fe7dc800 12406       1       sun.security.rsa.RSAPSSSignature::ensureInit (51 bytes)
Event: 41912.731 Thread 0x000002a0fe7dc800 nmethod 12406 0x000002a0e4b73cd0 code [0x000002a0e4b73e60, 0x000002a0e4b74100]
Event: 41912.768 Thread 0x000002a0fe7dc800 12407       1       net.mamoe.mirai.internal.deps.okhttp3.internal.http2.Http2Connection::getStreams$okhttp (5 bytes)
Event: 41912.769 Thread 0x000002a0fe7dc800 nmethod 12407 0x000002a0e4b74250 code [0x000002a0e4b743a0, 0x000002a0e4b744b8]
Event: 41912.804 Thread 0x000002a0fe7dc800 12408   !   1       net.mamoe.mirai.internal.deps.okhttp3.internal.concurrent.TaskQueue::schedule (190 bytes)
Event: 41912.807 Thread 0x000002a0fe7dc800 nmethod 12408 0x000002a0e4b74510 code [0x000002a0e4b74720, 0x000002a0e4b74ff0]

GC Heap History (10 events):
Event: 41259.555 GC heap before
{Heap before GC invocations=49 (full 4):
 PSYoungGen      total 251904K, used 218489K [0x000000076c100000, 0x000000077db00000, 0x00000007c0000000)
  eden space 217088K, 99% used [0x000000076c100000,0x00000007794fe618,0x0000000779500000)
  from space 34816K, 4% used [0x000000077b900000,0x000000077ba60000,0x000000077db00000)
  to   space 35840K, 0% used [0x0000000779500000,0x0000000779500000,0x000000077b800000)
 ParOldGen       total 438784K, used 176675K [0x00000006c4200000, 0x00000006dee80000, 0x000000076c100000)
  object space 438784K, 40% used [0x00000006c4200000,0x00000006cee88e60,0x00000006dee80000)
 Metaspace       used 77503K, capacity 79936K, committed 80600K, reserved 1120256K
  class space    used 9687K, capacity 10092K, committed 10240K, reserved 1048576K
Event: 41259.570 GC heap after
Heap after GC invocations=49 (full 4):
 PSYoungGen      total 218624K, used 1152K [0x000000076c100000, 0x000000077d980000, 0x00000007c0000000)
  eden space 217088K, 0% used [0x000000076c100000,0x000000076c100000,0x0000000779500000)
  from space 1536K, 75% used [0x0000000779500000,0x0000000779620000,0x0000000779680000)
  to   space 34816K, 0% used [0x000000077b780000,0x000000077b780000,0x000000077d980000)
 ParOldGen       total 438784K, used 176715K [0x00000006c4200000, 0x00000006dee80000, 0x000000076c100000)
  object space 438784K, 40% used [0x00000006c4200000,0x00000006cee92e60,0x00000006dee80000)
 Metaspace       used 77503K, capacity 79936K, committed 80600K, reserved 1120256K
  class space    used 9687K, capacity 10092K, committed 10240K, reserved 1048576K
}
Event: 41289.732 GC heap before
{Heap before GC invocations=50 (full 4):
 PSYoungGen      total 218624K, used 218233K [0x000000076c100000, 0x000000077d980000, 0x00000007c0000000)
  eden space 217088K, 99% used [0x000000076c100000,0x00000007794fe508,0x0000000779500000)
  from space 1536K, 75% used [0x0000000779500000,0x0000000779620000,0x0000000779680000)
  to   space 34816K, 0% used [0x000000077b780000,0x000000077b780000,0x000000077d980000)
 ParOldGen       total 438784K, used 176715K [0x00000006c4200000, 0x00000006dee80000, 0x000000076c100000)
  object space 438784K, 40% used [0x00000006c4200000,0x00000006cee92e60,0x00000006dee80000)
 Metaspace       used 77548K, capacity 79986K, committed 80600K, reserved 1120256K
  class space    used 9694K, capacity 10101K, committed 10240K, reserved 1048576K
Event: 41289.736 GC heap after
Heap after GC invocations=50 (full 4):
 PSYoungGen      total 250368K, used 800K [0x000000076c100000, 0x000000077d780000, 0x00000007c0000000)
  eden space 217600K, 0% used [0x000000076c100000,0x000000076c100000,0x0000000779580000)
  from space 32768K, 2% used [0x000000077b780000,0x000000077b848000,0x000000077d780000)
  to   space 33792K, 0% used [0x0000000779580000,0x0000000779580000,0x000000077b680000)
 ParOldGen       total 438784K, used 176763K [0x00000006c4200000, 0x00000006dee80000, 0x000000076c100000)
  object space 438784K, 40% used [0x00000006c4200000,0x00000006cee9ee60,0x00000006dee80000)
 Metaspace       used 77548K, capacity 79986K, committed 80600K, reserved 1120256K
  class space    used 9694K, capacity 10101K, committed 10240K, reserved 1048576K
}
Event: 41440.106 GC heap before
{Heap before GC invocations=51 (full 4):
 PSYoungGen      total 250368K, used 218400K [0x000000076c100000, 0x000000077d780000, 0x00000007c0000000)
  eden space 217600K, 100% used [0x000000076c100000,0x0000000779580000,0x0000000779580000)
  from space 32768K, 2% used [0x000000077b780000,0x000000077b848000,0x000000077d780000)
  to   space 33792K, 0% used [0x0000000779580000,0x0000000779580000,0x000000077b680000)
 ParOldGen       total 438784K, used 176763K [0x00000006c4200000, 0x00000006dee80000, 0x000000076c100000)
  object space 438784K, 40% used [0x00000006c4200000,0x00000006cee9ee60,0x00000006dee80000)
 Metaspace       used 77647K, capacity 80146K, committed 80600K, reserved 1120256K
  class space    used 9704K, capacity 10133K, committed 10240K, reserved 1048576K
Event: 41440.128 GC heap after
Heap after GC invocations=51 (full 4):
 PSYoungGen      total 251392K, used 18985K [0x000000076c100000, 0x000000077db00000, 0x00000007c0000000)
  eden space 217600K, 0% used [0x000000076c100000,0x000000076c100000,0x0000000779580000)
  from space 33792K, 56% used [0x0000000779580000,0x000000077a80a790,0x000000077b680000)
  to   space 35328K, 0% used [0x000000077b880000,0x000000077b880000,0x000000077db00000)
 ParOldGen       total 438784K, used 176803K [0x00000006c4200000, 0x00000006dee80000, 0x000000076c100000)
  object space 438784K, 40% used [0x00000006c4200000,0x00000006ceea8e60,0x00000006dee80000)
 Metaspace       used 77647K, capacity 80146K, committed 80600K, reserved 1120256K
  class space    used 9704K, capacity 10133K, committed 10240K, reserved 1048576K
}
Event: 41749.755 GC heap before
{Heap before GC invocations=52 (full 4):
 PSYoungGen      total 251392K, used 236585K [0x000000076c100000, 0x000000077db00000, 0x00000007c0000000)
  eden space 217600K, 100% used [0x000000076c100000,0x0000000779580000,0x0000000779580000)
  from space 33792K, 56% used [0x0000000779580000,0x000000077a80a790,0x000000077b680000)
  to   space 35328K, 0% used [0x000000077b880000,0x000000077b880000,0x000000077db00000)
 ParOldGen       total 438784K, used 176803K [0x00000006c4200000, 0x00000006dee80000, 0x000000076c100000)
  object space 438784K, 40% used [0x00000006c4200000,0x00000006ceea8e60,0x00000006dee80000)
 Metaspace       used 77647K, capacity 80146K, committed 80600K, reserved 1120256K
  class space    used 9704K, capacity 10133K, committed 10240K, reserved 1048576K
Event: 41749.758 GC heap after
Heap after GC invocations=52 (full 4):
 PSYoungGen      total 251392K, used 1313K [0x000000076c100000, 0x000000077d900000, 0x00000007c0000000)
  eden space 218112K, 0% used [0x000000076c100000,0x000000076c100000,0x0000000779600000)
  from space 33280K, 3% used [0x000000077b880000,0x000000077b9c86f8,0x000000077d900000)
  to   space 34304K, 0% used [0x0000000779600000,0x0000000779600000,0x000000077b780000)
 ParOldGen       total 438784K, used 176851K [0x00000006c4200000, 0x00000006dee80000, 0x000000076c100000)
  object space 438784K, 40% used [0x00000006c4200000,0x00000006ceeb4e70,0x00000006dee80000)
 Metaspace       used 77647K, capacity 80146K, committed 80600K, reserved 1120256K
  class space    used 9704K, capacity 10133K, committed 10240K, reserved 1048576K
}
Event: 41912.874 GC heap before
{Heap before GC invocations=53 (full 4):
 PSYoungGen      total 251392K, used 219423K [0x000000076c100000, 0x000000077d900000, 0x00000007c0000000)
  eden space 218112K, 99% used [0x000000076c100000,0x00000007795ff8a8,0x0000000779600000)
  from space 33280K, 3% used [0x000000077b880000,0x000000077b9c86f8,0x000000077d900000)
  to   space 34304K, 0% used [0x0000000779600000,0x0000000779600000,0x000000077b780000)
 ParOldGen       total 438784K, used 176851K [0x00000006c4200000, 0x00000006dee80000, 0x000000076c100000)
  object space 438784K, 40% used [0x00000006c4200000,0x00000006ceeb4e70,0x00000006dee80000)
 Metaspace       used 77719K, capacity 80152K, committed 80600K, reserved 1120256K
  class space    used 9714K, capacity 10134K, committed 10240K, reserved 1048576K
Event: 41912.917 GC heap after
Heap after GC invocations=53 (full 4):
 PSYoungGen      total 252416K, used 24507K [0x000000076c100000, 0x000000077df80000, 0x00000007c0000000)
  eden space 218112K, 0% used [0x000000076c100000,0x000000076c100000,0x0000000779600000)
  from space 34304K, 71% used [0x0000000779600000,0x000000077adeeee0,0x000000077b780000)
  to   space 37376K, 0% used [0x000000077bb00000,0x000000077bb00000,0x000000077df80000)
 ParOldGen       total 438784K, used 176907K [0x00000006c4200000, 0x00000006dee80000, 0x000000076c100000)
  object space 438784K, 40% used [0x00000006c4200000,0x00000006ceec2e70,0x00000006dee80000)
 Metaspace       used 77719K, capacity 80152K, committed 80600K, reserved 1120256K
  class space    used 9714K, capacity 10134K, committed 10240K, reserved 1048576K
}

Deoptimization events (0 events):
No events

Classes redefined (0 events):
No events

Internal exceptions (10 events):
Event: 40817.256 Thread 0x000002a24e71b800 Exception <a 'sun/net/ConnectionResetException': > (0x000000076c6a22a8) thrown at [C:\jenkins\workspace\8-2-build-windows-amd64-cygwin\jdk8u261\295\hotspot\src\share\vm\prims\jni.cpp, line 737]
Event: 40817.291 Thread 0x000002a24e71e800 Exception <a 'sun/net/ConnectionResetException': > (0x000000076c70ffa8) thrown at [C:\jenkins\workspace\8-2-build-windows-amd64-cygwin\jdk8u261\295\hotspot\src\share\vm\prims\jni.cpp, line 737]
Event: 40817.291 Thread 0x000002a24e719000 Exception <a 'sun/net/ConnectionResetException': > (0x000000076c722b10) thrown at [C:\jenkins\workspace\8-2-build-windows-amd64-cygwin\jdk8u261\295\hotspot\src\share\vm\prims\jni.cpp, line 737]
Event: 40817.291 Thread 0x000002a24e719000 Exception <a 'sun/net/ConnectionResetException': > (0x000000076c722d40) thrown at [C:\jenkins\workspace\8-2-build-windows-amd64-cygwin\jdk8u261\295\hotspot\src\share\vm\prims\jni.cpp, line 737]
Event: 40817.291 Thread 0x000002a24e71e800 Exception <a 'sun/net/ConnectionResetException': > (0x000000076c7101d8) thrown at [C:\jenkins\workspace\8-2-build-windows-amd64-cygwin\jdk8u261\295\hotspot\src\share\vm\prims\jni.cpp, line 737]
Event: 41259.636 Thread 0x000002a24e721800 Exception <a 'java/lang/NoSuchMethodError': java.lang.Object.lambda$comparingInt$7b0bb60$1(Ljava/util/function/ToIntFunction;Ljava/lang/Object;Ljava/lang/Object;)I> (0x000000076c7b0058) thrown at [C:\jenkins\workspace\8-2-build-windows-amd64-cygwin\jdk8u2
Event: 41599.815 Thread 0x000002a24e71b800 Exception <a 'java/lang/ArrayIndexOutOfBoundsException'> (0x0000000777f3fb40) thrown at [C:\jenkins\workspace\8-2-build-windows-amd64-cygwin\jdk8u261\295\hotspot\src\share\vm\runtime\sharedRuntime.cpp, line 605]
Event: 41770.994 Thread 0x000002a24d778800 Exception <a 'java/lang/ArrayIndexOutOfBoundsException'> (0x000000076c6ae5b0) thrown at [C:\jenkins\workspace\8-2-build-windows-amd64-cygwin\jdk8u261\295\hotspot\src\share\vm\runtime\sharedRuntime.cpp, line 605]
Event: 41912.532 Thread 0x000002a24d76f800 Exception <a 'java/lang/ArrayIndexOutOfBoundsException'> (0x0000000770a0eb20) thrown at [C:\jenkins\workspace\8-2-build-windows-amd64-cygwin\jdk8u261\295\hotspot\src\share\vm\runtime\sharedRuntime.cpp, line 605]
Event: 41912.562 Thread 0x000002a24e720000 Exception <a 'java/lang/ArrayIndexOutOfBoundsException'> (0x00000007706e9798) thrown at [C:\jenkins\workspace\8-2-build-windows-amd64-cygwin\jdk8u261\295\hotspot\src\share\vm\runtime\sharedRuntime.cpp, line 605]

Events (10 events):
Event: 41912.917 Executing VM operation: ParallelGCFailedAllocation done
Event: 41912.917 Executing VM operation: RevokeBias
Event: 41912.919 Executing VM operation: RevokeBias done
Event: 41912.919 Executing VM operation: RevokeBias
Event: 41912.920 Executing VM operation: RevokeBias done
Event: 41912.920 Executing VM operation: RevokeBias
Event: 41912.921 Executing VM operation: RevokeBias done
Event: 41912.921 Executing VM operation: RevokeBias
Event: 41912.921 Executing VM operation: RevokeBias done
Event: 41912.977 Thread 0x000002a24d77a800 Thread added: 0x000002a24d77a800


Dynamic libraries:
0x00007ff6f1a40000 - 0x00007ff6f1a87000 	D:\Java\Java\jdk1.8\bin\java.exe
0x00007ffd0dc30000 - 0x00007ffd0de1e000 	C:\Windows\SYSTEM32\ntdll.dll
0x00007ffd0d410000 - 0x00007ffd0d4c3000 	C:\Windows\System32\KERNEL32.DLL
0x00007ffd0a620000 - 0x00007ffd0a8bd000 	C:\Windows\System32\KERNELBASE.dll
0x00007ffd0ccd0000 - 0x00007ffd0cd77000 	C:\Windows\System32\ADVAPI32.dll
0x00007ffd0af10000 - 0x00007ffd0afae000 	C:\Windows\System32\msvcrt.dll
0x00007ffd0afb0000 - 0x00007ffd0b04f000 	C:\Windows\System32\sechost.dll
0x00007ffd0b550000 - 0x00007ffd0b66d000 	C:\Windows\System32\RPCRT4.dll
0x00007ffd0d530000 - 0x00007ffd0d6c8000 	C:\Windows\System32\USER32.dll
0x00007ffd0a5b0000 - 0x00007ffd0a5d0000 	C:\Windows\System32\win32u.dll
0x00007ffd0dba0000 - 0x00007ffd0dbc9000 	C:\Windows\System32\GDI32.dll
0x00007ffd0a8c0000 - 0x00007ffd0aa60000 	C:\Windows\System32\gdi32full.dll
0x00007ffd0ab60000 - 0x00007ffd0ac00000 	C:\Windows\System32\msvcp_win.dll
0x00007ffd0aa60000 - 0x00007ffd0ab5a000 	C:\Windows\System32\ucrtbase.dll
0x00007ffcf3f00000 - 0x00007ffcf4179000 	C:\Windows\WinSxS\amd64_microsoft.windows.common-controls_6595b64144ccf1df_6.0.17763.3887_none_de7547fe5347b868\COMCTL32.dll
0x00007ffd0d800000 - 0x00007ffd0db2c000 	C:\Windows\System32\combase.dll
0x00007ffd0a520000 - 0x00007ffd0a5a2000 	C:\Windows\System32\bcryptPrimitives.dll
0x00007ffd0dbd0000 - 0x00007ffd0dbfe000 	C:\Windows\System32\IMM32.DLL
0x00007ffcffbd0000 - 0x00007ffcffbe5000 	D:\Java\Java\jdk1.8\jre\bin\vcruntime140.dll
0x00007ffd04bc0000 - 0x00007ffd04c2d000 	C:\Windows\LVUAAgentInstBaseRoot\system32\Vozokopot.dll
0x00007ffcffb30000 - 0x00007ffcffbcb000 	D:\Java\Java\jdk1.8\jre\bin\msvcp140.dll
0x000000005c6a0000 - 0x000000005cf0c000 	D:\Java\Java\jdk1.8\jre\bin\server\jvm.dll
0x00007ffd0db90000 - 0x00007ffd0db98000 	C:\Windows\System32\PSAPI.DLL
0x00007ffcf5000000 - 0x00007ffcf5009000 	C:\Windows\SYSTEM32\WSOCK32.dll
0x00007ffd0b6d0000 - 0x00007ffd0b73d000 	C:\Windows\System32\WS2_32.dll
0x00007ffd03df0000 - 0x00007ffd03e14000 	C:\Windows\SYSTEM32\WINMM.dll
0x00007ffcfab20000 - 0x00007ffcfab2a000 	C:\Windows\SYSTEM32\VERSION.dll
0x00007ffd03dc0000 - 0x00007ffd03ded000 	C:\Windows\SYSTEM32\WINMMBASE.dll
0x00007ffd09cd0000 - 0x00007ffd09d1a000 	C:\Windows\System32\cfgmgr32.dll
0x00007ffcf4230000 - 0x00007ffcf4838000 	C:\Windows\LVUAAgentInstBaseRoot\system32\MozartBreathCore.dll
0x00007ffd0d6d0000 - 0x00007ffd0d7f6000 	C:\Windows\System32\COMDLG32.dll
0x00007ffd0b4a0000 - 0x00007ffd0b547000 	C:\Windows\System32\shcore.dll
0x00007ffd0d4d0000 - 0x00007ffd0d522000 	C:\Windows\System32\SHLWAPI.dll
0x00007ffd0b7d0000 - 0x00007ffd0ccc8000 	C:\Windows\System32\SHELL32.dll
0x00007ffd09d20000 - 0x00007ffd0a469000 	C:\Windows\System32\windows.storage.dll
0x00007ffd09c00000 - 0x00007ffd09c23000 	C:\Windows\System32\profapi.dll
0x00007ffd09c70000 - 0x00007ffd09ccd000 	C:\Windows\System32\powrprof.dll
0x00007ffd09c30000 - 0x00007ffd09c41000 	C:\Windows\System32\kernel.appcore.dll
0x00007ffd0a600000 - 0x00007ffd0a61b000 	C:\Windows\System32\cryptsp.dll
0x00007ffd0b120000 - 0x00007ffd0b276000 	C:\Windows\System32\ole32.dll
0x00007ffd0b050000 - 0x00007ffd0b114000 	C:\Windows\System32\OLEAUT32.dll
0x00007ffd08240000 - 0x00007ffd08253000 	C:\Windows\SYSTEM32\WTSAPI32.dll
0x00007ffcf5f80000 - 0x00007ffcf5f9b000 	C:\Windows\SYSTEM32\MPR.dll
0x00007ffd09160000 - 0x00007ffd09226000 	C:\Windows\SYSTEM32\DNSAPI.dll
0x00007ffd0b740000 - 0x00007ffd0b748000 	C:\Windows\System32\NSI.dll
0x00007ffcf5010000 - 0x00007ffcf509f000 	C:\Windows\SYSTEM32\WINSPOOL.DRV
0x00007ffd0a5d0000 - 0x00007ffd0a5f6000 	C:\Windows\System32\bcrypt.dll
0x00007ffd08270000 - 0x00007ffd08419000 	C:\Windows\SYSTEM32\PROPSYS.dll
0x00007ffd09120000 - 0x00007ffd0915d000 	C:\Windows\SYSTEM32\IPHLPAPI.DLL
0x00007ffcf4fe0000 - 0x00007ffcf4ffe000 	C:\Windows\LVUAAgentInstBaseRoot\system32\MozartBreathFw.dll
0x00007ffcffb20000 - 0x00007ffcffb30000 	D:\Java\Java\jdk1.8\jre\bin\verify.dll
0x00007ffcf3a50000 - 0x00007ffcf3a9b000 	C:\Windows\LVUAAgentInstBaseRoot\system32\MozartBreathFile.dll
0x00007ffcf7380000 - 0x00007ffcf73ab000 	D:\Java\Java\jdk1.8\jre\bin\java.dll
0x00007ffcf3850000 - 0x00007ffcf3a44000 	C:\Windows\LVUAAgentInstBaseRoot\system32\MozartBreathProcess.dll
0x00007ffd0ac00000 - 0x00007ffd0adf5000 	C:\Windows\System32\CRYPT32.dll
0x00007ffd09c50000 - 0x00007ffd09c62000 	C:\Windows\System32\MSASN1.dll
0x00007ffcf3800000 - 0x00007ffcf3850000 	C:\Windows\LVUAAgentInstBaseRoot\system32\MozartBreathBolo2.dll
0x00007ffcf4e10000 - 0x00007ffcf4e1e000 	C:\Windows\LVUAAgentInstBaseRoot\system32\MozartBreathBurn.dll
0x00007ffcf4df0000 - 0x00007ffcf4e02000 	C:\Windows\LVUAAgentInstBaseRoot\system32\MozartBreathProtect.dll
0x00007ffce5e80000 - 0x00007ffce5eb6000 	D:\Java\Java\jdk1.8\jre\bin\jdwp.dll
0x00007ffcf2cb0000 - 0x00007ffcf2cb9000 	D:\Java\Java\jdk1.8\jre\bin\npt.dll
0x00007ffce1110000 - 0x00007ffce1142000 	D:\Java\Java\jdk1.8\jre\bin\instrument.dll
0x00007ffcfbe40000 - 0x00007ffcfbe58000 	D:\Java\Java\jdk1.8\jre\bin\zip.dll
0x00007ffcf2ca0000 - 0x00007ffcf2caa000 	D:\Java\Java\jdk1.8\jre\bin\dt_socket.dll
0x00007ffd09400000 - 0x00007ffd09467000 	C:\Windows\system32\mswsock.dll
0x00007ffce7210000 - 0x00007ffce722c000 	D:\Java\Java\jdk1.8\jre\bin\net.dll
0x00007ffce6e40000 - 0x00007ffce6e6f000 	C:\Program Files (x86)\Sangfor\SSL\ClientComponent\SangforNspX64.dll
0x00007ffcf9520000 - 0x00007ffcf952a000 	C:\Windows\SYSTEM32\rasadhlp.dll
0x00007ffd02260000 - 0x00007ffd022d9000 	C:\Windows\System32\fwpuclnt.dll
0x00007ffcf7450000 - 0x00007ffcf745d000 	D:\Java\Java\jdk1.8\jre\bin\management.dll
0x00007ffce0550000 - 0x00007ffce0563000 	D:\Java\Java\jdk1.8\jre\bin\nio.dll
0x00007ffd08f90000 - 0x00007ffd08fc3000 	C:\Windows\system32\rsaenh.dll
0x00007ffd09b00000 - 0x00007ffd09b29000 	C:\Windows\SYSTEM32\USERENV.dll
0x00007ffd09580000 - 0x00007ffd0958c000 	C:\Windows\SYSTEM32\CRYPTBASE.dll
0x00007ffd02560000 - 0x00007ffd02576000 	C:\Windows\SYSTEM32\dhcpcsvc6.DLL
0x00007ffd02540000 - 0x00007ffd0255c000 	C:\Windows\SYSTEM32\dhcpcsvc.DLL
0x00007ffce6eb0000 - 0x00007ffce6ec6000 	C:\Windows\system32\napinsp.dll
0x00007ffce6e20000 - 0x00007ffce6e3a000 	C:\Windows\system32\pnrpnsp.dll
0x00007ffcec310000 - 0x00007ffcec31e000 	C:\Windows\System32\winrnr.dll
0x00007ffcfea40000 - 0x00007ffcfea5b000 	C:\Windows\system32\NLAapi.dll
0x00007ffce6e00000 - 0x00007ffce6e15000 	C:\Windows\system32\wshbth.dll
0x00007ffce0520000 - 0x00007ffce0544000 	D:\Java\Java\jdk1.8\jre\bin\sunec.dll
0x0000000070bc0000 - 0x0000000070c9c000 	D:\MyData\huangkd\AppData\Local\Temp\sqlite-3.36.0.3-f6568a01-5da3-4320-ae13-7def26786691-sqlitejdbc.dll
0x00007ffcf7370000 - 0x00007ffcf737d000 	D:\Java\Java\jdk1.8\jre\bin\sunmscapi.dll
0x00007ffd09720000 - 0x00007ffd0974c000 	C:\Windows\SYSTEM32\ncrypt.dll
0x00007ffd096e0000 - 0x00007ffd0971c000 	C:\Windows\SYSTEM32\NTASN1.dll
0x00007ffc860c0000 - 0x00007ffc8669f000 	D:\MyData\huangkd\AppData\Local\Temp\nativelib-loader_7005358262719504256\dynarmic.dll
0x00007ffceb850000 - 0x00007ffceb895000 	D:\MyData\huangkd\AppData\Local\Temp\jna-1253673926\jna2330146209951426959.dll
0x00007ffcdfcc0000 - 0x00007ffcdfedb000 	D:\MyData\huangkd\AppData\Local\Temp\jna-1253673926\jna3695284401039749072.dll
0x00007ffcdace0000 - 0x00007ffcdae74000 	D:\Java\Java\jdk1.8\jre\bin\awt.dll
0x00007ffd03be0000 - 0x00007ffd03c6d000 	C:\Windows\SYSTEM32\apphelp.dll
0x00007ffceeeb0000 - 0x00007ffceeee2000 	D:\Java\Java\jdk1.8\jre\bin\jpeg.dll
0x00007ffcb92b0000 - 0x00007ffcb95cb000 	D:\MyData\huangkd\AppData\Local\Temp\tess4j\win32-x86-64\libtesseract500.dll
0x00007ffcf3120000 - 0x00007ffcf312b000 	C:\Windows\SYSTEM32\VCRUNTIME140_1.dll
0x00007ffcb8c30000 - 0x00007ffcb9015000 	D:\MyData\huangkd\AppData\Local\Temp\tess4j\win32-x86-64\liblept1820.dll
0x00007ffcecdd0000 - 0x00007ffcece0f000 	D:\Java\Java\jdk1.8\jre\bin\lcms.dll
0x00007ffd08850000 - 0x00007ffd08a3d000 	C:\Windows\SYSTEM32\dbghelp.dll

VM Arguments:
jvm_args: -agentlib:jdwp=transport=dt_socket,address=127.0.0.1:62104,suspend=y,server=n -XX:TieredStopAtLevel=1 -Xverify:none -Dspring.output.ansi.enabled=always -Dcom.sun.management.jmxremote -Dspring.jmx.enabled=true -Dspring.liveBeansView.mbeanDomain -Dspring.application.admin.enabled=true -javaagent:D:\MyData\huangkd\AppData\Local\JetBrains\IntelliJIdea2020.2\captureAgent\debugger-agent.jar -Dfile.encoding=UTF-8 
java_command: com.whitemagic2014.WMagicBotRApplication
java_class_path (initial): D:\Java\Java\jdk1.8\jre\lib\charsets.jar;D:\Java\Java\jdk1.8\jre\lib\deploy.jar;D:\Java\Java\jdk1.8\jre\lib\ext\access-bridge-64.jar;D:\Java\Java\jdk1.8\jre\lib\ext\cldrdata.jar;D:\Java\Java\jdk1.8\jre\lib\ext\dnsns.jar;D:\Java\Java\jdk1.8\jre\lib\ext\jaccess.jar;D:\Java\Java\jdk1.8\jre\lib\ext\jfxrt.jar;D:\Java\Java\jdk1.8\jre\lib\ext\localedata.jar;D:\Java\Java\jdk1.8\jre\lib\ext\nashorn.jar;D:\Java\Java\jdk1.8\jre\lib\ext\sunec.jar;D:\Java\Java\jdk1.8\jre\lib\ext\sunjce_provider.jar;D:\Java\Java\jdk1.8\jre\lib\ext\sunmscapi.jar;D:\Java\Java\jdk1.8\jre\lib\ext\sunpkcs11.jar;D:\Java\Java\jdk1.8\jre\lib\ext\zipfs.jar;D:\Java\Java\jdk1.8\jre\lib\javaws.jar;D:\Java\Java\jdk1.8\jre\lib\jce.jar;D:\Java\Java\jdk1.8\jre\lib\jfr.jar;D:\Java\Java\jdk1.8\jre\lib\jfxswt.jar;D:\Java\Java\jdk1.8\jre\lib\jsse.jar;D:\Java\Java\jdk1.8\jre\lib\management-agent.jar;D:\Java\Java\jdk1.8\jre\lib\plugin.jar;D:\Java\Java\jdk1.8\jre\lib\resources.jar;D:\Java\Java\jdk1.8\jre\lib\rt.jar;D:\MyData\huangkd\Desktop\robot\using\fork\WMagicBotR\target\classes;D:\Java\Maven\AppTools\maven\repository\org\springframework\boot\spring-boot-starter\2.3.1.RELEASE\spring-boot-starter-2.3.1.RELEASE.jar;D:\Java\Maven\AppTools\maven\repository\org\springframework\boot\spring-boot\2.3.1.RELEASE\spring-boot-2.3.1.RELEASE.jar;D:\Java\Maven\AppTools\maven\repository\org\springframework\spring-context\5.2.7.RELEASE\spring-context-5.2.7.RELEASE.jar;D:\Java\Maven\AppTools\maven\repository\org\springframework\boot\spring-boot-autoconfigure\2.3.1.RELEASE\spring-boot-autoconfigure-2.3.1.RELEASE.jar;D:\Java\Maven\AppTools\maven\repository\org\springframework\boot\spring-boot-starter-logging\2.3.1.RELEASE\spring-boot-starter-logging-2.3.1.RELEASE.jar;D:\Java\Maven\AppTools\maven\repository\ch\qos\logback\logback-classic\1.2.3\logback-classic-1.2.3.jar;D:\Java\Maven\AppTools\maven\repository\ch\qos\logback\logback-core\1.2.3\logback-core-1.2.3.jar;D:\Java\Maven\AppTools\maven\repository\org
Launcher Type: SUN_STANDARD

Environment Variables:
JAVA_HOME=D:\Java\Java\jdk1.8
PATH=C:\Program Files (x86)\Common Files\Oracle\Java\javapath;C:\Windows\system32;C:\Windows;C:\Windows\System32\Wbem;C:\Windows\System32\WindowsPowerShell\v1.0\;C:\Windows\System32\OpenSSH\;D:\Java\Git\Git\cmd;C:\Program Files\TortoiseGit\bin;D:\Java\HeidiSQL\putty\;C:\Program Files\Docker\Docker\resources\bin;D:\MyData\huangkd\AppData\Local\Programs\Python\Python310\Scripts\;D:\MyData\huangkd\AppData\Local\Programs\Python\Python310\;D:\MyData\huangkd\AppData\Local\Microsoft\WindowsApps;C:\Program Files\Bandizip\;D:\Java\IntelliJ_IDEA\IntelliJ IDEA Community Edition 2020.2.2\IntelliJ IDEA 2020.2.2\bin;;D:\Java\Java\jdk1.8\bin;D:\Java\IntelliJ_IDEA\IntelliJ IDEA Community Edition 2020.1\bin;;D:\Java\Maven\apache-maven-3.6.3\bin;D:\Java\MySQL\mysql-8.0.21-winx64\bin;D:\Java\Redis\redis;D:\Java\ElasticSearch\kibana\kibana-6.1.4\kibana-6.1.4-windows-x86_64\bin;D:\Java\projects\p3c-pmd;;E:\pycharm\PyCharm Community Edition 2023.1.1\bin;;E:\vs code\Microsoft VS Code\bin
USERNAME=huangkd
OS=Windows_NT
PROCESSOR_IDENTIFIER=Intel64 Family 6 Model 142 Stepping 12, GenuineIntel



---------------  S Y S T E M  ---------------

OS: Windows 10.0 , 64 bit Build 17763 (10.0.17763.3887)

CPU:total 8 (initial active 8) (4 cores per cpu, 2 threads per core) family 6 model 142 stepping 12, cmov, cx8, fxsr, mmx, sse, sse2, sse3, ssse3, sse4.1, sse4.2, popcnt, avx, avx2, aes, clmul, erms, 3dnowpref, lzcnt, ht, tsc, tscinvbit, bmi1, bmi2, adx

Memory: 4k page, physical 16502400k(4069340k free), swap 50168004k(8360052k free)

vm_info: Java HotSpot(TM) 64-Bit Server VM (25.261-b12) for windows-amd64 JRE (1.8.0_261-b12), built on Jun 18 2020 06:56:32 by "" with unknown MS VC++:1916

time: Thu Jan  4 20:20:14 2024
timezone: ?D1???
elapsed time: 41913 seconds (0d 11h 38m 33s)

