#
# A fatal error has been detected by the Java Runtime Environment:
#
#  EXCEPTION_ACCESS_VIOLATION (0xc0000005) at pc=0x0000012409a51a8d, pid=14304, tid=0x0000000000006fac
#
# JRE version: Java(TM) SE Runtime Environment (8.0_261-b12) (build 1.8.0_261-b12)
# Java VM: Java HotSpot(TM) 64-Bit Server VM (25.261-b12 mixed mode windows-amd64 compressed oops)
# Problematic frame:
# C  0x0000012409a51a8d
#
# Failed to write core dump. Minidumps are not enabled by default on client versions of Windows
#
# If you would like to submit a bug report, please visit:
#   http://bugreport.java.com/bugreport/crash.jsp
# The crash happened outside the Java Virtual Machine in native code.
# See problematic frame for where to report the bug.
#

---------------  T H R E A D  ---------------

Current thread (0x00000125d3829000):  JavaThread "DefaultDispatcher-worker-4" daemon [_thread_in_native, id=28588, stack(0x0000000338000000,0x0000000338100000)]

siginfo: ExceptionCode=0xc0000005, writing address 0x00000124121306a0

Registers:
RAX=0x00000000bffff6a0, RBX=0x0000012409a51a30, RCX=0x000001247669b560, RDX=0x0000012409a51a30
RSP=0x00000003380fd680, RBP=0x00000003380fd980, RSI=0x00000000401a1614, RDI=0x0000000000000000
R8 =0x0000012409a51a30, R9 =0x0000012408020880, R10=0x00000000000006a0, R11=0x0000012412130000
R12=0x00000007ffff0000, R13=0x0000000000000000, R14=0x0000012400020000, R15=0x00000124080200b0
RIP=0x0000012409a51a8d, EFLAGS=0x0000000000010206

Top of Stack: (sp=0x00000003380fd680)
0x00000003380fd680:   ffffffffffffffff 0000012451623ff0
0x00000003380fd690:   0000012451624018 000000005c97f7f9
0x00000003380fd6a0:   0000000000000000 0000000000000000
0x00000003380fd6b0:   0000000000000000 0000000000000000
0x00000003380fd6c0:   0000000000000000 0000000000000000
0x00000003380fd6d0:   0000000000000000 0000000000000000
0x00000003380fd6e0:   0000000000000000 0000000000000000
0x00000003380fd6f0:   0000000000000000 0000000000000000
0x00000003380fd700:   0000000000000000 0000000000000000
0x00000003380fd710:   0000000000000000 0000000000000000
0x00000003380fd720:   0000000000000000 0000000000000000
0x00000003380fd730:   0000000000000000 0000000000000000
0x00000003380fd740:   00000125d3829000 00000125d3829000
0x00000003380fd750:   0000012408021548 00000003380fd830
0x00000003380fd760:   0000012408020880 00000003380fd980
0x00000003380fd770:   0000000000000000 00000000401a1614 

Instructions: (pc=0x0000012409a51a8d)
0x0000012409a51a6d:   00 00 ff 0f 85 6c 77 d8 05 4f 8b 1c d6 4d 85 db
0x0000012409a51a7d:   0f 84 5f 77 d8 05 49 89 c2 49 81 e2 ff 0f 00 00
0x0000012409a51a8d:   4f 89 2c 13 4d 8b af 10 03 00 00 49 c7 c3 a8 ff
0x0000012409a51a9d:   ff ff 4d 01 dd 49 f7 c5 07 00 00 00 0f 85 3d 77 


Register to memory mapping:

RAX=0x00000000bffff6a0 is an unknown value
RBX=0x0000012409a51a30 is an unknown value
RCX=0x000001247669b560 is an unknown value
RDX=0x0000012409a51a30 is an unknown value
RSP=0x00000003380fd680 is pointing into the stack for thread: 0x00000125d3829000
RBP=0x00000003380fd980 is pointing into the stack for thread: 0x00000125d3829000
RSI=0x00000000401a1614 is an unknown value
RDI=0x0000000000000000 is an unknown value
R8 =0x0000012409a51a30 is an unknown value
R9 =0x0000012408020880 is an unknown value
R10=0x00000000000006a0 is an unknown value
R11=0x0000012412130000 is an unknown value
R12=0x00000007ffff0000 is an unknown value
R13=0x0000000000000000 is an unknown value
R14=0x0000012400020000 is an unknown value
R15=0x00000124080200b0 is an unknown value


Stack: [0x0000000338000000,0x0000000338100000],  sp=0x00000003380fd680,  free space=1013k
Native frames: (J=compiled Java code, j=interpreted, Vv=VM code, C=native code)
C  0x0000012409a51a8d

Java frames: (J=compiled Java code, j=interpreted, Vv=VM code)
J 9778  com.github.unidbg.arm.backend.dynarmic.Dynarmic.emu_start(JJ)I (0 bytes) @ 0x0000012436c9ae84 [0x0000012436c9ae40+0x44]
J 9777 C1 com.github.unidbg.arm.backend.dynarmic.Dynarmic.emu_start(J)V (41 bytes) @ 0x0000012436c9a60c [0x0000012436c9a5c0+0x4c]
J 9210 C1 com.github.unidbg.arm.backend.DynarmicBackend.emu_start(JJJJ)V (106 bytes) @ 0x0000012436b55dcc [0x0000012436b55a00+0x3cc]
J 9209 C1 com.github.unidbg.AbstractEmulator.emulate(JJ)Ljava/lang/Number; (765 bytes) @ 0x0000012436b4f114 [0x0000012436b4ecc0+0x454]
J 9827 C1 com.github.unidbg.thread.Function64.run(Lcom/github/unidbg/AbstractEmulator;)Ljava/lang/Number; (92 bytes) @ 0x0000012436ce35dc [0x0000012436ce33e0+0x1fc]
J 9245 C1 com.github.unidbg.thread.MainTask.dispatch(Lcom/github/unidbg/AbstractEmulator;)Ljava/lang/Number; (23 bytes) @ 0x0000012436b71a2c [0x0000012436b71980+0xac]
J 9826 C1 com.github.unidbg.thread.UniThreadDispatcher.run(JLjava/util/concurrent/TimeUnit;)Ljava/lang/Number; (911 bytes) @ 0x0000012436cdd514 [0x0000012436cdc680+0xe94]
J 9825 C1 com.github.unidbg.thread.UniThreadDispatcher.runMainForResult(Lcom/github/unidbg/thread/MainTask;)Ljava/lang/Number; (216 bytes) @ 0x0000012436cdad3c [0x0000012436cdaac0+0x27c]
J 9824 C1 com.github.unidbg.AbstractEmulator.runMainForResult(Lcom/github/unidbg/thread/MainTask;)Ljava/lang/Number; (46 bytes) @ 0x0000012436ce2cd4 [0x0000012436ce2c00+0xd4]
J 9289 C1 com.github.unidbg.arm.AbstractARM64Emulator.eFunc(J[Ljava/lang/Number;)Ljava/lang/Number; (25 bytes) @ 0x0000012436b84d24 [0x0000012436b84b60+0x1c4]
J 9462 C1 com.github.unidbg.Module.emulateFunction(Lcom/github/unidbg/Emulator;J[Ljava/lang/Object;)Ljava/lang/Number; (245 bytes) @ 0x0000012436be93ec [0x0000012436be8720+0xccc]
J 9451 C1 com.github.unidbg.linux.android.dvm.DvmObject.callJniMethod(Lcom/github/unidbg/Emulator;Lcom/github/unidbg/linux/android/dvm/VM;Lcom/github/unidbg/linux/android/dvm/DvmClass;Lcom/github/unidbg/linux/android/dvm/DvmObject;Ljava/lang/String;[Ljava/lang/Object;)Ljava/lang/Number; (306 bytes) @ 0x0000012436bdc2ac [0x0000012436bdb240+0x106c]
j  com.github.unidbg.linux.android.dvm.DvmObject.callJniMethod(Lcom/github/unidbg/Emulator;Ljava/lang/String;[Ljava/lang/Object;)V+29
j  com.tencent.mobileqq.sign.QQSecuritySign.requestToken(Lmoe/fuqiuluo/unidbg/QSecVM;)V+29
j  moe.fuqiuluo.api.UnidbgFetchQSign.requestToken(JZLjava/lang/String;Ljava/lang/String;Ljava/lang/String;Lkotlin/coroutines/Continuation;)Ljava/lang/Object;+540
j  top.mrxiaom.qsign.QSignService$qSecurityGetSign$1.invokeSuspend(Ljava/lang/Object;)Ljava/lang/Object;+213
J 6495 C1 kotlin.coroutines.jvm.internal.BaseContinuationImpl.resumeWith(Ljava/lang/Object;)V (128 bytes) @ 0x00000124364d085c [0x00000124364d0740+0x11c]
J 6720 C1 kotlinx.coroutines.DispatchedTask.run()V (571 bytes) @ 0x0000012436534ae4 [0x00000124365346c0+0x424]
J 6880 C1 kotlinx.coroutines.scheduling.CoroutineScheduler.runSafely(Lkotlinx/coroutines/scheduling/Task;)V (73 bytes) @ 0x00000124365a80cc [0x00000124365a8080+0x4c]
J 6877 C1 kotlinx.coroutines.scheduling.CoroutineScheduler$Worker.executeTask(Lkotlinx/coroutines/scheduling/Task;)V (39 bytes) @ 0x00000124365a7224 [0x00000124365a70c0+0x164]
J 10331 C1 kotlinx.coroutines.scheduling.CoroutineScheduler$Worker.runWorker()V (118 bytes) @ 0x0000012436de9184 [0x0000012436de8fc0+0x1c4]
j  kotlinx.coroutines.scheduling.CoroutineScheduler$Worker.run()V+1
v  ~StubRoutines::call_stub

---------------  P R O C E S S  ---------------

Java Threads: ( => current thread )
  0x0000012476db3800 JavaThread "globalEventExecutor-1-43" [_thread_new, id=6792, stack(0x0000000000000000,0x0000000000000000)]
  0x0000012476db0000 JavaThread "Timer-2439" [_thread_blocked, id=2880, stack(0x0000000339e00000,0x0000000339f00000)]
  0x0000012476daf000 JavaThread "OkHttp TaskRunner" daemon [_thread_blocked, id=1924, stack(0x0000000339d00000,0x0000000339e00000)]
  0x0000012476dae800 JavaThread "Okio Watchdog" daemon [_thread_blocked, id=4984, stack(0x0000000339c00000,0x0000000339d00000)]
  0x0000012476db3000 JavaThread "OkHttp TaskRunner" daemon [_thread_blocked, id=24168, stack(0x0000000339b00000,0x0000000339c00000)]
  0x0000012476db2000 JavaThread "OkHttp Dispatcher" [_thread_blocked, id=6732, stack(0x0000000339a00000,0x0000000339b00000)]
  0x0000012476dab800 JavaThread "nioEventLoopGroup-25-2" [_thread_in_native, id=12872, stack(0x0000000339700000,0x0000000339800000)]
  0x0000012476db1800 JavaThread "nioEventLoopGroup-25-1" [_thread_in_native, id=9052, stack(0x0000000339600000,0x0000000339700000)]
  0x0000012476daa800 JavaThread "nioEventLoopGroup-24-16" [_thread_blocked, id=26472, stack(0x0000000339500000,0x0000000339600000)]
  0x0000012476dad000 JavaThread "nioEventLoopGroup-24-15" [_thread_blocked, id=26128, stack(0x0000000339400000,0x0000000339500000)]
  0x0000012476dac000 JavaThread "nioEventLoopGroup-24-14" [_thread_blocked, id=12856, stack(0x0000000339300000,0x0000000339400000)]
  0x00000125d3836800 JavaThread "nioEventLoopGroup-24-13" [_thread_blocked, id=22560, stack(0x0000000339000000,0x0000000339100000)]
  0x00000125d3835000 JavaThread "nioEventLoopGroup-24-12" [_thread_blocked, id=29496, stack(0x0000000338f00000,0x0000000339000000)]
  0x00000125d382c800 JavaThread "nioEventLoopGroup-24-11" [_thread_blocked, id=28508, stack(0x0000000338e00000,0x0000000338f00000)]
  0x00000125d3833800 JavaThread "nioEventLoopGroup-24-10" [_thread_blocked, id=26656, stack(0x0000000338d00000,0x0000000338e00000)]
  0x00000125d3832800 JavaThread "nioEventLoopGroup-24-9" [_thread_blocked, id=27500, stack(0x0000000338c00000,0x0000000338d00000)]
  0x00000125d382c000 JavaThread "nioEventLoopGroup-24-8" [_thread_blocked, id=27308, stack(0x0000000338b00000,0x0000000338c00000)]
  0x00000125d382f800 JavaThread "nioEventLoopGroup-24-7" [_thread_blocked, id=25604, stack(0x0000000338a00000,0x0000000338b00000)]
  0x00000125d3830800 JavaThread "nioEventLoopGroup-24-6" [_thread_blocked, id=29016, stack(0x0000000338400000,0x0000000338500000)]
  0x00000125d3832000 JavaThread "nioEventLoopGroup-24-5" [_thread_blocked, id=26740, stack(0x0000000338100000,0x0000000338200000)]
  0x00000125d3831000 JavaThread "nioEventLoopGroup-24-4" [_thread_blocked, id=26700, stack(0x0000000337700000,0x0000000337800000)]
  0x00000125d3828000 JavaThread "nioEventLoopGroup-24-3" [_thread_blocked, id=16836, stack(0x0000000334800000,0x0000000334900000)]
  0x00000125d382a800 JavaThread "nioEventLoopGroup-24-2" [_thread_blocked, id=25316, stack(0x0000000337500000,0x0000000337600000)]
  0x00000125d3829800 JavaThread "nioEventLoopGroup-24-1" [_thread_blocked, id=13436, stack(0x0000000337400000,0x0000000337500000)]
  0x00000125d3827800 JavaThread "OkHttp snowflake.qq.com" daemon [_thread_in_native, id=26336, stack(0x0000000338300000,0x0000000338400000)]
  0x00000125d382e000 JavaThread "DefaultDispatcher-worker-7" daemon [_thread_blocked, id=27884, stack(0x0000000338800000,0x0000000338900000)]
  0x00000125cb8b7000 JavaThread "OkHttp TaskRunner" daemon [_thread_blocked, id=15236, stack(0x0000000337f00000,0x0000000338000000)]
  0x00000125cb8b1000 JavaThread "DefaultDispatcher-worker-2" daemon [_thread_blocked, id=20256, stack(0x0000000338500000,0x0000000338600000)]
  0x00000125d3835800 JavaThread "DefaultDispatcher-worker-1" daemon [_thread_blocked, id=27780, stack(0x0000000338200000,0x0000000338300000)]
  0x00000125d3834000 JavaThread "DefaultDispatcher-worker-3" daemon [_thread_blocked, id=8280, stack(0x0000000337800000,0x0000000337900000)]
  0x00000125cb8bf000 JavaThread "DefaultDispatcher-worker-6" daemon [_thread_blocked, id=25900, stack(0x000000033a100000,0x000000033a200000)]
  0x00000125cb8b4000 JavaThread "DefaultDispatcher-worker-8" daemon [_thread_blocked, id=27864, stack(0x0000000338900000,0x0000000338a00000)]
=>0x00000125d3829000 JavaThread "DefaultDispatcher-worker-4" daemon [_thread_in_native, id=28588, stack(0x0000000338000000,0x0000000338100000)]
  0x00000125d382f000 JavaThread "logback-2" daemon [_thread_blocked, id=27656, stack(0x0000000336200000,0x0000000336300000)]
  0x00000125cb8b4800 JavaThread "logback-1" daemon [_thread_blocked, id=28736, stack(0x0000000337e00000,0x0000000337f00000)]
  0x00000125cb8b2800 JavaThread "DefaultDispatcher-worker-5" daemon [_thread_in_native, id=10572, stack(0x0000000339900000,0x0000000339a00000)]
  0x00000125cb8b0000 JavaThread "Â§ÑÁêÜÊåá‰ª§Á∫øÁ®ã" [_thread_blocked, id=21048, stack(0x0000000337d00000,0x0000000337e00000)]
  0x00000124528e1800 JavaThread "Â§ÑÁêÜÊåá‰ª§Á∫øÁ®ã" [_thread_blocked, id=21520, stack(0x0000000337600000,0x0000000337700000)]
  0x00000124528e4800 JavaThread "Â§ÑÁêÜÊåá‰ª§Á∫øÁ®ã" [_thread_blocked, id=27448, stack(0x0000000337c00000,0x0000000337d00000)]
  0x0000012454352800 JavaThread "Â§ÑÁêÜÊåá‰ª§Á∫øÁ®ã" [_thread_blocked, id=25708, stack(0x0000000339200000,0x0000000339300000)]
  0x00000124528e0000 JavaThread "Â§ÑÁêÜÊåá‰ª§Á∫øÁ®ã" [_thread_blocked, id=28032, stack(0x0000000334a00000,0x0000000334b00000)]
  0x00000124528e4000 JavaThread "Java2D Disposer" daemon [_thread_blocked, id=8912, stack(0x0000000337b00000,0x0000000337c00000)]
  0x00000124528e7000 JavaThread "magicTimer" daemon [_thread_blocked, id=30604, stack(0x0000000339800000,0x0000000339900000)]
  0x0000012476db8000 JavaThread "DestroyJavaVM" [_thread_blocked, id=25064, stack(0x0000000334b00000,0x0000000334c00000)]
  0x0000012476db6800 JavaThread "Thread-203" [_thread_blocked, id=20168, stack(0x0000000339100000,0x0000000339200000)]
  0x0000012454351800 JavaThread "kotlinx.coroutines.DefaultExecutor" daemon [_thread_blocked, id=11216, stack(0x0000000337a00000,0x0000000337b00000)]
  0x0000012454345000 JavaThread "http-nio-28282-Acceptor" daemon [_thread_in_native, id=28072, stack(0x0000000337300000,0x0000000337400000)]
  0x000001245434b800 JavaThread "http-nio-28282-ClientPoller" daemon [_thread_in_native, id=27952, stack(0x0000000337200000,0x0000000337300000)]
  0x0000012454345800 JavaThread "http-nio-28282-exec-10" daemon [_thread_blocked, id=7952, stack(0x0000000337100000,0x0000000337200000)]
  0x0000012454344000 JavaThread "http-nio-28282-exec-9" daemon [_thread_blocked, id=28928, stack(0x0000000337000000,0x0000000337100000)]
  0x000001245434b000 JavaThread "http-nio-28282-exec-8" daemon [_thread_blocked, id=28568, stack(0x0000000336f00000,0x0000000337000000)]
  0x000001245434a000 JavaThread "http-nio-28282-exec-7" daemon [_thread_blocked, id=22616, stack(0x0000000336e00000,0x0000000336f00000)]
  0x0000012454349800 JavaThread "http-nio-28282-exec-6" daemon [_thread_blocked, id=21076, stack(0x0000000336d00000,0x0000000336e00000)]
  0x000001245258d000 JavaThread "http-nio-28282-exec-5" daemon [_thread_blocked, id=23192, stack(0x0000000336c00000,0x0000000336d00000)]
  0x0000012452586000 JavaThread "http-nio-28282-exec-4" daemon [_thread_blocked, id=17468, stack(0x0000000336b00000,0x0000000336c00000)]
  0x0000012452586800 JavaThread "http-nio-28282-exec-3" daemon [_thread_blocked, id=28512, stack(0x0000000336a00000,0x0000000336b00000)]
  0x000001245258c000 JavaThread "http-nio-28282-exec-2" daemon [_thread_blocked, id=29940, stack(0x0000000336900000,0x0000000336a00000)]
  0x000001245258b800 JavaThread "http-nio-28282-exec-1" daemon [_thread_blocked, id=27652, stack(0x0000000336800000,0x0000000336900000)]
  0x000001245258a800 JavaThread "http-nio-28282-BlockPoller" daemon [_thread_in_native, id=19776, stack(0x0000000336700000,0x0000000336800000)]
  0x0000012452587800 JavaThread "container-0" [_thread_blocked, id=29608, stack(0x0000000336600000,0x0000000336700000)]
  0x000001245258a000 JavaThread "Catalina-utility-2" [_thread_blocked, id=27764, stack(0x0000000336500000,0x0000000336600000)]
  0x0000012452588800 JavaThread "Catalina-utility-1" [_thread_blocked, id=30588, stack(0x0000000336400000,0x0000000336500000)]
  0x0000012451fbf800 JavaThread "RMI Scheduler(0)" daemon [_thread_blocked, id=26488, stack(0x0000000336300000,0x0000000336400000)]
  0x00000124516d7000 JavaThread "RMI TCP Accept-0" daemon [_thread_in_native, id=24532, stack(0x0000000336000000,0x0000000336100000)]
  0x0000012451403800 JavaThread "Service Thread" daemon [_thread_blocked, id=23004, stack(0x0000000335f00000,0x0000000336000000)]
  0x00000124513da000 JavaThread "C1 CompilerThread3" daemon [_thread_blocked, id=16880, stack(0x0000000335e00000,0x0000000335f00000)]
  0x00000124513d9800 JavaThread "C2 CompilerThread2" daemon [_thread_blocked, id=25056, stack(0x0000000335d00000,0x0000000335e00000)]
  0x00000124513c0800 JavaThread "C2 CompilerThread1" daemon [_thread_blocked, id=28040, stack(0x0000000335c00000,0x0000000335d00000)]
  0x0000012451359800 JavaThread "C2 CompilerThread0" daemon [_thread_blocked, id=21920, stack(0x0000000335b00000,0x0000000335c00000)]
  0x0000012450b99800 JavaThread "JDWP Command Reader" daemon [_thread_in_native, id=11004, stack(0x0000000335a00000,0x0000000335b00000)]
  0x0000012450b97000 JavaThread "JDWP Event Helper Thread" daemon [_thread_blocked, id=13712, stack(0x0000000335900000,0x0000000335a00000)]
  0x000001244ef9e800 JavaThread "JDWP Transport Listener: dt_socket" daemon [_thread_blocked, id=21864, stack(0x0000000335800000,0x0000000335900000)]
  0x0000012450b92800 JavaThread "Attach Listener" daemon [_thread_blocked, id=29040, stack(0x0000000335700000,0x0000000335800000)]
  0x000001244ef61800 JavaThread "Signal Dispatcher" daemon [_thread_blocked, id=15268, stack(0x0000000335600000,0x0000000335700000)]
  0x000001244ef4c800 JavaThread "Finalizer" daemon [_thread_blocked, id=1696, stack(0x0000000335500000,0x0000000335600000)]
  0x000001244ef3f800 JavaThread "Reference Handler" daemon [_thread_blocked, id=23776, stack(0x0000000334700000,0x0000000334800000)]

Other Threads:
  0x000001244ef10000 VMThread [stack: 0x0000000335400000,0x0000000335500000] [id=29472]
  0x00000124516ee000 WatcherThread [stack: 0x0000000336100000,0x0000000336200000] [id=21608]

VM state:not at safepoint (normal execution)

VM Mutex/Monitor currently owned by a thread: None

heap address: 0x00000006c4200000, size: 4030 MB, Compressed Oops mode: Zero based, Oop shift amount: 3
Narrow klass base: 0x0000000000000000, Narrow klass shift: 3
Compressed class space size: 1073741824 Address: 0x00000007c0000000

Heap:
 PSYoungGen      total 316416K, used 67820K [0x000000076c100000, 0x0000000781d80000, 0x00000007c0000000)
  eden space 306688K, 18% used [0x000000076c100000,0x000000076f9de318,0x000000077ec80000)
  from space 9728K, 98% used [0x000000077f580000,0x000000077fedce08,0x000000077ff00000)
  to   space 25088K, 0% used [0x0000000780500000,0x0000000780500000,0x0000000781d80000)
 ParOldGen       total 269824K, used 156380K [0x00000006c4200000, 0x00000006d4980000, 0x000000076c100000)
  object space 269824K, 57% used [0x00000006c4200000,0x00000006cdab73b8,0x00000006d4980000)
 Metaspace       used 75373K, capacity 77736K, committed 77972K, reserved 1118208K
  class space    used 9422K, capacity 9836K, committed 9916K, reserved 1048576K

Card table byte_map: [0x0000012444f70000,0x0000012445750000] byte_map_base: 0x000001244194f000

Marking Bits: (ParMarkBitMap*) 0x000000005ce94fb0
 Begin Bits: [0x0000012445c90000, 0x0000012449b88000)
 End Bits:   [0x0000012449b88000, 0x000001244da80000)

Polling page: 0x0000012435580000

CodeCache: size=245760Kb used=28660Kb max_used=28660Kb free=217099Kb
 bounds [0x00000124357b0000, 0x00000124373b0000, 0x00000124447b0000]
 total_blobs=13410 nmethods=12354 adapters=975
 compilation: enabled

Compilation events (10 events):
Event: 51127.700 Thread 0x00000124513da000 12537       1       sun.security.internal.spec.TlsPrfParameterSpec::getPRFBlockSize (5 bytes)
Event: 51127.700 Thread 0x00000124513da000 nmethod 12537 0x00000124373adb90 code [0x00000124373adce0, 0x00000124373addf8]
Event: 51127.700 Thread 0x00000124513da000 12538       1       sun.security.ssl.Finished$FinishedMessage::access$800 (5 bytes)
Event: 51127.700 Thread 0x00000124513da000 nmethod 12538 0x00000124373ade50 code [0x00000124373adfa0, 0x00000124373ae098]
Event: 51127.700 Thread 0x00000124513da000 12539       1       sun.security.ssl.SSLContextImpl::engineGetClientSessionContext (5 bytes)
Event: 51127.700 Thread 0x00000124513da000 nmethod 12539 0x00000124373ae110 code [0x00000124373ae260, 0x00000124373ae378]
Event: 51127.719 Thread 0x00000124513da000 12540       1       net.mamoe.mirai.internal.deps.okhttp3.internal.http2.Http2Connection::getConnectionName$okhttp (5 bytes)
Event: 51127.719 Thread 0x00000124513da000 nmethod 12540 0x00000124373ae3d0 code [0x00000124373ae520, 0x00000124373ae638]
Event: 51127.719 Thread 0x00000124513da000 12541       1       net.mamoe.mirai.internal.deps.okhttp3.internal.http2.Http2Connection::getWriter (5 bytes)
Event: 51127.719 Thread 0x00000124513da000 nmethod 12541 0x00000124373ae690 code [0x00000124373ae7e0, 0x00000124373ae8f8]

GC Heap History (10 events):
Event: 24591.909 GC heap before
{Heap before GC invocations=26 (full 3):
 PSYoungGen      total 373248K, used 373045K [0x000000076c100000, 0x0000000786080000, 0x00000007c0000000)
  eden space 357888K, 100% used [0x000000076c100000,0x0000000781e80000,0x0000000781e80000)
  from space 15360K, 98% used [0x0000000785180000,0x000000078604d560,0x0000000786080000)
  to   space 31744K, 0% used [0x0000000782280000,0x0000000782280000,0x0000000784180000)
 ParOldGen       total 269824K, used 156340K [0x00000006c4200000, 0x00000006d4980000, 0x000000076c100000)
  object space 269824K, 57% used [0x00000006c4200000,0x00000006cdaad3b8,0x00000006d4980000)
 Metaspace       used 75064K, capacity 77480K, committed 77716K, reserved 1118208K
  class space    used 9411K, capacity 9836K, committed 9916K, reserved 1048576K
Event: 24591.939 GC heap after
Heap after GC invocations=26 (full 3):
 PSYoungGen      total 356352K, used 9427K [0x000000076c100000, 0x0000000785200000, 0x00000007c0000000)
  eden space 346624K, 0% used [0x000000076c100000,0x000000076c100000,0x0000000781380000)
  from space 9728K, 96% used [0x0000000782280000,0x0000000782bb4e08,0x0000000782c00000)
  to   space 30208K, 0% used [0x0000000783480000,0x0000000783480000,0x0000000785200000)
 ParOldGen       total 269824K, used 156348K [0x00000006c4200000, 0x00000006d4980000, 0x000000076c100000)
  object space 269824K, 57% used [0x00000006c4200000,0x00000006cdaaf3b8,0x00000006d4980000)
 Metaspace       used 75064K, capacity 77480K, committed 77716K, reserved 1118208K
  class space    used 9411K, capacity 9836K, committed 9916K, reserved 1048576K
}
Event: 31015.842 GC heap before
{Heap before GC invocations=27 (full 3):
 PSYoungGen      total 356352K, used 356051K [0x000000076c100000, 0x0000000785200000, 0x00000007c0000000)
  eden space 346624K, 100% used [0x000000076c100000,0x0000000781380000,0x0000000781380000)
  from space 9728K, 96% used [0x0000000782280000,0x0000000782bb4e08,0x0000000782c00000)
  to   space 30208K, 0% used [0x0000000783480000,0x0000000783480000,0x0000000785200000)
 ParOldGen       total 269824K, used 156348K [0x00000006c4200000, 0x00000006d4980000, 0x000000076c100000)
  object space 269824K, 57% used [0x00000006c4200000,0x00000006cdaaf3b8,0x00000006d4980000)
 Metaspace       used 75222K, capacity 77608K, committed 77972K, reserved 1118208K
  class space    used 9415K, capacity 9836K, committed 9916K, reserved 1048576K
Event: 31015.873 GC heap after
Heap after GC invocations=27 (full 3):
 PSYoungGen      total 349696K, used 13423K [0x000000076c100000, 0x0000000784200000, 0x00000007c0000000)
  eden space 335872K, 0% used [0x000000076c100000,0x000000076c100000,0x0000000780900000)
  from space 13824K, 97% used [0x0000000783480000,0x000000078419bdb0,0x0000000784200000)
  to   space 29184K, 0% used [0x0000000780900000,0x0000000780900000,0x0000000782580000)
 ParOldGen       total 269824K, used 156356K [0x00000006c4200000, 0x00000006d4980000, 0x000000076c100000)
  object space 269824K, 57% used [0x00000006c4200000,0x00000006cdab13b8,0x00000006d4980000)
 Metaspace       used 75222K, capacity 77608K, committed 77972K, reserved 1118208K
  class space    used 9415K, capacity 9836K, committed 9916K, reserved 1048576K
}
Event: 36882.544 GC heap before
{Heap before GC invocations=28 (full 3):
 PSYoungGen      total 349696K, used 349295K [0x000000076c100000, 0x0000000784200000, 0x00000007c0000000)
  eden space 335872K, 100% used [0x000000076c100000,0x0000000780900000,0x0000000780900000)
  from space 13824K, 97% used [0x0000000783480000,0x000000078419bdb0,0x0000000784200000)
  to   space 29184K, 0% used [0x0000000780900000,0x0000000780900000,0x0000000782580000)
 ParOldGen       total 269824K, used 156356K [0x00000006c4200000, 0x00000006d4980000, 0x000000076c100000)
  object space 269824K, 57% used [0x00000006c4200000,0x00000006cdab13b8,0x00000006d4980000)
 Metaspace       used 75319K, capacity 77672K, committed 77972K, reserved 1118208K
  class space    used 9417K, capacity 9836K, committed 9916K, reserved 1048576K
Event: 36882.571 GC heap after
Heap after GC invocations=28 (full 3):
 PSYoungGen      total 335872K, used 10115K [0x000000076c100000, 0x0000000783500000, 0x00000007c0000000)
  eden space 325632K, 0% used [0x000000076c100000,0x000000076c100000,0x000000077ff00000)
  from space 10240K, 98% used [0x0000000780900000,0x00000007812e0df8,0x0000000781300000)
  to   space 27648K, 0% used [0x0000000781a00000,0x0000000781a00000,0x0000000783500000)
 ParOldGen       total 269824K, used 156364K [0x00000006c4200000, 0x00000006d4980000, 0x000000076c100000)
  object space 269824K, 57% used [0x00000006c4200000,0x00000006cdab33b8,0x00000006d4980000)
 Metaspace       used 75319K, capacity 77672K, committed 77972K, reserved 1118208K
  class space    used 9417K, capacity 9836K, committed 9916K, reserved 1048576K
}
Event: 45070.156 GC heap before
{Heap before GC invocations=29 (full 3):
 PSYoungGen      total 335872K, used 335226K [0x000000076c100000, 0x0000000783500000, 0x00000007c0000000)
  eden space 325632K, 99% used [0x000000076c100000,0x000000077fe7db20,0x000000077ff00000)
  from space 10240K, 98% used [0x0000000780900000,0x00000007812e0df8,0x0000000781300000)
  to   space 27648K, 0% used [0x0000000781a00000,0x0000000781a00000,0x0000000783500000)
 ParOldGen       total 269824K, used 156364K [0x00000006c4200000, 0x00000006d4980000, 0x000000076c100000)
  object space 269824K, 57% used [0x00000006c4200000,0x00000006cdab33b8,0x00000006d4980000)
 Metaspace       used 75323K, capacity 77672K, committed 77972K, reserved 1118208K
  class space    used 9417K, capacity 9836K, committed 9916K, reserved 1048576K
Event: 45070.180 GC heap after
Heap after GC invocations=29 (full 3):
 PSYoungGen      total 330752K, used 10531K [0x000000076c100000, 0x0000000782880000, 0x00000007c0000000)
  eden space 315904K, 0% used [0x000000076c100000,0x000000076c100000,0x000000077f580000)
  from space 14848K, 70% used [0x0000000781a00000,0x0000000782448e18,0x0000000782880000)
  to   space 26112K, 0% used [0x000000077f580000,0x000000077f580000,0x0000000780f00000)
 ParOldGen       total 269824K, used 156372K [0x00000006c4200000, 0x00000006d4980000, 0x000000076c100000)
  object space 269824K, 57% used [0x00000006c4200000,0x00000006cdab53b8,0x00000006d4980000)
 Metaspace       used 75323K, capacity 77672K, committed 77972K, reserved 1118208K
  class space    used 9417K, capacity 9836K, committed 9916K, reserved 1048576K
}
Event: 49093.890 GC heap before
{Heap before GC invocations=30 (full 3):
 PSYoungGen      total 330752K, used 326435K [0x000000076c100000, 0x0000000782880000, 0x00000007c0000000)
  eden space 315904K, 100% used [0x000000076c100000,0x000000077f580000,0x000000077f580000)
  from space 14848K, 70% used [0x0000000781a00000,0x0000000782448e18,0x0000000782880000)
  to   space 26112K, 0% used [0x000000077f580000,0x000000077f580000,0x0000000780f00000)
 ParOldGen       total 269824K, used 156372K [0x00000006c4200000, 0x00000006d4980000, 0x000000076c100000)
  object space 269824K, 57% used [0x00000006c4200000,0x00000006cdab53b8,0x00000006d4980000)
 Metaspace       used 75366K, capacity 77736K, committed 77972K, reserved 1118208K
  class space    used 9420K, capacity 9836K, committed 9916K, reserved 1048576K
Event: 49093.910 GC heap after
Heap after GC invocations=30 (full 3):
 PSYoungGen      total 316416K, used 9587K [0x000000076c100000, 0x0000000781d80000, 0x00000007c0000000)
  eden space 306688K, 0% used [0x000000076c100000,0x000000076c100000,0x000000077ec80000)
  from space 9728K, 98% used [0x000000077f580000,0x000000077fedce08,0x000000077ff00000)
  to   space 25088K, 0% used [0x0000000780500000,0x0000000780500000,0x0000000781d80000)
 ParOldGen       total 269824K, used 156380K [0x00000006c4200000, 0x00000006d4980000, 0x000000076c100000)
  object space 269824K, 57% used [0x00000006c4200000,0x00000006cdab73b8,0x00000006d4980000)
 Metaspace       used 75366K, capacity 77736K, committed 77972K, reserved 1118208K
  class space    used 9420K, capacity 9836K, committed 9916K, reserved 1048576K
}

Deoptimization events (0 events):
No events

Classes redefined (0 events):
No events

Internal exceptions (10 events):
Event: 36797.149 Thread 0x0000012476daf000 Exception <a 'java/lang/ClassCastException'> (0x000000077fd65530) thrown at [C:\jenkins\workspace\8-2-build-windows-amd64-cygwin\jdk8u261\295\hotspot\src\share\vm\runtime\sharedRuntime.cpp, line 605]
Event: 47209.208 Thread 0x0000012476db2000 Exception <a 'java/lang/ClassCastException'> (0x0000000778ace208) thrown at [C:\jenkins\workspace\8-2-build-windows-amd64-cygwin\jdk8u261\295\hotspot\src\share\vm\runtime\sharedRuntime.cpp, line 605]
Event: 47217.912 Thread 0x0000012476db3800 Exception <a 'java/lang/ClassCastException'> (0x0000000778c7c838) thrown at [C:\jenkins\workspace\8-2-build-windows-amd64-cygwin\jdk8u261\295\hotspot\src\share\vm\runtime\sharedRuntime.cpp, line 605]
Event: 47382.268 Thread 0x0000012476daa800 Exception <a 'java/lang/ClassCastException'> (0x0000000779ec62f0) thrown at [C:\jenkins\workspace\8-2-build-windows-amd64-cygwin\jdk8u261\295\hotspot\src\share\vm\runtime\sharedRuntime.cpp, line 605]
Event: 47390.945 Thread 0x0000012476db4800 Exception <a 'java/lang/ClassCastException'> (0x0000000779c94308) thrown at [C:\jenkins\workspace\8-2-build-windows-amd64-cygwin\jdk8u261\295\hotspot\src\share\vm\runtime\sharedRuntime.cpp, line 605]
Event: 49441.848 Thread 0x0000012476daa800 Exception <a 'java/lang/ClassCastException'> (0x000000076edbe530) thrown at [C:\jenkins\workspace\8-2-build-windows-amd64-cygwin\jdk8u261\295\hotspot\src\share\vm\runtime\sharedRuntime.cpp, line 605]
Event: 51126.056 Thread 0x00000125cb8b7000 Exception <a 'java/net/SocketException': Software caused connection abort: recv failed> (0x000000076c41be50) thrown at [C:\jenkins\workspace\8-2-build-windows-amd64-cygwin\jdk8u261\295\hotspot\src\share\vm\prims\jni.cpp, line 737]
Event: 51126.057 Thread 0x0000012476db0800 Exception <a 'java/io/IOException'> (0x000000076eebc7e0) thrown at [C:\jenkins\workspace\8-2-build-windows-amd64-cygwin\jdk8u261\295\hotspot\src\share\vm\prims\jni.cpp, line 710]
Event: 51126.060 Thread 0x00000125cb8b7000 Exception <a 'java/net/SocketException': Connection reset by peer: socket write error> (0x000000076c41cf90) thrown at [C:\jenkins\workspace\8-2-build-windows-amd64-cygwin\jdk8u261\295\hotspot\src\share\vm\prims\jni.cpp, line 737]
Event: 51126.215 Thread 0x00000125d382a800 Exception <a 'java/net/SocketException': Network is unreachable: no further information> (0x000000076f3918e0) thrown at [C:\jenkins\workspace\8-2-build-windows-amd64-cygwin\jdk8u261\295\hotspot\src\share\vm\prims\jni.cpp, line 737]

Events (10 events):
Event: 51127.751 Executing VM operation: RevokeBias done
Event: 51127.752 Executing VM operation: RevokeBias
Event: 51127.752 Executing VM operation: RevokeBias done
Event: 51127.752 Executing VM operation: RevokeBias
Event: 51127.752 Executing VM operation: RevokeBias done
Event: 51127.756 Thread 0x00000125d382e000 DEOPT PACKING pc=0x0000012436fb57b6 sp=0x00000003388fec90
Event: 51127.756 Thread 0x00000125d382e000 DEOPT UNPACKING pc=0x00000124357f7898 sp=0x00000003388fea08 mode 1
Event: 51127.756 Thread 0x00000125d382e000 DEOPT PACKING pc=0x00000124364d085c sp=0x00000003388fed90
Event: 51127.756 Thread 0x00000125d382e000 DEOPT UNPACKING pc=0x00000124357f7898 sp=0x00000003388feb88 mode 1
Event: 51128.079 Thread 0x0000012476db0000 Thread added: 0x0000012476db0000


Dynamic libraries:
0x00007ff6f1a40000 - 0x00007ff6f1a87000 	D:\Java\Java\jdk1.8\bin\java.exe
0x00007ffd0dc30000 - 0x00007ffd0de1e000 	C:\Windows\SYSTEM32\ntdll.dll
0x00007ffd0d410000 - 0x00007ffd0d4c3000 	C:\Windows\System32\KERNEL32.DLL
0x00007ffd0a620000 - 0x00007ffd0a8bd000 	C:\Windows\System32\KERNELBASE.dll
0x00007ffd0ccd0000 - 0x00007ffd0cd77000 	C:\Windows\System32\ADVAPI32.dll
0x00007ffd0af10000 - 0x00007ffd0afae000 	C:\Windows\System32\msvcrt.dll
0x00007ffd0afb0000 - 0x00007ffd0b04f000 	C:\Windows\System32\sechost.dll
0x00007ffd0b550000 - 0x00007ffd0b66d000 	C:\Windows\System32\RPCRT4.dll
0x00007ffd0d530000 - 0x00007ffd0d6c8000 	C:\Windows\System32\USER32.dll
0x00007ffd0a5b0000 - 0x00007ffd0a5d0000 	C:\Windows\System32\win32u.dll
0x00007ffd0dba0000 - 0x00007ffd0dbc9000 	C:\Windows\System32\GDI32.dll
0x00007ffd0a8c0000 - 0x00007ffd0aa60000 	C:\Windows\System32\gdi32full.dll
0x00007ffd0ab60000 - 0x00007ffd0ac00000 	C:\Windows\System32\msvcp_win.dll
0x00007ffd0aa60000 - 0x00007ffd0ab5a000 	C:\Windows\System32\ucrtbase.dll
0x00007ffcf3f00000 - 0x00007ffcf4179000 	C:\Windows\WinSxS\amd64_microsoft.windows.common-controls_6595b64144ccf1df_6.0.17763.3887_none_de7547fe5347b868\COMCTL32.dll
0x00007ffd0d800000 - 0x00007ffd0db2c000 	C:\Windows\System32\combase.dll
0x00007ffd0a520000 - 0x00007ffd0a5a2000 	C:\Windows\System32\bcryptPrimitives.dll
0x00007ffd0dbd0000 - 0x00007ffd0dbfe000 	C:\Windows\System32\IMM32.DLL
0x00007ffd04bc0000 - 0x00007ffd04c2d000 	C:\Windows\LVUAAgentInstBaseRoot\system32\Vozokopot.dll
0x00007ffcf4230000 - 0x00007ffcf4838000 	C:\Windows\LVUAAgentInstBaseRoot\system32\MozartBreathCore.dll
0x00007ffd0b6d0000 - 0x00007ffd0b73d000 	C:\Windows\System32\WS2_32.dll
0x00007ffd0d6d0000 - 0x00007ffd0d7f6000 	C:\Windows\System32\COMDLG32.dll
0x00007ffd0b4a0000 - 0x00007ffd0b547000 	C:\Windows\System32\shcore.dll
0x00007ffd0d4d0000 - 0x00007ffd0d522000 	C:\Windows\System32\SHLWAPI.dll
0x00007ffd0b7d0000 - 0x00007ffd0ccc8000 	C:\Windows\System32\SHELL32.dll
0x00007ffd09cd0000 - 0x00007ffd09d1a000 	C:\Windows\System32\cfgmgr32.dll
0x00007ffd09d20000 - 0x00007ffd0a469000 	C:\Windows\System32\windows.storage.dll
0x00007ffd09120000 - 0x00007ffd0915d000 	C:\Windows\SYSTEM32\IPHLPAPI.DLL
0x00007ffd09c00000 - 0x00007ffd09c23000 	C:\Windows\System32\profapi.dll
0x00007ffd09c70000 - 0x00007ffd09ccd000 	C:\Windows\System32\powrprof.dll
0x00007ffd09c30000 - 0x00007ffd09c41000 	C:\Windows\System32\kernel.appcore.dll
0x00007ffd08240000 - 0x00007ffd08253000 	C:\Windows\SYSTEM32\WTSAPI32.dll
0x00007ffd0a600000 - 0x00007ffd0a61b000 	C:\Windows\System32\cryptsp.dll
0x00007ffd0b120000 - 0x00007ffd0b276000 	C:\Windows\System32\ole32.dll
0x00007ffd0b050000 - 0x00007ffd0b114000 	C:\Windows\System32\OLEAUT32.dll
0x00007ffcf5f80000 - 0x00007ffcf5f9b000 	C:\Windows\SYSTEM32\MPR.dll
0x00007ffd09160000 - 0x00007ffd09226000 	C:\Windows\SYSTEM32\DNSAPI.dll
0x00007ffcf5010000 - 0x00007ffcf509f000 	C:\Windows\SYSTEM32\WINSPOOL.DRV
0x00007ffd0b740000 - 0x00007ffd0b748000 	C:\Windows\System32\NSI.dll
0x00007ffd0a5d0000 - 0x00007ffd0a5f6000 	C:\Windows\System32\bcrypt.dll
0x00007ffd08270000 - 0x00007ffd08419000 	C:\Windows\SYSTEM32\PROPSYS.dll
0x00007ffcf5000000 - 0x00007ffcf5009000 	C:\Windows\SYSTEM32\wsock32.dll
0x00007ffcffbd0000 - 0x00007ffcffbe5000 	D:\Java\Java\jdk1.8\jre\bin\vcruntime140.dll
0x00007ffcf4fe0000 - 0x00007ffcf4ffe000 	C:\Windows\LVUAAgentInstBaseRoot\system32\MozartBreathFw.dll
0x00007ffcffb30000 - 0x00007ffcffbcb000 	D:\Java\Java\jdk1.8\jre\bin\msvcp140.dll
0x00007ffcf3a50000 - 0x00007ffcf3a9b000 	C:\Windows\LVUAAgentInstBaseRoot\system32\MozartBreathFile.dll
0x000000005c6a0000 - 0x000000005cf0c000 	D:\Java\Java\jdk1.8\jre\bin\server\jvm.dll
0x00007ffd0db90000 - 0x00007ffd0db98000 	C:\Windows\System32\PSAPI.DLL
0x00007ffd03df0000 - 0x00007ffd03e14000 	C:\Windows\SYSTEM32\WINMM.dll
0x00007ffcfab20000 - 0x00007ffcfab2a000 	C:\Windows\SYSTEM32\VERSION.dll
0x00007ffd03dc0000 - 0x00007ffd03ded000 	C:\Windows\SYSTEM32\WINMMBASE.dll
0x00007ffcf3850000 - 0x00007ffcf3a44000 	C:\Windows\LVUAAgentInstBaseRoot\system32\MozartBreathProcess.dll
0x00007ffd0ac00000 - 0x00007ffd0adf5000 	C:\Windows\System32\CRYPT32.dll
0x00007ffd09c50000 - 0x00007ffd09c62000 	C:\Windows\System32\MSASN1.dll
0x00007ffcf3800000 - 0x00007ffcf3850000 	C:\Windows\LVUAAgentInstBaseRoot\system32\MozartBreathBolo2.dll
0x00007ffcf4e10000 - 0x00007ffcf4e1e000 	C:\Windows\LVUAAgentInstBaseRoot\system32\MozartBreathBurn.dll
0x00007ffcf4df0000 - 0x00007ffcf4e02000 	C:\Windows\LVUAAgentInstBaseRoot\system32\MozartBreathProtect.dll
0x00007ffcffb20000 - 0x00007ffcffb30000 	D:\Java\Java\jdk1.8\jre\bin\verify.dll
0x00007ffcf7380000 - 0x00007ffcf73ab000 	D:\Java\Java\jdk1.8\jre\bin\java.dll
0x00007ffcecdb0000 - 0x00007ffcecde6000 	D:\Java\Java\jdk1.8\jre\bin\jdwp.dll
0x00007ffcf2cb0000 - 0x00007ffcf2cb9000 	D:\Java\Java\jdk1.8\jre\bin\npt.dll
0x00007ffcebb50000 - 0x00007ffcebb82000 	D:\Java\Java\jdk1.8\jre\bin\instrument.dll
0x00007ffcfbe40000 - 0x00007ffcfbe58000 	D:\Java\Java\jdk1.8\jre\bin\zip.dll
0x00007ffceb740000 - 0x00007ffceb74a000 	D:\Java\Java\jdk1.8\jre\bin\dt_socket.dll
0x00007ffd09400000 - 0x00007ffd09467000 	C:\Windows\system32\mswsock.dll
0x00007ffce7210000 - 0x00007ffce722c000 	D:\Java\Java\jdk1.8\jre\bin\net.dll
0x00007ffce6e40000 - 0x00007ffce6e6f000 	C:\Program Files (x86)\Sangfor\SSL\ClientComponent\SangforNspX64.dll
0x00007ffcf9520000 - 0x00007ffcf952a000 	C:\Windows\SYSTEM32\rasadhlp.dll
0x00007ffd02260000 - 0x00007ffd022d9000 	C:\Windows\System32\fwpuclnt.dll
0x00007ffcf7450000 - 0x00007ffcf745d000 	D:\Java\Java\jdk1.8\jre\bin\management.dll
0x00007ffce0550000 - 0x00007ffce0563000 	D:\Java\Java\jdk1.8\jre\bin\nio.dll
0x00007ffd08f90000 - 0x00007ffd08fc3000 	C:\Windows\system32\rsaenh.dll
0x00007ffd09b00000 - 0x00007ffd09b29000 	C:\Windows\SYSTEM32\USERENV.dll
0x00007ffd09580000 - 0x00007ffd0958c000 	C:\Windows\SYSTEM32\CRYPTBASE.dll
0x00007ffd02560000 - 0x00007ffd02576000 	C:\Windows\SYSTEM32\dhcpcsvc6.DLL
0x00007ffd02540000 - 0x00007ffd0255c000 	C:\Windows\SYSTEM32\dhcpcsvc.DLL
0x00007ffce6eb0000 - 0x00007ffce6ec6000 	C:\Windows\system32\napinsp.dll
0x00007ffce6e20000 - 0x00007ffce6e3a000 	C:\Windows\system32\pnrpnsp.dll
0x00007ffcec310000 - 0x00007ffcec31e000 	C:\Windows\System32\winrnr.dll
0x00007ffcfea40000 - 0x00007ffcfea5b000 	C:\Windows\system32\NLAapi.dll
0x00007ffce6e00000 - 0x00007ffce6e15000 	C:\Windows\system32\wshbth.dll
0x00007ffce0520000 - 0x00007ffce0544000 	D:\Java\Java\jdk1.8\jre\bin\sunec.dll
0x0000000070bc0000 - 0x0000000070c9c000 	D:\MyData\huangkd\AppData\Local\Temp\sqlite-3.36.0.3-1e6b141b-aa14-49b0-a05c-ce9b8e04cc42-sqlitejdbc.dll
0x00007ffcf7370000 - 0x00007ffcf737d000 	D:\Java\Java\jdk1.8\jre\bin\sunmscapi.dll
0x00007ffd09720000 - 0x00007ffd0974c000 	C:\Windows\SYSTEM32\ncrypt.dll
0x00007ffd096e0000 - 0x00007ffd0971c000 	C:\Windows\SYSTEM32\NTASN1.dll
0x00007ffc7ec60000 - 0x00007ffc7f23f000 	D:\MyData\huangkd\AppData\Local\Temp\nativelib-loader_9163588781138013913\dynarmic.dll
0x00007ffce12b0000 - 0x00007ffce12f5000 	D:\MyData\huangkd\AppData\Local\Temp\jna-1253673926\jna8747158220247304634.dll
0x00007ffcb4730000 - 0x00007ffcb494b000 	D:\MyData\huangkd\AppData\Local\Temp\jna-1253673926\jna6330861584724216125.dll
0x00007ffca0510000 - 0x00007ffca06a4000 	D:\Java\Java\jdk1.8\jre\bin\awt.dll
0x00007ffd03be0000 - 0x00007ffd03c6d000 	C:\Windows\SYSTEM32\apphelp.dll
0x00007ffcecc60000 - 0x00007ffcecc92000 	D:\Java\Java\jdk1.8\jre\bin\jpeg.dll
0x00007ffc82b70000 - 0x00007ffc82e8b000 	D:\MyData\huangkd\AppData\Local\Temp\tess4j\win32-x86-64\libtesseract500.dll
0x00007ffcf3120000 - 0x00007ffcf312b000 	C:\Windows\SYSTEM32\VCRUNTIME140_1.dll
0x00007ffc7d740000 - 0x00007ffc7db25000 	D:\MyData\huangkd\AppData\Local\Temp\tess4j\win32-x86-64\liblept1820.dll
0x00007ffcebe80000 - 0x00007ffcebebf000 	D:\Java\Java\jdk1.8\jre\bin\lcms.dll
0x00007ffd08850000 - 0x00007ffd08a3d000 	C:\Windows\SYSTEM32\dbghelp.dll

VM Arguments:
jvm_args: -agentlib:jdwp=transport=dt_socket,address=127.0.0.1:56687,suspend=y,server=n -XX:TieredStopAtLevel=1 -Xverify:none -Dspring.output.ansi.enabled=always -Dcom.sun.management.jmxremote -Dspring.jmx.enabled=true -Dspring.liveBeansView.mbeanDomain -Dspring.application.admin.enabled=true -javaagent:D:\MyData\huangkd\AppData\Local\JetBrains\IntelliJIdea2020.2\captureAgent\debugger-agent.jar -Dfile.encoding=UTF-8 
java_command: com.whitemagic2014.WMagicBotRApplication
java_class_path (initial): D:\Java\Java\jdk1.8\jre\lib\charsets.jar;D:\Java\Java\jdk1.8\jre\lib\deploy.jar;D:\Java\Java\jdk1.8\jre\lib\ext\access-bridge-64.jar;D:\Java\Java\jdk1.8\jre\lib\ext\cldrdata.jar;D:\Java\Java\jdk1.8\jre\lib\ext\dnsns.jar;D:\Java\Java\jdk1.8\jre\lib\ext\jaccess.jar;D:\Java\Java\jdk1.8\jre\lib\ext\jfxrt.jar;D:\Java\Java\jdk1.8\jre\lib\ext\localedata.jar;D:\Java\Java\jdk1.8\jre\lib\ext\nashorn.jar;D:\Java\Java\jdk1.8\jre\lib\ext\sunec.jar;D:\Java\Java\jdk1.8\jre\lib\ext\sunjce_provider.jar;D:\Java\Java\jdk1.8\jre\lib\ext\sunmscapi.jar;D:\Java\Java\jdk1.8\jre\lib\ext\sunpkcs11.jar;D:\Java\Java\jdk1.8\jre\lib\ext\zipfs.jar;D:\Java\Java\jdk1.8\jre\lib\javaws.jar;D:\Java\Java\jdk1.8\jre\lib\jce.jar;D:\Java\Java\jdk1.8\jre\lib\jfr.jar;D:\Java\Java\jdk1.8\jre\lib\jfxswt.jar;D:\Java\Java\jdk1.8\jre\lib\jsse.jar;D:\Java\Java\jdk1.8\jre\lib\management-agent.jar;D:\Java\Java\jdk1.8\jre\lib\plugin.jar;D:\Java\Java\jdk1.8\jre\lib\resources.jar;D:\Java\Java\jdk1.8\jre\lib\rt.jar;D:\MyData\huangkd\Desktop\robot\using\fork\WMagicBotR\target\classes;D:\Java\Maven\AppTools\maven\repository\org\springframework\boot\spring-boot-starter\2.3.1.RELEASE\spring-boot-starter-2.3.1.RELEASE.jar;D:\Java\Maven\AppTools\maven\repository\org\springframework\boot\spring-boot\2.3.1.RELEASE\spring-boot-2.3.1.RELEASE.jar;D:\Java\Maven\AppTools\maven\repository\org\springframework\spring-context\5.2.7.RELEASE\spring-context-5.2.7.RELEASE.jar;D:\Java\Maven\AppTools\maven\repository\org\springframework\boot\spring-boot-autoconfigure\2.3.1.RELEASE\spring-boot-autoconfigure-2.3.1.RELEASE.jar;D:\Java\Maven\AppTools\maven\repository\org\springframework\boot\spring-boot-starter-logging\2.3.1.RELEASE\spring-boot-starter-logging-2.3.1.RELEASE.jar;D:\Java\Maven\AppTools\maven\repository\ch\qos\logback\logback-classic\1.2.3\logback-classic-1.2.3.jar;D:\Java\Maven\AppTools\maven\repository\ch\qos\logback\logback-core\1.2.3\logback-core-1.2.3.jar;D:\Java\Maven\AppTools\maven\repository\org
Launcher Type: SUN_STANDARD

Environment Variables:
JAVA_HOME=D:\Java\Java\jdk1.8
PATH=C:\Program Files (x86)\Common Files\Oracle\Java\javapath;C:\Windows\system32;C:\Windows;C:\Windows\System32\Wbem;C:\Windows\System32\WindowsPowerShell\v1.0\;C:\Windows\System32\OpenSSH\;D:\Java\Git\Git\cmd;C:\Program Files\TortoiseGit\bin;D:\Java\HeidiSQL\putty\;C:\Program Files\Docker\Docker\resources\bin;D:\MyData\huangkd\AppData\Local\Programs\Python\Python310\Scripts\;D:\MyData\huangkd\AppData\Local\Programs\Python\Python310\;D:\MyData\huangkd\AppData\Local\Microsoft\WindowsApps;C:\Program Files\Bandizip\;D:\Java\IntelliJ_IDEA\IntelliJ IDEA Community Edition 2020.2.2\IntelliJ IDEA 2020.2.2\bin;;D:\Java\Java\jdk1.8\bin;D:\Java\IntelliJ_IDEA\IntelliJ IDEA Community Edition 2020.1\bin;;D:\Java\Maven\apache-maven-3.6.3\bin;D:\Java\MySQL\mysql-8.0.21-winx64\bin;D:\Java\Redis\redis;D:\Java\ElasticSearch\kibana\kibana-6.1.4\kibana-6.1.4-windows-x86_64\bin;D:\Java\projects\p3c-pmd;;E:\pycharm\PyCharm Community Edition 2023.1.1\bin;;E:\vs code\Microsoft VS Code\bin
USERNAME=huangkd
OS=Windows_NT
PROCESSOR_IDENTIFIER=Intel64 Family 6 Model 142 Stepping 12, GenuineIntel



---------------  S Y S T E M  ---------------

OS: Windows 10.0 , 64 bit Build 17763 (10.0.17763.3887)

CPU:total 8 (initial active 8) (4 cores per cpu, 2 threads per core) family 6 model 142 stepping 12, cmov, cx8, fxsr, mmx, sse, sse2, sse3, ssse3, sse4.1, sse4.2, popcnt, avx, avx2, aes, clmul, erms, 3dnowpref, lzcnt, ht, tsc, tscinvbit, bmi1, bmi2, adx

Memory: 4k page, physical 16502400k(2151984k free), swap 44813952k(14667468k free)

vm_info: Java HotSpot(TM) 64-Bit Server VM (25.261-b12) for windows-amd64 JRE (1.8.0_261-b12), built on Jun 18 2020 06:56:32 by "" with unknown MS VC++:1916

time: Thu Dec 14 08:48:59 2023
timezone: ?D1®≤°¿®∫°¡?®∫°¿??
elapsed time: 51128 seconds (0d 14h 12m 8s)

