#
# A fatal error has been detected by the Java Runtime Environment:
#
#  EXCEPTION_ACCESS_VIOLATION (0xc0000005) at pc=0x00000258ae08639d, pid=144, tid=0x00000000000018fc
#
# JRE version: Java(TM) SE Runtime Environment (8.0_261-b12) (build 1.8.0_261-b12)
# Java VM: Java HotSpot(TM) 64-Bit Server VM (25.261-b12 mixed mode windows-amd64 compressed oops)
# Problematic frame:
# C  0x00000258ae08639d
#
# Failed to write core dump. Minidumps are not enabled by default on client versions of Windows
#
# If you would like to submit a bug report, please visit:
#   http://bugreport.java.com/bugreport/crash.jsp
# The crash happened outside the Java Virtual Machine in native code.
# See problematic frame for where to report the bug.
#

---------------  T H R E A D  ---------------

Current thread (0x00000258ce2d4000):  JavaThread "magicTimer" daemon [_thread_in_native, id=6396, stack(0x000000656c100000,0x000000656c200000)]

siginfo: ExceptionCode=0xc0000005, writing address 0x000002588ad206a0

Registers:
RAX=0x00000000bffff6a0, RBX=0x00000258ae086340, RCX=0x00000258a67ccc40, RDX=0x00000258ae086340
RSP=0x000000656c1fae10, RBP=0x000000656c1fb110, RSI=0x000000004008fa24, RDI=0x0000000000000000
R8 =0x00000258ae086340, R9 =0x0000025888c28880, R10=0x00000000000006a0, R11=0x000002588ad20000
R12=0x00000007ffff0000, R13=0x0000000000000000, R14=0x0000025880c20000, R15=0x0000025888c280b0
RIP=0x00000258ae08639d, EFLAGS=0x0000000000010206

Top of Stack: (sp=0x000000656c1fae10)
0x000000656c1fae10:   00000006c4616040 00000258a8750000
0x000000656c1fae20:   00000006c42299a8 0000000000000000
0x000000656c1fae30:   0000000000000000 0000000000000000
0x000000656c1fae40:   0000000000000000 0000000000000000
0x000000656c1fae50:   0000000000000000 0000000000000000
0x000000656c1fae60:   0000000000000000 0000000000000000
0x000000656c1fae70:   0000000000000000 0000000000000000
0x000000656c1fae80:   0000000000000000 0000000000000000
0x000000656c1fae90:   0000000000000000 0000000000000000
0x000000656c1faea0:   0000000000000000 0000000000000000
0x000000656c1faeb0:   0000000000000000 0000000000000000
0x000000656c1faec0:   0000000000000000 0000000000000000
0x000000656c1faed0:   000000656c1fc2a0 00000258ce2d4000
0x000000656c1faee0:   0000025888c29548 000000656c1fafc0
0x000000656c1faef0:   0000025888c28880 000000656c1fb110
0x000000656c1faf00:   0000000000000000 000000004008fa24 

Instructions: (pc=0x00000258ae08639d)
0x00000258ae08637d:   00 00 ff 0f 85 d6 4d f2 05 4f 8b 1c d6 4d 85 db
0x00000258ae08638d:   0f 84 c9 4d f2 05 49 89 c2 49 81 e2 ff 0f 00 00
0x00000258ae08639d:   4f 89 2c 13 4d 8b af 10 03 00 00 49 c7 c3 a8 ff
0x00000258ae0863ad:   ff ff 4d 01 dd 49 f7 c5 07 00 00 00 0f 85 a7 4d 


Register to memory mapping:

RAX=0x00000000bffff6a0 is an unknown value
RBX=0x00000258ae086340 is an unknown value
RCX=0x00000258a67ccc40 is an unknown value
RDX=0x00000258ae086340 is an unknown value
RSP=0x000000656c1fae10 is pointing into the stack for thread: 0x00000258ce2d4000
RBP=0x000000656c1fb110 is pointing into the stack for thread: 0x00000258ce2d4000
RSI=0x000000004008fa24 is an unknown value
RDI=0x0000000000000000 is an unknown value
R8 =0x00000258ae086340 is an unknown value
R9 =0x0000025888c28880 is an unknown value
R10=0x00000000000006a0 is an unknown value
R11=0x000002588ad20000 is an unknown value
R12=0x00000007ffff0000 is an unknown value
R13=0x0000000000000000 is an unknown value
R14=0x0000025880c20000 is an unknown value
R15=0x0000025888c280b0 is an unknown value


Stack: [0x000000656c100000,0x000000656c200000],  sp=0x000000656c1fae10,  free space=1003k
Native frames: (J=compiled Java code, j=interpreted, Vv=VM code, C=native code)
C  0x00000258ae08639d

Java frames: (J=compiled Java code, j=interpreted, Vv=VM code)
J 10749  com.github.unidbg.arm.backend.dynarmic.Dynarmic.emu_start(JJ)I (0 bytes) @ 0x000002588eab3044 [0x000002588eab3000+0x44]
J 10748 C1 com.github.unidbg.arm.backend.dynarmic.Dynarmic.emu_start(J)V (41 bytes) @ 0x000002588eab27cc [0x000002588eab2780+0x4c]
J 10492 C1 com.github.unidbg.arm.backend.DynarmicBackend.emu_start(JJJJ)V (106 bytes) @ 0x000002588e9fc2cc [0x000002588e9fbf00+0x3cc]
J 10491 C1 com.github.unidbg.AbstractEmulator.emulate(JJ)Ljava/lang/Number; (765 bytes) @ 0x000002588e9f5734 [0x000002588e9f52e0+0x454]
J 10791 C1 com.github.unidbg.thread.Function64.run(Lcom/github/unidbg/AbstractEmulator;)Ljava/lang/Number; (92 bytes) @ 0x000002588eae4b1c [0x000002588eae4920+0x1fc]
J 10520 C1 com.github.unidbg.thread.MainTask.dispatch(Lcom/github/unidbg/AbstractEmulator;)Ljava/lang/Number; (23 bytes) @ 0x000002588ea0c6ec [0x000002588ea0c640+0xac]
J 10790 C1 com.github.unidbg.thread.UniThreadDispatcher.run(JLjava/util/concurrent/TimeUnit;)Ljava/lang/Number; (911 bytes) @ 0x000002588eadea54 [0x000002588eaddbc0+0xe94]
J 10789 C1 com.github.unidbg.thread.UniThreadDispatcher.runMainForResult(Lcom/github/unidbg/thread/MainTask;)Ljava/lang/Number; (216 bytes) @ 0x000002588eadc27c [0x000002588eadc000+0x27c]
J 10788 C1 com.github.unidbg.AbstractEmulator.runMainForResult(Lcom/github/unidbg/thread/MainTask;)Ljava/lang/Number; (46 bytes) @ 0x000002588eae4214 [0x000002588eae4140+0xd4]
J 10536 C1 com.github.unidbg.arm.AbstractARM64Emulator.eFunc(J[Ljava/lang/Number;)Ljava/lang/Number; (25 bytes) @ 0x000002588ea1e864 [0x000002588ea1e6a0+0x1c4]
J 11055 C1 com.github.unidbg.Module.emulateFunction(Lcom/github/unidbg/Emulator;J[Ljava/lang/Object;)Ljava/lang/Number; (245 bytes) @ 0x000002588eb7f7ec [0x000002588eb7eb20+0xccc]
J 10612 C1 com.github.unidbg.linux.android.dvm.DvmObject.callJniMethod(Lcom/github/unidbg/Emulator;Lcom/github/unidbg/linux/android/dvm/VM;Lcom/github/unidbg/linux/android/dvm/DvmClass;Lcom/github/unidbg/linux/android/dvm/DvmObject;Ljava/lang/String;[Ljava/lang/Object;)Ljava/lang/Number; (306 bytes) @ 0x000002588ea4a42c [0x000002588ea493c0+0x106c]
J 11582 C1 com.github.unidbg.linux.android.dvm.DvmObject.callJniMethodObject(Lcom/github/unidbg/Emulator;Ljava/lang/String;[Ljava/lang/Object;)Lcom/github/unidbg/linux/android/dvm/DvmObject; (73 bytes) @ 0x000002588ece0bbc [0x000002588ece0b40+0x7c]
J 11296 C1 com.tencent.mobileqq.sign.QQSecuritySign.getSign(Lmoe/fuqiuluo/unidbg/QSecVM;Ljava/lang/String;Ljava/lang/String;[BILjava/lang/String;Lcom/github/unidbg/linux/android/dvm/DvmObject;)Lcom/tencent/mobileqq/sign/QQSecuritySign$SignResultObject; (205 bytes) @ 0x000002588ec17cb4 [0x000002588ec17460+0x854]
J 11295 C1 com.tencent.mobileqq.sign.QQSecuritySign.getSign$default(Lcom/tencent/mobileqq/sign/QQSecuritySign;Lmoe/fuqiuluo/unidbg/QSecVM;Ljava/lang/String;Ljava/lang/String;[BILjava/lang/String;Lcom/github/unidbg/linux/android/dvm/DvmObject;ILjava/lang/Object;)Lcom/tencent/mobileqq/sign/QQSecuritySign$SignResultObject; (36 bytes) @ 0x000002588ec16d64 [0x000002588ec16c80+0xe4]
J 10663 C1 moe.fuqiuluo.api.UnidbgFetchQSign.sign(Ljava/lang/String;JI[BLjava/lang/String;Ljava/lang/String;Ljava/lang/String;Ljava/lang/String;Lkotlin/coroutines/Continuation;)Ljava/lang/Object; (931 bytes) @ 0x000002588ea6b82c [0x000002588ea6a9a0+0xe8c]
J 11294 C1 moe.fuqiuluo.api.UnidbgFetchQSign.sign$default(Lmoe/fuqiuluo/api/UnidbgFetchQSign;Ljava/lang/String;JI[BLjava/lang/String;Ljava/lang/String;Ljava/lang/String;Ljava/lang/String;Lkotlin/coroutines/Continuation;ILjava/lang/Object;)Ljava/lang/Object; (80 bytes) @ 0x000002588ec15f6c [0x000002588ec15c00+0x36c]
J 10662 C1 top.mrxiaom.qsign.QSignService$qSecurityGetSign$data$1.invokeSuspend(Ljava/lang/Object;)Ljava/lang/Object; (188 bytes) @ 0x000002588ea69a5c [0x000002588ea697a0+0x2bc]
J 6281 C1 kotlin.coroutines.jvm.internal.BaseContinuationImpl.resumeWith(Ljava/lang/Object;)V (128 bytes) @ 0x000002588e01425c [0x000002588e014140+0x11c]
J 6582 C1 kotlinx.coroutines.DispatchedTask.run()V (571 bytes) @ 0x000002588e0e3be4 [0x000002588e0e37c0+0x424]
J 8151 C1 kotlinx.coroutines.EventLoopImplBase.processNextEvent()J (205 bytes) @ 0x000002588e435c94 [0x000002588e435840+0x454]
J 11581 C1 kotlinx.coroutines.BlockingCoroutine.joinBlocking()Ljava/lang/Object; (242 bytes) @ 0x000002588ecdf834 [0x000002588ecdf740+0xf4]
J 11275 C1 kotlinx.coroutines.BuildersKt__BuildersKt.runBlocking(Lkotlin/coroutines/CoroutineContext;Lkotlin/jvm/functions/Function2;)Ljava/lang/Object; (162 bytes) @ 0x000002588ec0acfc [0x000002588ec0a780+0x57c]
J 8976 C1 top.mrxiaom.qsign.QSignService.qSecurityGetSign(Lnet/mamoe/mirai/internal/spi/EncryptServiceContext;ILjava/lang/String;[B)Lnet/mamoe/mirai/internal/spi/EncryptService$SignResult; (203 bytes) @ 0x000002588e604e64 [0x000002588e6046c0+0x7a4]
J 9984 C1 net.mamoe.mirai.internal.network.protocol.packet.OutgoingPacketKt.buildRawUniPacket(Lnet/mamoe/mirai/internal/network/QQAndroidClient;Lnet/mamoe/mirai/internal/network/protocol/packet/PacketEncryptType;Ljava/lang/String;Ljava/lang/String;[BLnet/mamoe/mirai/internal/deps/io/ktor/utils/io/core/ByteReadPacket;Ljava/lang/String;ILkotlin/jvm/functions/Function2;)Lnet/mamoe/mirai/internal/network/protocol/packet/OutgoingPacketWithRespType; (2277 bytes) @ 0x000002588e8996ec [0x000002588e898c40+0xaac]
j  net.mamoe.mirai.internal.network.protocol.packet.chat.receive.MessageSvcPbSendMsg.createToGroupImpl$mirai_core(Lnet/mamoe/mirai/internal/network/QQAndroidClient;Lnet/mamoe/mirai/contact/Group;Lnet/mamoe/mirai/message/data/MessageChain;Lnet/mamoe/mirai/message/data/MessageChain;ZLkotlin/jvm/functions/Function1;)Ljava/util/List;+543
J 11367 C1 net.mamoe.mirai.internal.network.protocol.packet.chat.receive.MessageSvc_PbSendMsgKt.createToGroup(Lnet/mamoe/mirai/internal/network/protocol/packet/chat/receive/MessageSvcPbSendMsg;Lnet/mamoe/mirai/internal/network/QQAndroidClient;Lnet/mamoe/mirai/contact/Group;Lnet/mamoe/mirai/message/data/MessageChain;Lnet/mamoe/mirai/message/data/MessageChain;ZLkotlin/jvm/functions/Function1;)Ljava/util/List; (63 bytes) @ 0x000002588ec47bbc [0x000002588ec47720+0x49c]
J 11352 C1 net.mamoe.mirai.internal.message.protocol.outgoing.GroupMessageProtocolStrategy.createPacketsForGeneralMessage(Lnet/mamoe/mirai/internal/network/QQAndroidClient;Lnet/mamoe/mirai/internal/contact/AbstractContact;Lnet/mamoe/mirai/message/data/MessageChain;Lnet/mamoe/mirai/message/data/MessageChain;ZLkotlin/jvm/functions/Function1;Lkotlin/coroutines/Continuation;)Ljava/lang/Object; (19 bytes) @ 0x000002588ec3c014 [0x000002588ec3bf40+0xd4]
J 10349 C1 net.mamoe.mirai.internal.message.protocol.impl.GeneralMessageSenderProtocol$GeneralMessageSender.process(Lnet/mamoe/mirai/internal/message/protocol/outgoing/OutgoingMessagePipelineContext;Lkotlin/coroutines/Continuation;)Ljava/lang/Object; (848 bytes) @ 0x000002588e986a14 [0x000002588e985b40+0xed4]
J 9733 C1 net.mamoe.mirai.internal.message.protocol.outgoing.OutgoingMessageProcessorAdapter.process(Lnet/mamoe/mirai/internal/pipeline/ProcessorPipelineContext;Ljava/lang/Object;Lkotlin/coroutines/Continuation;)Ljava/lang/Object; (14 bytes) @ 0x000002588e7fd78c [0x000002588e7fd680+0x10c]
J 6417 C1 net.mamoe.mirai.internal.pipeline.AbstractProcessorPipeline.process$suspendImpl(Lnet/mamoe/mirai/internal/pipeline/AbstractProcessorPipeline;Ljava/lang/Object;Lnet/mamoe/mirai/internal/pipeline/ProcessorPipelineContext;Lnet/mamoe/mirai/utils/TypeSafeMap;Lkotlin/coroutines/Continuation;)Ljava/lang/Object; (685 bytes) @ 0x000002588e05deac [0x000002588e05c620+0x188c]
J 6575 C1 net.mamoe.mirai.internal.pipeline.AbstractProcessorPipeline.process(Ljava/lang/Object;Lnet/mamoe/mirai/internal/pipeline/ProcessorPipelineContext;Lnet/mamoe/mirai/utils/TypeSafeMap;Lkotlin/coroutines/Continuation;)Ljava/lang/Object; (10 bytes) @ 0x000002588e0e194c [0x000002588e0e18e0+0x6c]
J 10573 C1 net.mamoe.mirai.internal.message.protocol.MessageProtocolFacadeImpl.preprocessAndSendOutgoingImpl(Lnet/mamoe/mirai/internal/contact/AbstractContact;Lnet/mamoe/mirai/message/data/Message;Lnet/mamoe/mirai/internal/network/component/ComponentStorage;Lkotlin/coroutines/Continuation;)Ljava/lang/Object; (382 bytes) @ 0x000002588ea30c54 [0x000002588ea30380+0x8d4]
J 10574 C1 net.mamoe.mirai.internal.message.protocol.MessageProtocolFacadeImpl.preprocessAndSendOutgoing(Lnet/mamoe/mirai/internal/contact/AbstractContact;Lnet/mamoe/mirai/message/data/Message;Lnet/mamoe/mirai/internal/network/component/ComponentStorage;Lkotlin/coroutines/Continuation;)Ljava/lang/Object; (192 bytes) @ 0x000002588ea32864 [0x000002588ea324c0+0x3a4]
J 10575 C1 net.mamoe.mirai.internal.contact.AbstractUserKt.sendMessageImpl(Lnet/mamoe/mirai/internal/contact/AbstractContact;Lnet/mamoe/mirai/message/data/Message;Lnet/mamoe/mirai/internal/message/protocol/outgoing/MessageProtocolStrategy;Lkotlin/jvm/functions/Function2;Lkotlin/jvm/functions/Function4;Lkotlin/coroutines/Continuation;)Ljava/lang/Object; (677 bytes) @ 0x000002588ea3415c [0x000002588ea33640+0xb1c]
J 11330 C1 net.mamoe.mirai.internal.contact.CommonGroupImpl.sendMessage$suspendImpl(Lnet/mamoe/mirai/internal/contact/CommonGroupImpl;Lnet/mamoe/mirai/message/data/Message;Lkotlin/coroutines/Continuation;)Ljava/lang/Object; (106 bytes) @ 0x000002588ec2e054 [0x000002588ec2dea0+0x1b4]
J 11329 C1 net.mamoe.mirai.internal.contact.CommonGroupImpl.sendMessage(Lnet/mamoe/mirai/message/data/Message;Lkotlin/coroutines/Continuation;)Ljava/lang/Object; (7 bytes) @ 0x000002588ec2daf4 [0x000002588ec2daa0+0x54]
J 11327 C1 net.mamoe.mirai.contact.Group$sendMessage$1.invoke(Ljava/lang/Object;)Ljava/lang/Object; (9 bytes) @ 0x000002588ec2d46c [0x000002588ec2d3c0+0xac]
J 9928 C1 kotlin.coroutines.intrinsics.IntrinsicsKt__IntrinsicsJvmKt$createCoroutineUnintercepted$$inlined$createCoroutineFromSuspendFunction$IntrinsicsKt__IntrinsicsJvmKt$1.invokeSuspend(Ljava/lang/Object;)Ljava/lang/Object; (102 bytes) @ 0x000002588e869244 [0x000002588e869040+0x204]
J 6281 C1 kotlin.coroutines.jvm.internal.BaseContinuationImpl.resumeWith(Ljava/lang/Object;)V (128 bytes) @ 0x000002588e01425c [0x000002588e014140+0x11c]
J 10551 C1 kotlin.coroutines.ContinuationKt.startCoroutine(Lkotlin/jvm/functions/Function1;Lkotlin/coroutines/Continuation;)V (36 bytes) @ 0x000002588ea267f4 [0x000002588ea26520+0x2d4]
J 10695 C1 net.mamoe.mirai.contact.Group.sendMessage(Lnet/mamoe/mirai/message/data/Message;)Lnet/mamoe/mirai/message/MessageReceipt; (25 bytes) @ 0x000002588ea94d74 [0x000002588ea94bc0+0x1b4]
j  com.whitemagic2014.command.impl.group.immortal.AutoExerciseCommand.lambda$startAuto$5(Lnet/mamoe/mirai/Bot;)V+45
j  com.whitemagic2014.command.impl.group.immortal.AutoExerciseCommand$$Lambda$565.handle()V+8
J 9890 C1 com.whitemagic2014.util.time.MagicPeriodTask.run()V (45 bytes) @ 0x000002588e852a74 [0x000002588e852840+0x234]
j  java.util.TimerThread.mainLoop()V+221
j  java.util.TimerThread.run()V+1
v  ~StubRoutines::call_stub

---------------  P R O C E S S  ---------------

Java Threads: ( => current thread )
  0x0000025a53f8d800 JavaThread "Timer-642" [_thread_blocked, id=14620, stack(0x000000656bd00000,0x000000656be00000)]
  0x0000025a53f9a000 JavaThread "OkHttp TaskRunner" daemon [_thread_blocked, id=15936, stack(0x000000656ba00000,0x000000656bb00000)]
  0x0000025a53f95800 JavaThread "Okio Watchdog" daemon [_thread_blocked, id=36656, stack(0x000000656b700000,0x000000656b800000)]
  0x0000025a53f98800 JavaThread "OkHttp TaskRunner" daemon [_thread_blocked, id=23440, stack(0x000000656b600000,0x000000656b700000)]
  0x0000025a53f9c800 JavaThread "OkHttp snowflake.qq.com" daemon [_thread_in_native, id=18644, stack(0x000000656a400000,0x000000656a500000)]
  0x0000025a53f97000 JavaThread "OkHttp Dispatcher" [_thread_blocked, id=30368, stack(0x0000006568c00000,0x0000006568d00000)]
  0x0000025a53f9b800 JavaThread "nioEventLoopGroup-4-2" [_thread_in_native, id=2216, stack(0x0000006568b00000,0x0000006568c00000)]
  0x0000025a53f9b000 JavaThread "nioEventLoopGroup-4-1" [_thread_in_native, id=31120, stack(0x0000006568a00000,0x0000006568b00000)]
  0x00000258ce2d2800 JavaThread "OkHttp TaskRunner" daemon [_thread_blocked, id=21840, stack(0x000000656ce00000,0x000000656cf00000)]
  0x0000025a53f92000 JavaThread "DefaultDispatcher-worker-2" daemon [_thread_blocked, id=15496, stack(0x000000656dc00000,0x000000656dd00000)]
  0x0000025a53f95000 JavaThread "DefaultDispatcher-worker-7" daemon [_thread_blocked, id=15860, stack(0x000000656d600000,0x000000656d700000)]
  0x0000025a53f8f000 JavaThread "logback-2" daemon [_thread_blocked, id=1364, stack(0x000000656be00000,0x000000656bf00000)]
  0x0000025880b5e000 JavaThread "DefaultDispatcher-worker-6" daemon [_thread_blocked, id=25132, stack(0x000000656e200000,0x000000656e300000)]
  0x0000025880b5b000 JavaThread "DefaultDispatcher-worker-1" daemon [_thread_blocked, id=31672, stack(0x000000656e100000,0x000000656e200000)]
  0x0000025880b62000 JavaThread "DefaultDispatcher-worker-5" daemon [_thread_blocked, id=14088, stack(0x000000656e000000,0x000000656e100000)]
  0x0000025880b61000 JavaThread "DefaultDispatcher-worker-3" daemon [_thread_blocked, id=35312, stack(0x000000656df00000,0x000000656e000000)]
  0x0000025a53f8f800 JavaThread "Keep-Alive-SocketCleaner" daemon [_thread_blocked, id=10132, stack(0x000000656c500000,0x000000656c600000)]
  0x0000025880b60800 JavaThread "DefaultDispatcher-worker-8" daemon [_thread_in_native, id=16096, stack(0x000000656d000000,0x000000656d100000)]
  0x00000258ce2d1000 JavaThread "DefaultDispatcher-worker-4" daemon [_thread_blocked, id=26916, stack(0x000000656c700000,0x000000656c800000)]
  0x00000258ce2d6000 JavaThread "Mirai ExternalResource Leak Observer Thread" daemon [_thread_blocked, id=21168, stack(0x000000656bb00000,0x000000656bc00000)]
  0x0000025a53f93800 JavaThread "logback-1" daemon [_thread_blocked, id=9344, stack(0x000000656b900000,0x000000656ba00000)]
  0x00000258ce2d9000 JavaThread "å¤„ç†æŒ‡ä»¤çº¿ç¨‹" [_thread_blocked, id=22248, stack(0x000000656d700000,0x000000656d800000)]
  0x00000258ce2da000 JavaThread "nioEventLoopGroup-3-2" [_thread_blocked, id=22492, stack(0x000000656b800000,0x000000656b900000)]
  0x0000025880b5d000 JavaThread "å¤„ç†æŒ‡ä»¤çº¿ç¨‹" [_thread_blocked, id=23944, stack(0x000000656da00000,0x000000656db00000)]
  0x00000258ce2dd000 JavaThread "å¤„ç†æŒ‡ä»¤çº¿ç¨‹" [_thread_blocked, id=16504, stack(0x000000656d900000,0x000000656da00000)]
  0x00000258ce2d4800 JavaThread "å¤„ç†æŒ‡ä»¤çº¿ç¨‹" [_thread_blocked, id=19008, stack(0x000000656d300000,0x000000656d400000)]
  0x00000258ce2db800 JavaThread "å¤„ç†æŒ‡ä»¤çº¿ç¨‹" [_thread_blocked, id=31496, stack(0x000000656c000000,0x000000656c100000)]
=>0x00000258ce2d4000 JavaThread "magicTimer" daemon [_thread_in_native, id=6396, stack(0x000000656c100000,0x000000656c200000)]
  0x00000258ce2d8800 JavaThread "Java2D Disposer" daemon [_thread_blocked, id=12920, stack(0x000000656d200000,0x000000656d300000)]
  0x00000258abf96000 JavaThread "DestroyJavaVM" [_thread_blocked, id=22220, stack(0x0000006568d00000,0x0000006568e00000)]
  0x00000258abf95800 JavaThread "Thread-213" [_thread_blocked, id=23236, stack(0x000000656d100000,0x000000656d200000)]
  0x00000258abf8f800 JavaThread "kotlinx.coroutines.DefaultExecutor" daemon [_thread_blocked, id=34076, stack(0x000000656bc00000,0x000000656bd00000)]
  0x0000025880b5b800 JavaThread "http-nio-28282-Acceptor" daemon [_thread_in_native, id=11932, stack(0x000000656b500000,0x000000656b600000)]
  0x0000025880b53800 JavaThread "http-nio-28282-ClientPoller" daemon [_thread_in_native, id=18420, stack(0x000000656b400000,0x000000656b500000)]
  0x0000025880b5a000 JavaThread "http-nio-28282-exec-10" daemon [_thread_blocked, id=25920, stack(0x000000656b300000,0x000000656b400000)]
  0x0000025880b52800 JavaThread "http-nio-28282-exec-9" daemon [_thread_blocked, id=17264, stack(0x000000656b200000,0x000000656b300000)]
  0x0000025880b59800 JavaThread "http-nio-28282-exec-8" daemon [_thread_blocked, id=9456, stack(0x000000656b100000,0x000000656b200000)]
  0x0000025880b58000 JavaThread "http-nio-28282-exec-7" daemon [_thread_blocked, id=28092, stack(0x000000656b000000,0x000000656b100000)]
  0x0000025880b57000 JavaThread "http-nio-28282-exec-6" daemon [_thread_blocked, id=30672, stack(0x000000656af00000,0x000000656b000000)]
  0x0000025880b55000 JavaThread "http-nio-28282-exec-5" daemon [_thread_blocked, id=21340, stack(0x000000656ae00000,0x000000656af00000)]
  0x0000025880b56800 JavaThread "http-nio-28282-exec-4" daemon [_thread_blocked, id=18100, stack(0x000000656ad00000,0x000000656ae00000)]
  0x0000025880b54000 JavaThread "http-nio-28282-exec-3" daemon [_thread_blocked, id=4560, stack(0x000000656ac00000,0x000000656ad00000)]
  0x0000025880b58800 JavaThread "http-nio-28282-exec-2" daemon [_thread_blocked, id=27216, stack(0x000000656ab00000,0x000000656ac00000)]
  0x0000025880b55800 JavaThread "http-nio-28282-exec-1" daemon [_thread_blocked, id=7592, stack(0x000000656aa00000,0x000000656ab00000)]
  0x00000258a90e9000 JavaThread "http-nio-28282-BlockPoller" daemon [_thread_in_native, id=34832, stack(0x000000656a900000,0x000000656aa00000)]
  0x00000258a90e8800 JavaThread "container-0" [_thread_blocked, id=16048, stack(0x000000656a800000,0x000000656a900000)]
  0x00000258a90eb800 JavaThread "Catalina-utility-2" [_thread_blocked, id=34496, stack(0x000000656a700000,0x000000656a800000)]
  0x00000258a90ea000 JavaThread "Catalina-utility-1" [_thread_blocked, id=24236, stack(0x000000656a600000,0x000000656a700000)]
  0x00000258a9036000 JavaThread "RMI Scheduler(0)" daemon [_thread_blocked, id=13704, stack(0x000000656a500000,0x000000656a600000)]
  0x0000025880a54800 JavaThread "RMI TCP Accept-0" daemon [_thread_in_native, id=14896, stack(0x000000656a200000,0x000000656a300000)]
  0x0000025880766800 JavaThread "Service Thread" daemon [_thread_blocked, id=36224, stack(0x000000656a100000,0x000000656a200000)]
  0x0000025880763800 JavaThread "C1 CompilerThread3" daemon [_thread_blocked, id=15488, stack(0x000000656a000000,0x000000656a100000)]
  0x0000025880674000 JavaThread "C2 CompilerThread2" daemon [_thread_blocked, id=8348, stack(0x0000006569f00000,0x000000656a000000)]
  0x000002588061f800 JavaThread "C2 CompilerThread1" daemon [_thread_blocked, id=33400, stack(0x0000006569e00000,0x0000006569f00000)]
  0x000002588061e800 JavaThread "C2 CompilerThread0" daemon [_thread_blocked, id=6648, stack(0x0000006569d00000,0x0000006569e00000)]
  0x0000025880060000 JavaThread "JDWP Command Reader" daemon [_thread_in_native, id=22720, stack(0x0000006569c00000,0x0000006569d00000)]
  0x000002588005d800 JavaThread "JDWP Event Helper Thread" daemon [_thread_blocked, id=12980, stack(0x0000006569b00000,0x0000006569c00000)]
  0x0000025880059000 JavaThread "JDWP Transport Listener: dt_socket" daemon [_thread_blocked, id=24268, stack(0x0000006569a00000,0x0000006569b00000)]
  0x00000258a670a000 JavaThread "Attach Listener" daemon [_thread_blocked, id=19592, stack(0x0000006569900000,0x0000006569a00000)]
  0x00000258a66e9800 JavaThread "Signal Dispatcher" daemon [_thread_blocked, id=24652, stack(0x0000006568900000,0x0000006568a00000)]
  0x00000258a66d7000 JavaThread "Finalizer" daemon [_thread_blocked, id=26592, stack(0x0000006569800000,0x0000006569900000)]
  0x00000258a66d5800 JavaThread "Reference Handler" daemon [_thread_blocked, id=34684, stack(0x0000006569700000,0x0000006569800000)]

Other Threads:
  0x00000258a66aa800 VMThread [stack: 0x0000006569600000,0x0000006569700000] [id=16252]
  0x0000025880a6c800 WatcherThread [stack: 0x000000656a300000,0x000000656a400000] [id=14548]

VM state:not at safepoint (normal execution)

VM Mutex/Monitor currently owned by a thread: None

heap address: 0x00000006c4200000, size: 4030 MB, Compressed Oops mode: Zero based, Oop shift amount: 3
Narrow klass base: 0x0000000000000000, Narrow klass shift: 3
Compressed class space size: 1073741824 Address: 0x00000007c0000000

Heap:
 PSYoungGen      total 108544K, used 49906K [0x000000076c100000, 0x0000000777180000, 0x00000007c0000000)
  eden space 107008K, 45% used [0x000000076c100000,0x000000076f064b60,0x0000000772980000)
  from space 1536K, 89% used [0x0000000772b00000,0x0000000772c58000,0x0000000772c80000)
  to   space 36864K, 0% used [0x0000000774d80000,0x0000000774d80000,0x0000000777180000)
 ParOldGen       total 268288K, used 216470K [0x00000006c4200000, 0x00000006d4800000, 0x000000076c100000)
  object space 268288K, 80% used [0x00000006c4200000,0x00000006d1565978,0x00000006d4800000)
 Metaspace       used 76208K, capacity 78614K, committed 78888K, reserved 1118208K
  class space    used 9529K, capacity 9958K, committed 10032K, reserved 1048576K

Card table byte_map: [0x000002589c700000,0x000002589cee0000] byte_map_base: 0x00000258990df000

Marking Bits: (ParMarkBitMap*) 0x00000000678d4fb0
 Begin Bits: [0x000002589d420000, 0x00000258a1318000)
 End Bits:   [0x00000258a1318000, 0x00000258a5210000)

Polling page: 0x000002588b470000

CodeCache: size=245760Kb used=27002Kb max_used=27002Kb free=218757Kb
 bounds [0x000002588d340000, 0x000002588edb0000, 0x000002589c340000]
 total_blobs=12733 nmethods=11642 adapters=1010
 compilation: enabled

Compilation events (10 events):
Event: 51412.460 Thread 0x0000025880763800 11833       1       java.security.spec.PSSParameterSpec::getDigestAlgorithm (5 bytes)
Event: 51412.460 Thread 0x0000025880763800 nmethod 11833 0x000002588ed9e350 code [0x000002588ed9e4a0, 0x000002588ed9e5b8]
Event: 51412.464 Thread 0x0000025880763800 11834       1       sun.security.util.ECUtil::trimZeroes (36 bytes)
Event: 51412.464 Thread 0x0000025880763800 nmethod 11834 0x000002588ed9e610 code [0x000002588ed9e780, 0x000002588ed9e8f0]
Event: 51412.485 Thread 0x0000025880763800 11835  s    1       sun.security.util.MemoryCache::put (155 bytes)
Event: 51412.486 Thread 0x0000025880763800 nmethod 11835 0x000002588ed9e9d0 code [0x000002588ed9ebe0, 0x000002588ed9f470]
Event: 51412.564 Thread 0x0000025880763800 11836       1       sun.security.util.MemoryCache::newEntry (29 bytes)
Event: 51412.565 Thread 0x0000025880763800 nmethod 11836 0x000002588ed9fa90 code [0x000002588ed9fc00, 0x000002588ed9fef0]
Event: 51412.565 Thread 0x0000025880763800 11837       1       java.util.concurrent.ConcurrentLinkedQueue::succ (19 bytes)
Event: 51412.565 Thread 0x0000025880763800 nmethod 11837 0x000002588eda0010 code [0x000002588eda0160, 0x000002588eda0298]

GC Heap History (10 events):
Event: 40639.051 GC heap before
{Heap before GC invocations=52 (full 3):
 PSYoungGen      total 154624K, used 116063K [0x000000076c100000, 0x0000000778080000, 0x00000007c0000000)
  eden space 116224K, 99% used [0x000000076c100000,0x0000000773197f30,0x0000000773280000)
  from space 38400K, 2% used [0x0000000775b00000,0x0000000775bc0000,0x0000000778080000)
  to   space 39936K, 0% used [0x0000000773280000,0x0000000773280000,0x0000000775980000)
 ParOldGen       total 268288K, used 216246K [0x00000006c4200000, 0x00000006d4800000, 0x000000076c100000)
  object space 268288K, 80% used [0x00000006c4200000,0x00000006d152d928,0x00000006d4800000)
 Metaspace       used 76047K, capacity 78486K, committed 78632K, reserved 1118208K
  class space    used 9528K, capacity 9958K, committed 10032K, reserved 1048576K
Event: 40639.068 GC heap after
Heap after GC invocations=52 (full 3):
 PSYoungGen      total 115200K, used 960K [0x000000076c100000, 0x0000000777e80000, 0x00000007c0000000)
  eden space 114176K, 0% used [0x000000076c100000,0x000000076c100000,0x0000000773080000)
  from space 1024K, 93% used [0x0000000773280000,0x0000000773370000,0x0000000773380000)
  to   space 39936K, 0% used [0x0000000775780000,0x0000000775780000,0x0000000777e80000)
 ParOldGen       total 268288K, used 216270K [0x00000006c4200000, 0x00000006d4800000, 0x000000076c100000)
  object space 268288K, 80% used [0x00000006c4200000,0x00000006d1533928,0x00000006d4800000)
 Metaspace       used 76047K, capacity 78486K, committed 78632K, reserved 1118208K
  class space    used 9528K, capacity 9958K, committed 10032K, reserved 1048576K
}
Event: 42692.803 GC heap before
{Heap before GC invocations=53 (full 3):
 PSYoungGen      total 115200K, used 115134K [0x000000076c100000, 0x0000000777e80000, 0x00000007c0000000)
  eden space 114176K, 99% used [0x000000076c100000,0x000000077307fad8,0x0000000773080000)
  from space 1024K, 93% used [0x0000000773280000,0x0000000773370000,0x0000000773380000)
  to   space 39936K, 0% used [0x0000000775780000,0x0000000775780000,0x0000000777e80000)
 ParOldGen       total 268288K, used 216270K [0x00000006c4200000, 0x00000006d4800000, 0x000000076c100000)
  object space 268288K, 80% used [0x00000006c4200000,0x00000006d1533928,0x00000006d4800000)
 Metaspace       used 76051K, capacity 78486K, committed 78632K, reserved 1118208K
  class space    used 9528K, capacity 9958K, committed 10032K, reserved 1048576K
Event: 42692.822 GC heap after
Heap after GC invocations=53 (full 3):
 PSYoungGen      total 150016K, used 640K [0x000000076c100000, 0x0000000777c80000, 0x00000007c0000000)
  eden space 112128K, 0% used [0x000000076c100000,0x000000076c100000,0x0000000772e80000)
  from space 37888K, 1% used [0x0000000775780000,0x0000000775820000,0x0000000777c80000)
  to   space 39936K, 0% used [0x0000000772e80000,0x0000000772e80000,0x0000000775580000)
 ParOldGen       total 268288K, used 216350K [0x00000006c4200000, 0x00000006d4800000, 0x000000076c100000)
  object space 268288K, 80% used [0x00000006c4200000,0x00000006d1547968,0x00000006d4800000)
 Metaspace       used 76051K, capacity 78486K, committed 78632K, reserved 1118208K
  class space    used 9528K, capacity 9958K, committed 10032K, reserved 1048576K
}
Event: 46638.781 GC heap before
{Heap before GC invocations=54 (full 3):
 PSYoungGen      total 150016K, used 112768K [0x000000076c100000, 0x0000000777c80000, 0x00000007c0000000)
  eden space 112128K, 100% used [0x000000076c100000,0x0000000772e80000,0x0000000772e80000)
  from space 37888K, 1% used [0x0000000775780000,0x0000000775820000,0x0000000777c80000)
  to   space 39936K, 0% used [0x0000000772e80000,0x0000000772e80000,0x0000000775580000)
 ParOldGen       total 268288K, used 216350K [0x00000006c4200000, 0x00000006d4800000, 0x000000076c100000)
  object space 268288K, 80% used [0x00000006c4200000,0x00000006d1547968,0x00000006d4800000)
 Metaspace       used 76199K, capacity 78614K, committed 78888K, reserved 1118208K
  class space    used 9528K, capacity 9958K, committed 10032K, reserved 1048576K
Event: 46638.799 GC heap after
Heap after GC invocations=54 (full 3):
 PSYoungGen      total 111616K, used 1120K [0x000000076c100000, 0x0000000777880000, 0x00000007c0000000)
  eden space 110080K, 0% used [0x000000076c100000,0x000000076c100000,0x0000000772c80000)
  from space 1536K, 72% used [0x0000000772e80000,0x0000000772f98000,0x0000000773000000)
  to   space 38912K, 0% used [0x0000000775280000,0x0000000775280000,0x0000000777880000)
 ParOldGen       total 268288K, used 216414K [0x00000006c4200000, 0x00000006d4800000, 0x000000076c100000)
  object space 268288K, 80% used [0x00000006c4200000,0x00000006d1557978,0x00000006d4800000)
 Metaspace       used 76199K, capacity 78614K, committed 78888K, reserved 1118208K
  class space    used 9528K, capacity 9958K, committed 10032K, reserved 1048576K
}
Event: 48126.566 GC heap before
{Heap before GC invocations=55 (full 3):
 PSYoungGen      total 111616K, used 111200K [0x000000076c100000, 0x0000000777880000, 0x00000007c0000000)
  eden space 110080K, 100% used [0x000000076c100000,0x0000000772c80000,0x0000000772c80000)
  from space 1536K, 72% used [0x0000000772e80000,0x0000000772f98000,0x0000000773000000)
  to   space 38912K, 0% used [0x0000000775280000,0x0000000775280000,0x0000000777880000)
 ParOldGen       total 268288K, used 216414K [0x00000006c4200000, 0x00000006d4800000, 0x000000076c100000)
  object space 268288K, 80% used [0x00000006c4200000,0x00000006d1557978,0x00000006d4800000)
 Metaspace       used 76200K, capacity 78614K, committed 78888K, reserved 1118208K
  class space    used 9528K, capacity 9958K, committed 10032K, reserved 1048576K
Event: 48126.570 GC heap after
Heap after GC invocations=55 (full 3):
 PSYoungGen      total 143872K, used 736K [0x000000076c100000, 0x0000000777500000, 0x00000007c0000000)
  eden space 108544K, 0% used [0x000000076c100000,0x000000076c100000,0x0000000772b00000)
  from space 35328K, 2% used [0x0000000775280000,0x0000000775338000,0x0000000777500000)
  to   space 37888K, 0% used [0x0000000772b00000,0x0000000772b00000,0x0000000775000000)
 ParOldGen       total 268288K, used 216454K [0x00000006c4200000, 0x00000006d4800000, 0x000000076c100000)
  object space 268288K, 80% used [0x00000006c4200000,0x00000006d1561978,0x00000006d4800000)
 Metaspace       used 76200K, capacity 78614K, committed 78888K, reserved 1118208K
  class space    used 9528K, capacity 9958K, committed 10032K, reserved 1048576K
}
Event: 49730.175 GC heap before
{Heap before GC invocations=56 (full 3):
 PSYoungGen      total 143872K, used 109280K [0x000000076c100000, 0x0000000777500000, 0x00000007c0000000)
  eden space 108544K, 100% used [0x000000076c100000,0x0000000772b00000,0x0000000772b00000)
  from space 35328K, 2% used [0x0000000775280000,0x0000000775338000,0x0000000777500000)
  to   space 37888K, 0% used [0x0000000772b00000,0x0000000772b00000,0x0000000775000000)
 ParOldGen       total 268288K, used 216454K [0x00000006c4200000, 0x00000006d4800000, 0x000000076c100000)
  object space 268288K, 80% used [0x00000006c4200000,0x00000006d1561978,0x00000006d4800000)
 Metaspace       used 76200K, capacity 78614K, committed 78888K, reserved 1118208K
  class space    used 9528K, capacity 9958K, committed 10032K, reserved 1048576K
Event: 49730.194 GC heap after
Heap after GC invocations=56 (full 3):
 PSYoungGen      total 108544K, used 1376K [0x000000076c100000, 0x0000000777180000, 0x00000007c0000000)
  eden space 107008K, 0% used [0x000000076c100000,0x000000076c100000,0x0000000772980000)
  from space 1536K, 89% used [0x0000000772b00000,0x0000000772c58000,0x0000000772c80000)
  to   space 36864K, 0% used [0x0000000774d80000,0x0000000774d80000,0x0000000777180000)
 ParOldGen       total 268288K, used 216470K [0x00000006c4200000, 0x00000006d4800000, 0x000000076c100000)
  object space 268288K, 80% used [0x00000006c4200000,0x00000006d1565978,0x00000006d4800000)
 Metaspace       used 76200K, capacity 78614K, committed 78888K, reserved 1118208K
  class space    used 9528K, capacity 9958K, committed 10032K, reserved 1048576K
}

Deoptimization events (0 events):
No events

Classes redefined (0 events):
No events

Internal exceptions (10 events):
Event: 35632.866 Thread 0x00000258abf90000 Exception <a 'java/lang/ClassCastException'> (0x0000000772d7c990) thrown at [C:\jenkins\workspace\8-2-build-windows-amd64-cygwin\jdk8u261\295\hotspot\src\share\vm\runtime\sharedRuntime.cpp, line 605]
Event: 36817.233 Thread 0x00000258ce2d3000 Exception <a 'java/lang/ClassCastException'> (0x00000007708f5a18) thrown at [C:\jenkins\workspace\8-2-build-windows-amd64-cygwin\jdk8u261\295\hotspot\src\share\vm\runtime\sharedRuntime.cpp, line 605]
Event: 36825.237 Thread 0x00000258abf9a000 Exception <a 'java/lang/ClassCastException'> (0x0000000770f46710) thrown at [C:\jenkins\workspace\8-2-build-windows-amd64-cygwin\jdk8u261\295\hotspot\src\share\vm\runtime\sharedRuntime.cpp, line 605]
Event: 39793.152 Thread 0x00000258abf97000 Exception <a 'java/lang/ClassCastException'> (0x0000000772a906e8) thrown at [C:\jenkins\workspace\8-2-build-windows-amd64-cygwin\jdk8u261\295\hotspot\src\share\vm\runtime\sharedRuntime.cpp, line 605]
Event: 39801.668 Thread 0x00000258abf94800 Exception <a 'java/lang/ClassCastException'> (0x0000000772aa1ce0) thrown at [C:\jenkins\workspace\8-2-build-windows-amd64-cygwin\jdk8u261\295\hotspot\src\share\vm\runtime\sharedRuntime.cpp, line 605]
Event: 49112.381 Thread 0x00000258abf90000 Exception <a 'java/lang/ClassCastException'> (0x000000076ecdb548) thrown at [C:\jenkins\workspace\8-2-build-windows-amd64-cygwin\jdk8u261\295\hotspot\src\share\vm\runtime\sharedRuntime.cpp, line 605]
Event: 49120.402 Thread 0x00000258abf97000 Exception <a 'java/lang/ClassCastException'> (0x000000076ed21c38) thrown at [C:\jenkins\workspace\8-2-build-windows-amd64-cygwin\jdk8u261\295\hotspot\src\share\vm\runtime\sharedRuntime.cpp, line 605]
Event: 49579.589 Thread 0x00000258abf94000 Exception <a 'java/lang/ClassCastException'> (0x00000007724413b8) thrown at [C:\jenkins\workspace\8-2-build-windows-amd64-cygwin\jdk8u261\295\hotspot\src\share\vm\runtime\sharedRuntime.cpp, line 605]
Event: 49587.811 Thread 0x00000258abf97000 Exception <a 'java/lang/ClassCastException'> (0x000000077258d5c8) thrown at [C:\jenkins\workspace\8-2-build-windows-amd64-cygwin\jdk8u261\295\hotspot\src\share\vm\runtime\sharedRuntime.cpp, line 605]
Event: 51411.990 Thread 0x00000258ce2da000 Exception <a 'java/io/IOException'> (0x000000076d99e668) thrown at [C:\jenkins\workspace\8-2-build-windows-amd64-cygwin\jdk8u261\295\hotspot\src\share\vm\prims\jni.cpp, line 710]

Events (10 events):
Event: 51412.602 Executing VM operation: RevokeBias
Event: 51412.603 Executing VM operation: RevokeBias done
Event: 51412.603 Executing VM operation: BulkRevokeBias
Event: 51412.604 Executing VM operation: BulkRevokeBias done
Event: 51412.604 Thread 0x0000025880b5e000 DEOPT PACKING pc=0x000002588ddfdd92 sp=0x000000656e2fecb0
Event: 51412.604 Thread 0x0000025880b5e000 DEOPT UNPACKING pc=0x000002588d387898 sp=0x000000656e2fe9e0 mode 1
Event: 51412.604 Thread 0x0000025880b5e000 DEOPT PACKING pc=0x000002588e01425c sp=0x000000656e2fed80
Event: 51412.604 Thread 0x0000025880b5e000 DEOPT UNPACKING pc=0x000002588d387898 sp=0x000000656e2feb78 mode 1
Event: 51413.042 Thread 0x0000025a53f8d800 Thread exited: 0x0000025a53f8d800
Event: 51413.630 Thread 0x0000025a53f8d800 Thread added: 0x0000025a53f8d800


Dynamic libraries:
0x00007ff72d280000 - 0x00007ff72d2c7000 	D:\Java\Java\jdk1.8\bin\java.exe
0x00007ff9b8b70000 - 0x00007ff9b8d5e000 	C:\Windows\SYSTEM32\ntdll.dll
0x00007ff9b7ce0000 - 0x00007ff9b7d93000 	C:\Windows\System32\KERNEL32.DLL
0x00007ff9b4ce0000 - 0x00007ff9b4f7d000 	C:\Windows\System32\KERNELBASE.dll
0x00007ff9b8a90000 - 0x00007ff9b8b37000 	C:\Windows\System32\ADVAPI32.dll
0x00007ff9b8670000 - 0x00007ff9b870e000 	C:\Windows\System32\msvcrt.dll
0x00007ff9b85d0000 - 0x00007ff9b866f000 	C:\Windows\System32\sechost.dll
0x00007ff9b88f0000 - 0x00007ff9b8a0d000 	C:\Windows\System32\RPCRT4.dll
0x00007ff9b8290000 - 0x00007ff9b8428000 	C:\Windows\System32\USER32.dll
0x00007ff9b5d80000 - 0x00007ff9b5da0000 	C:\Windows\System32\win32u.dll
0x00007ff9b79f0000 - 0x00007ff9b7a19000 	C:\Windows\System32\GDI32.dll
0x00007ff9b5030000 - 0x00007ff9b51d0000 	C:\Windows\System32\gdi32full.dll
0x00007ff9b54d0000 - 0x00007ff9b5570000 	C:\Windows\System32\msvcp_win.dll
0x00007ff9b53d0000 - 0x00007ff9b54ca000 	C:\Windows\System32\ucrtbase.dll
0x00007ff99e5a0000 - 0x00007ff99e819000 	C:\Windows\WinSxS\amd64_microsoft.windows.common-controls_6595b64144ccf1df_6.0.17763.3887_none_de7547fe5347b868\COMCTL32.dll
0x00007ff9b7380000 - 0x00007ff9b76ac000 	C:\Windows\System32\combase.dll
0x00007ff9b5570000 - 0x00007ff9b55f2000 	C:\Windows\System32\bcryptPrimitives.dll
0x00007ff9b7720000 - 0x00007ff9b774e000 	C:\Windows\System32\IMM32.DLL
0x00007ff9afb00000 - 0x00007ff9afb6d000 	C:\Windows\LVUAAgentInstBaseRoot\system32\Vozokopot.dll
0x00007ff999310000 - 0x00007ff999325000 	D:\Java\Java\jdk1.8\jre\bin\vcruntime140.dll
0x00007ff98cd40000 - 0x00007ff98cddb000 	D:\Java\Java\jdk1.8\jre\bin\msvcp140.dll
0x00000000670e0000 - 0x000000006794c000 	D:\Java\Java\jdk1.8\jre\bin\server\jvm.dll
0x00007ff9b79e0000 - 0x00007ff9b79e8000 	C:\Windows\System32\PSAPI.DLL
0x00007ff99ff70000 - 0x00007ff99ff79000 	C:\Windows\SYSTEM32\WSOCK32.dll
0x00007ff9b7da0000 - 0x00007ff9b7e0d000 	C:\Windows\System32\WS2_32.dll
0x00007ff9aed30000 - 0x00007ff9aed54000 	C:\Windows\SYSTEM32\WINMM.dll
0x00007ff9a5cd0000 - 0x00007ff9a5cda000 	C:\Windows\SYSTEM32\VERSION.dll
0x00007ff9aed00000 - 0x00007ff9aed2d000 	C:\Windows\SYSTEM32\WINMMBASE.dll
0x00007ff9b4c90000 - 0x00007ff9b4cda000 	C:\Windows\System32\cfgmgr32.dll
0x00007ff99eb10000 - 0x00007ff99f118000 	C:\Windows\LVUAAgentInstBaseRoot\system32\MozartBreathCore.dll
0x00007ff9b8710000 - 0x00007ff9b8836000 	C:\Windows\System32\COMDLG32.dll
0x00007ff9b7a20000 - 0x00007ff9b7ac7000 	C:\Windows\System32\shcore.dll
0x00007ff9b76b0000 - 0x00007ff9b7702000 	C:\Windows\System32\SHLWAPI.dll
0x00007ff9b5e80000 - 0x00007ff9b7378000 	C:\Windows\System32\SHELL32.dll
0x00007ff9b5630000 - 0x00007ff9b5d79000 	C:\Windows\System32\windows.storage.dll
0x00007ff9b4ba0000 - 0x00007ff9b4bc3000 	C:\Windows\System32\profapi.dll
0x00007ff9b4b40000 - 0x00007ff9b4b9d000 	C:\Windows\System32\powrprof.dll
0x00007ff9b3180000 - 0x00007ff9b3193000 	C:\Windows\SYSTEM32\WTSAPI32.dll
0x00007ff9b4060000 - 0x00007ff9b409d000 	C:\Windows\SYSTEM32\IPHLPAPI.DLL
0x00007ff9b4bd0000 - 0x00007ff9b4be1000 	C:\Windows\System32\kernel.appcore.dll
0x00007ff9b4c10000 - 0x00007ff9b4c2b000 	C:\Windows\System32\cryptsp.dll
0x00007ff9b7750000 - 0x00007ff9b78a6000 	C:\Windows\System32\ole32.dll
0x00007ff9b40a0000 - 0x00007ff9b4166000 	C:\Windows\SYSTEM32\DNSAPI.dll
0x00007ff9a1210000 - 0x00007ff9a122b000 	C:\Windows\SYSTEM32\MPR.dll
0x00007ff9b7910000 - 0x00007ff9b79d4000 	C:\Windows\System32\OLEAUT32.dll
0x00007ff9b7710000 - 0x00007ff9b7718000 	C:\Windows\System32\NSI.dll
0x00007ff99e820000 - 0x00007ff99e8af000 	C:\Windows\SYSTEM32\WINSPOOL.DRV
0x00007ff9b3330000 - 0x00007ff9b34d9000 	C:\Windows\SYSTEM32\PROPSYS.dll
0x00007ff9b5600000 - 0x00007ff9b5626000 	C:\Windows\System32\bcrypt.dll
0x00007ff99e580000 - 0x00007ff99e59e000 	C:\Windows\LVUAAgentInstBaseRoot\system32\MozartBreathFw.dll
0x00007ff99fcd0000 - 0x00007ff99fce0000 	D:\Java\Java\jdk1.8\jre\bin\verify.dll
0x00007ff99ffd0000 - 0x00007ff9a001b000 	C:\Windows\LVUAAgentInstBaseRoot\system32\MozartBreathFile.dll
0x00007ff998250000 - 0x00007ff99827b000 	D:\Java\Java\jdk1.8\jre\bin\java.dll
0x00007ff99e380000 - 0x00007ff99e574000 	C:\Windows\LVUAAgentInstBaseRoot\system32\MozartBreathProcess.dll
0x00007ff9b51d0000 - 0x00007ff9b53c5000 	C:\Windows\System32\CRYPT32.dll
0x00007ff9b4bf0000 - 0x00007ff9b4c02000 	C:\Windows\System32\MSASN1.dll
0x00007ff99e330000 - 0x00007ff99e380000 	C:\Windows\LVUAAgentInstBaseRoot\system32\MozartBreathBolo2.dll
0x00007ff9943a0000 - 0x00007ff9943d6000 	D:\Java\Java\jdk1.8\jre\bin\jdwp.dll
0x00007ff99ffc0000 - 0x00007ff99ffce000 	C:\Windows\LVUAAgentInstBaseRoot\system32\MozartBreathBurn.dll
0x00007ff999370000 - 0x00007ff999379000 	D:\Java\Java\jdk1.8\jre\bin\npt.dll
0x00007ff99ffa0000 - 0x00007ff99ffb2000 	C:\Windows\LVUAAgentInstBaseRoot\system32\MozartBreathProtect.dll
0x00007ff990970000 - 0x00007ff9909a2000 	D:\Java\Java\jdk1.8\jre\bin\instrument.dll
0x00007ff9992f0000 - 0x00007ff999308000 	D:\Java\Java\jdk1.8\jre\bin\zip.dll
0x00007ff997d60000 - 0x00007ff997d6a000 	D:\Java\Java\jdk1.8\jre\bin\dt_socket.dll
0x00007ff9b4340000 - 0x00007ff9b43a7000 	C:\Windows\system32\mswsock.dll
0x00007ff998230000 - 0x00007ff99824c000 	D:\Java\Java\jdk1.8\jre\bin\net.dll
0x00007ff991810000 - 0x00007ff99183f000 	C:\Program Files (x86)\Sangfor\SSL\ClientComponent\SangforNspX64.dll
0x00007ff9a29b0000 - 0x00007ff9a29ba000 	C:\Windows\SYSTEM32\rasadhlp.dll
0x00007ff9acdd0000 - 0x00007ff9ace49000 	C:\Windows\System32\fwpuclnt.dll
0x00007ff99b4a0000 - 0x00007ff99b4ad000 	D:\Java\Java\jdk1.8\jre\bin\management.dll
0x00007ff998200000 - 0x00007ff998213000 	D:\Java\Java\jdk1.8\jre\bin\nio.dll
0x00007ff9b3ed0000 - 0x00007ff9b3f03000 	C:\Windows\system32\rsaenh.dll
0x00007ff9b4a40000 - 0x00007ff9b4a69000 	C:\Windows\SYSTEM32\USERENV.dll
0x00007ff9b44c0000 - 0x00007ff9b44cc000 	C:\Windows\SYSTEM32\CRYPTBASE.dll
0x00007ff9ad190000 - 0x00007ff9ad1a6000 	C:\Windows\SYSTEM32\dhcpcsvc6.DLL
0x00007ff9ad160000 - 0x00007ff9ad17c000 	C:\Windows\SYSTEM32\dhcpcsvc.DLL
0x00007ff995de0000 - 0x00007ff995df6000 	C:\Windows\system32\napinsp.dll
0x00007ff9917f0000 - 0x00007ff99180a000 	C:\Windows\system32\pnrpnsp.dll
0x00007ff992980000 - 0x00007ff99298e000 	C:\Windows\System32\winrnr.dll
0x00007ff9a6ad0000 - 0x00007ff9a6aeb000 	C:\Windows\system32\NLAapi.dll
0x00007ff9915d0000 - 0x00007ff9915e5000 	C:\Windows\system32\wshbth.dll
0x00007ff9881a0000 - 0x00007ff9881c4000 	D:\Java\Java\jdk1.8\jre\bin\sunec.dll
0x0000000070bc0000 - 0x0000000070c9c000 	D:\MyData\huangkd\AppData\Local\Temp\sqlite-3.36.0.3-bc3e5304-78f3-49c4-a75c-4c99798fb161-sqlitejdbc.dll
0x00007ff99b490000 - 0x00007ff99b49d000 	D:\Java\Java\jdk1.8\jre\bin\sunmscapi.dll
0x00007ff9b4660000 - 0x00007ff9b468c000 	C:\Windows\SYSTEM32\ncrypt.dll
0x00007ff9b4620000 - 0x00007ff9b465c000 	C:\Windows\SYSTEM32\NTASN1.dll
0x00007ff96eea0000 - 0x00007ff96f47f000 	D:\MyData\huangkd\AppData\Local\Temp\nativelib-loader_2126597368842373844\dynarmic.dll
0x00007ff983ba0000 - 0x00007ff983be5000 	D:\MyData\huangkd\AppData\Local\Temp\jna-1253673926\jna56346603395262966.dll
0x00007ff96aa60000 - 0x00007ff96ac7b000 	D:\MyData\huangkd\AppData\Local\Temp\jna-1253673926\jna666140621691245296.dll
0x00007ff985ce0000 - 0x00007ff985e74000 	D:\Java\Java\jdk1.8\jre\bin\awt.dll
0x00007ff9aeb20000 - 0x00007ff9aebad000 	C:\Windows\SYSTEM32\apphelp.dll
0x00007ff969ff0000 - 0x00007ff96a30b000 	D:\MyData\huangkd\AppData\Local\Temp\tess4j\win32-x86-64\libtesseract500.dll
0x00007ff969c00000 - 0x00007ff969fe5000 	D:\MyData\huangkd\AppData\Local\Temp\tess4j\win32-x86-64\liblept1820.dll
0x00007ff99ba00000 - 0x00007ff99ba0b000 	C:\Windows\SYSTEM32\VCRUNTIME140_1.dll
0x00007ff990dc0000 - 0x00007ff990df2000 	D:\Java\Java\jdk1.8\jre\bin\jpeg.dll
0x00007ff9900c0000 - 0x00007ff9900ff000 	D:\Java\Java\jdk1.8\jre\bin\lcms.dll
0x00007ff9b3790000 - 0x00007ff9b397d000 	C:\Windows\SYSTEM32\dbghelp.dll

VM Arguments:
jvm_args: -agentlib:jdwp=transport=dt_socket,address=127.0.0.1:55911,suspend=y,server=n -XX:TieredStopAtLevel=1 -Xverify:none -Dspring.output.ansi.enabled=always -Dcom.sun.management.jmxremote -Dspring.jmx.enabled=true -Dspring.liveBeansView.mbeanDomain -Dspring.application.admin.enabled=true -javaagent:D:\MyData\huangkd\AppData\Local\JetBrains\IntelliJIdea2020.2\captureAgent\debugger-agent.jar -Dfile.encoding=UTF-8 
java_command: com.whitemagic2014.WMagicBotRApplication
java_class_path (initial): D:\Java\Java\jdk1.8\jre\lib\charsets.jar;D:\Java\Java\jdk1.8\jre\lib\deploy.jar;D:\Java\Java\jdk1.8\jre\lib\ext\access-bridge-64.jar;D:\Java\Java\jdk1.8\jre\lib\ext\cldrdata.jar;D:\Java\Java\jdk1.8\jre\lib\ext\dnsns.jar;D:\Java\Java\jdk1.8\jre\lib\ext\jaccess.jar;D:\Java\Java\jdk1.8\jre\lib\ext\jfxrt.jar;D:\Java\Java\jdk1.8\jre\lib\ext\localedata.jar;D:\Java\Java\jdk1.8\jre\lib\ext\nashorn.jar;D:\Java\Java\jdk1.8\jre\lib\ext\sunec.jar;D:\Java\Java\jdk1.8\jre\lib\ext\sunjce_provider.jar;D:\Java\Java\jdk1.8\jre\lib\ext\sunmscapi.jar;D:\Java\Java\jdk1.8\jre\lib\ext\sunpkcs11.jar;D:\Java\Java\jdk1.8\jre\lib\ext\zipfs.jar;D:\Java\Java\jdk1.8\jre\lib\javaws.jar;D:\Java\Java\jdk1.8\jre\lib\jce.jar;D:\Java\Java\jdk1.8\jre\lib\jfr.jar;D:\Java\Java\jdk1.8\jre\lib\jfxswt.jar;D:\Java\Java\jdk1.8\jre\lib\jsse.jar;D:\Java\Java\jdk1.8\jre\lib\management-agent.jar;D:\Java\Java\jdk1.8\jre\lib\plugin.jar;D:\Java\Java\jdk1.8\jre\lib\resources.jar;D:\Java\Java\jdk1.8\jre\lib\rt.jar;D:\MyData\huangkd\Desktop\robot\using\fork\WMagicBotR\target\classes;D:\Java\Maven\AppTools\maven\repository\org\springframework\boot\spring-boot-starter\2.3.1.RELEASE\spring-boot-starter-2.3.1.RELEASE.jar;D:\Java\Maven\AppTools\maven\repository\org\springframework\boot\spring-boot\2.3.1.RELEASE\spring-boot-2.3.1.RELEASE.jar;D:\Java\Maven\AppTools\maven\repository\org\springframework\spring-context\5.2.7.RELEASE\spring-context-5.2.7.RELEASE.jar;D:\Java\Maven\AppTools\maven\repository\org\springframework\boot\spring-boot-autoconfigure\2.3.1.RELEASE\spring-boot-autoconfigure-2.3.1.RELEASE.jar;D:\Java\Maven\AppTools\maven\repository\org\springframework\boot\spring-boot-starter-logging\2.3.1.RELEASE\spring-boot-starter-logging-2.3.1.RELEASE.jar;D:\Java\Maven\AppTools\maven\repository\ch\qos\logback\logback-classic\1.2.3\logback-classic-1.2.3.jar;D:\Java\Maven\AppTools\maven\repository\ch\qos\logback\logback-core\1.2.3\logback-core-1.2.3.jar;D:\Java\Maven\AppTools\maven\repository\org
Launcher Type: SUN_STANDARD

Environment Variables:
JAVA_HOME=D:\Java\Java\jdk1.8
PATH=C:\Program Files (x86)\Common Files\Oracle\Java\javapath;C:\Windows\system32;C:\Windows;C:\Windows\System32\Wbem;C:\Windows\System32\WindowsPowerShell\v1.0\;C:\Windows\System32\OpenSSH\;D:\Java\Git\Git\cmd;C:\Program Files\TortoiseGit\bin;D:\Java\HeidiSQL\putty\;C:\Program Files\Docker\Docker\resources\bin;D:\MyData\huangkd\AppData\Local\Programs\Python\Python310\Scripts\;D:\MyData\huangkd\AppData\Local\Programs\Python\Python310\;D:\MyData\huangkd\AppData\Local\Microsoft\WindowsApps;C:\Program Files\Bandizip\;D:\Java\IntelliJ_IDEA\IntelliJ IDEA Community Edition 2020.2.2\IntelliJ IDEA 2020.2.2\bin;;D:\Java\Java\jdk1.8\bin;D:\Java\IntelliJ_IDEA\IntelliJ IDEA Community Edition 2020.1\bin;;D:\Java\Maven\apache-maven-3.6.3\bin;D:\Java\MySQL\mysql-8.0.21-winx64\bin;D:\Java\Redis\redis;D:\Java\ElasticSearch\kibana\kibana-6.1.4\kibana-6.1.4-windows-x86_64\bin;D:\Java\projects\p3c-pmd;;E:\pycharm\PyCharm Community Edition 2023.1.1\bin;
USERNAME=huangkd
OS=Windows_NT
PROCESSOR_IDENTIFIER=Intel64 Family 6 Model 142 Stepping 12, GenuineIntel



---------------  S Y S T E M  ---------------

OS: Windows 10.0 , 64 bit Build 17763 (10.0.17763.3887)

CPU:total 8 (initial active 8) (4 cores per cpu, 2 threads per core) family 6 model 142 stepping 12, cmov, cx8, fxsr, mmx, sse, sse2, sse3, ssse3, sse4.1, sse4.2, popcnt, avx, avx2, aes, clmul, erms, 3dnowpref, lzcnt, ht, tsc, tscinvbit, bmi1, bmi2, adx

Memory: 4k page, physical 16502400k(2640344k free), swap 44488668k(10870228k free)

vm_info: Java HotSpot(TM) 64-Bit Server VM (25.261-b12) for windows-amd64 JRE (1.8.0_261-b12), built on Jun 18 2020 06:56:32 by "" with unknown MS VC++:1916

time: Tue Nov 28 08:34:18 2023
timezone: ?D1¨²¡À¨º¡Á?¨º¡À??
elapsed time: 51413 seconds (0d 14h 16m 53s)

