#
# A fatal error has been detected by the Java Runtime Environment:
#
#  EXCEPTION_ACCESS_VIOLATION (0xc0000005) at pc=0x000001dd0f0b077f, pid=13604, tid=0x0000000000005da0
#
# JRE version: Java(TM) SE Runtime Environment (8.0_261-b12) (build 1.8.0_261-b12)
# Java VM: Java HotSpot(TM) 64-Bit Server VM (25.261-b12 mixed mode windows-amd64 compressed oops)
# Problematic frame:
# C  0x000001dd0f0b077f
#
# Failed to write core dump. Minidumps are not enabled by default on client versions of Windows
#
# If you would like to submit a bug report, please visit:
#   http://bugreport.java.com/bugreport/crash.jsp
# The crash happened outside the Java Virtual Machine in native code.
# See problematic frame for where to report the bug.
#

---------------  T H R E A D  ---------------

Current thread (0x000001dd034b0000):  JavaThread "DefaultDispatcher-worker-6" daemon [_thread_in_native, id=23968, stack(0x000000a6e4900000,0x000000a6e4a00000)]

siginfo: ExceptionCode=0xc0000005, writing address 0x000001dda8b40000

Registers:
RAX=0x0000000047209000, RBX=0x00000000781029bf, RCX=0x0000000040b5c640, RDX=0x000001dd05890000
RSP=0x000000a6e49fbcc0, RBP=0x000001dd0e3f2cd8, RSI=0xe01022208228e00c, RDI=0x0000000000000220
R8 =0x0000000000000000, R9 =0x0000000000000038, R10=0x0000000000000ff8, R11=0x0000000000000000
R12=0x000001dda8b40000, R13=0x0404040404040404, R14=0x000001dd05890000, R15=0x000001dd0d8950b0
RIP=0x000001dd0f0b077f, EFLAGS=0x0000000000010246

Top of Stack: (sp=0x000000a6e49fbcc0)
0x000000a6e49fbcc0:   00000007c0809518 000001dd25ee9fb0
0x000000a6e49fbcd0:   000001dd25eea310 000001dd25eea5d0
0x000000a6e49fbce0:   0000000000000000 0000000000000000
0x000000a6e49fbcf0:   0000000000000000 0000000000000000
0x000000a6e49fbd00:   0000000000000000 0000000000000000
0x000000a6e49fbd10:   0000000000000000 0000000000000000
0x000000a6e49fbd20:   0000000000000000 0000000000000000
0x000000a6e49fbd30:   0000000000000000 0000000000000000
0x000000a6e49fbd40:   0000000000000000 0000000000000000
0x000000a6e49fbd50:   0000000000000000 0000000000000000
0x000000a6e49fbd60:   0000000000000000 0000000000000000
0x000000a6e49fbd70:   0000000000000000 0000000000000000
0x000000a6e49fbd80:   0000000000000000 000001dd034b0000
0x000000a6e49fbd90:   000001dd0d896548 000000a6e49fbe70
0x000000a6e49fbda0:   000001dd0d895880 000000a6e49fbfe0
0x000000a6e49fbdb0:   0000000000000000 000000004008fa24 

Instructions: (pc=0x000001dd0f0b077f)
0x000001dd0f0b075f:   00 00 ff 0f 85 04 3d f4 05 4f 8b 24 de 4d 85 e4
0x000001dd0f0b076f:   0f 84 f7 3c f4 05 49 89 c3 49 81 e3 ff 0f 00 00
0x000001dd0f0b077f:   4f 89 2c 1c 49 8b 87 10 03 00 00 41 bc 18 00 00
0x000001dd0f0b078f:   00 4c 01 e0 48 a9 07 00 00 00 0f 85 d7 3c f4 05 


Register to memory mapping:

RAX=0x0000000047209000 is an unknown value
RBX=0x00000000781029bf is an unknown value
RCX=0x0000000040b5c640 is an unknown value
RDX=0x000001dd05890000 is an unknown value
RSP=0x000000a6e49fbcc0 is pointing into the stack for thread: 0x000001dd034b0000
RBP=0x000001dd0e3f2cd8 is an unknown value
RSI=0xe01022208228e00c is an unknown value
RDI=0x0000000000000220 is an unknown value
R8 =0x0000000000000000 is an unknown value
R9 =0x0000000000000038 is an unknown value
R10=0x0000000000000ff8 is an unknown value
R11=0x0000000000000000 is an unknown value
R12=0x000001dda8b40000 is an unknown value
R13=0x0404040404040404 is an unknown value
R14=0x000001dd05890000 is an unknown value
R15=0x000001dd0d8950b0 is an unknown value


Stack: [0x000000a6e4900000,0x000000a6e4a00000],  sp=0x000000a6e49fbcc0,  free space=1007k
Native frames: (J=compiled Java code, j=interpreted, Vv=VM code, C=native code)
C  0x000001dd0f0b077f

Java frames: (J=compiled Java code, j=interpreted, Vv=VM code)
j  com.github.unidbg.arm.backend.dynarmic.Dynarmic.emu_start(JJ)I+0
j  com.github.unidbg.arm.backend.dynarmic.Dynarmic.emu_start(J)V+5
j  com.github.unidbg.arm.backend.DynarmicBackend.emu_start(JJJJ)V+87
j  com.github.unidbg.AbstractEmulator.emulate(JJ)Ljava/lang/Number;+153
j  com.github.unidbg.thread.Function64.run(Lcom/github/unidbg/AbstractEmulator;)Ljava/lang/Number;+88
j  com.github.unidbg.thread.MainTask.dispatch(Lcom/github/unidbg/AbstractEmulator;)Ljava/lang/Number;+19
j  com.github.unidbg.thread.UniThreadDispatcher.run(JLjava/util/concurrent/TimeUnit;)Ljava/lang/Number;+453
j  com.github.unidbg.thread.UniThreadDispatcher.runMainForResult(Lcom/github/unidbg/thread/MainTask;)Ljava/lang/Number;+52
j  com.github.unidbg.AbstractEmulator.runMainForResult(Lcom/github/unidbg/thread/MainTask;)Ljava/lang/Number;+17
j  com.github.unidbg.arm.AbstractARM64Emulator.eFunc(J[Ljava/lang/Number;)Ljava/lang/Number;+21
j  com.github.unidbg.Module.emulateFunction(Lcom/github/unidbg/Emulator;J[Ljava/lang/Object;)Ljava/lang/Number;+239
j  com.github.unidbg.linux.android.dvm.DvmObject.callJniMethod(Lcom/github/unidbg/Emulator;Lcom/github/unidbg/linux/android/dvm/VM;Lcom/github/unidbg/linux/android/dvm/DvmClass;Lcom/github/unidbg/linux/android/dvm/DvmObject;Ljava/lang/String;[Ljava/lang/Object;)Ljava/lang/Number;+302
j  com.github.unidbg.linux.android.dvm.DvmObject.callJniMethodObject(Lcom/github/unidbg/Emulator;Ljava/lang/String;[Ljava/lang/Object;)Lcom/github/unidbg/linux/android/dvm/DvmObject;+29
j  com.tencent.mobileqq.sign.QQSecuritySign.getSign(Lmoe/fuqiuluo/unidbg/QSecVM;Ljava/lang/String;Ljava/lang/String;[BILjava/lang/String;Lcom/github/unidbg/linux/android/dvm/DvmObject;)Lcom/tencent/mobileqq/sign/QQSecuritySign$SignResultObject;+122
j  com.tencent.mobileqq.sign.QQSecuritySign.getSign$default(Lcom/tencent/mobileqq/sign/QQSecuritySign;Lmoe/fuqiuluo/unidbg/QSecVM;Ljava/lang/String;Ljava/lang/String;[BILjava/lang/String;Lcom/github/unidbg/linux/android/dvm/DvmObject;ILjava/lang/Object;)Lcom/tencent/mobileqq/sign/QQSecuritySign$SignResultObject;+32
j  moe.fuqiuluo.api.UnidbgFetchQSign.sign(Ljava/lang/String;JI[BLjava/lang/String;Ljava/lang/String;Ljava/lang/String;Ljava/lang/String;Lkotlin/coroutines/Continuation;)Ljava/lang/Object;+587
j  moe.fuqiuluo.api.UnidbgFetchQSign$sign$1.invokeSuspend(Ljava/lang/Object;)Ljava/lang/Object;+32
J 6373 C1 kotlin.coroutines.jvm.internal.BaseContinuationImpl.resumeWith(Ljava/lang/Object;)V (128 bytes) @ 0x000001dd477e131c [0x000001dd477e1200+0x11c]
J 6553 C1 kotlinx.coroutines.DispatchedTask.run()V (571 bytes) @ 0x000001dd47824964 [0x000001dd47824540+0x424]
j  kotlinx.coroutines.EventLoopImplBase.processNextEvent()J+193
j  kotlinx.coroutines.BlockingCoroutine.joinBlocking()Ljava/lang/Object;+75
j  kotlinx.coroutines.BuildersKt__BuildersKt.runBlocking(Lkotlin/coroutines/CoroutineContext;Lkotlin/jvm/functions/Function2;)Ljava/lang/Object;+158
j  kotlinx.coroutines.BuildersKt.runBlocking(Lkotlin/coroutines/CoroutineContext;Lkotlin/jvm/functions/Function2;)Ljava/lang/Object;+2
j  kotlinx.coroutines.BuildersKt__BuildersKt.runBlocking$default(Lkotlin/coroutines/CoroutineContext;Lkotlin/jvm/functions/Function2;ILjava/lang/Object;)Ljava/lang/Object;+15
j  kotlinx.coroutines.BuildersKt.runBlocking$default(Lkotlin/coroutines/CoroutineContext;Lkotlin/jvm/functions/Function2;ILjava/lang/Object;)Ljava/lang/Object;+4
j  top.mrxiaom.qsign.QSignService.qSecurityGetSign(Lnet/mamoe/mirai/internal/spi/EncryptServiceContext;ILjava/lang/String;[B)Lnet/mamoe/mirai/internal/spi/EncryptService$SignResult;+159
j  net.mamoe.mirai.internal.network.protocol.packet.OutgoingPacketKt.buildRawUniPacket(Lnet/mamoe/mirai/internal/network/QQAndroidClient;Lnet/mamoe/mirai/internal/network/protocol/packet/PacketEncryptType;Ljava/lang/String;Ljava/lang/String;[BLnet/mamoe/mirai/internal/deps/io/ktor/utils/io/core/ByteReadPacket;Ljava/lang/String;ILkotlin/jvm/functions/Function2;)Lnet/mamoe/mirai/internal/network/protocol/packet/OutgoingPacketWithRespType;+311
j  net.mamoe.mirai.internal.network.protocol.packet.chat.receive.MessageSvcPbSendMsg.createToGroupImpl$mirai_core(Lnet/mamoe/mirai/internal/network/QQAndroidClient;Lnet/mamoe/mirai/contact/Group;Lnet/mamoe/mirai/message/data/MessageChain;Lnet/mamoe/mirai/message/data/MessageChain;ZLkotlin/jvm/functions/Function1;)Ljava/util/List;+543
j  net.mamoe.mirai.internal.network.protocol.packet.chat.receive.MessageSvc_PbSendMsgKt.createToGroup(Lnet/mamoe/mirai/internal/network/protocol/packet/chat/receive/MessageSvcPbSendMsg;Lnet/mamoe/mirai/internal/network/QQAndroidClient;Lnet/mamoe/mirai/contact/Group;Lnet/mamoe/mirai/message/data/MessageChain;Lnet/mamoe/mirai/message/data/MessageChain;ZLkotlin/jvm/functions/Function1;)Ljava/util/List;+59
j  net.mamoe.mirai.internal.message.protocol.outgoing.GroupMessageProtocolStrategy.createPacketsForGeneralMessage$suspendImpl(Lnet/mamoe/mirai/internal/message/protocol/outgoing/GroupMessageProtocolStrategy;Lnet/mamoe/mirai/internal/network/QQAndroidClient;Lnet/mamoe/mirai/internal/contact/GroupImpl;Lnet/mamoe/mirai/message/data/MessageChain;Lnet/mamoe/mirai/message/data/MessageChain;ZLkotlin/jvm/functions/Function1;Lkotlin/coroutines/Continuation;)Ljava/lang/Object;+15
j  net.mamoe.mirai.internal.message.protocol.outgoing.GroupMessageProtocolStrategy.createPacketsForGeneralMessage(Lnet/mamoe/mirai/internal/network/QQAndroidClient;Lnet/mamoe/mirai/internal/contact/GroupImpl;Lnet/mamoe/mirai/message/data/MessageChain;Lnet/mamoe/mirai/message/data/MessageChain;ZLkotlin/jvm/functions/Function1;Lkotlin/coroutines/Continuation;)Ljava/lang/Object;+12
j  net.mamoe.mirai.internal.message.protocol.outgoing.GroupMessageProtocolStrategy.createPacketsForGeneralMessage(Lnet/mamoe/mirai/internal/network/QQAndroidClient;Lnet/mamoe/mirai/internal/contact/AbstractContact;Lnet/mamoe/mirai/message/data/MessageChain;Lnet/mamoe/mirai/message/data/MessageChain;ZLkotlin/jvm/functions/Function1;Lkotlin/coroutines/Continuation;)Ljava/lang/Object;+15
j  net.mamoe.mirai.internal.message.protocol.impl.GeneralMessageSenderProtocol$GeneralMessageSender.process(Lnet/mamoe/mirai/internal/message/protocol/outgoing/OutgoingMessagePipelineContext;Lkotlin/coroutines/Continuation;)Ljava/lang/Object;+331
j  net.mamoe.mirai.internal.message.protocol.outgoing.OutgoingMessageProcessorAdapter.process(Lnet/mamoe/mirai/internal/message/protocol/outgoing/OutgoingMessagePipelineContext;Lnet/mamoe/mirai/message/data/MessageChain;Lkotlin/coroutines/Continuation;)Ljava/lang/Object;+13
j  net.mamoe.mirai.internal.message.protocol.outgoing.OutgoingMessageProcessorAdapter.process(Lnet/mamoe/mirai/internal/pipeline/ProcessorPipelineContext;Ljava/lang/Object;Lkotlin/coroutines/Continuation;)Ljava/lang/Object;+10
j  net.mamoe.mirai.internal.pipeline.AbstractProcessorPipeline.process$suspendImpl(Lnet/mamoe/mirai/internal/pipeline/AbstractProcessorPipeline;Ljava/lang/Object;Lnet/mamoe/mirai/internal/pipeline/ProcessorPipelineContext;Lnet/mamoe/mirai/utils/TypeSafeMap;Lkotlin/coroutines/Continuation;)Ljava/lang/Object;+299
j  net.mamoe.mirai.internal.pipeline.AbstractProcessorPipeline.process(Ljava/lang/Object;Lnet/mamoe/mirai/internal/pipeline/ProcessorPipelineContext;Lnet/mamoe/mirai/utils/TypeSafeMap;Lkotlin/coroutines/Continuation;)Ljava/lang/Object;+6
j  net.mamoe.mirai.internal.message.protocol.MessageProtocolFacadeImpl.preprocessAndSendOutgoingImpl(Lnet/mamoe/mirai/internal/contact/AbstractContact;Lnet/mamoe/mirai/message/data/Message;Lnet/mamoe/mirai/internal/network/component/ComponentStorage;Lkotlin/coroutines/Continuation;)Ljava/lang/Object;+349
j  net.mamoe.mirai.internal.message.protocol.MessageProtocolFacadeImpl.preprocessAndSendOutgoing(Lnet/mamoe/mirai/internal/contact/AbstractContact;Lnet/mamoe/mirai/message/data/Message;Lnet/mamoe/mirai/internal/network/component/ComponentStorage;Lkotlin/coroutines/Continuation;)Ljava/lang/Object;+129
j  net.mamoe.mirai.internal.message.protocol.MessageProtocolFacade$INSTANCE.preprocessAndSendOutgoing(Lnet/mamoe/mirai/internal/contact/AbstractContact;Lnet/mamoe/mirai/message/data/Message;Lnet/mamoe/mirai/internal/network/component/ComponentStorage;Lkotlin/coroutines/Continuation;)Ljava/lang/Object;+9
j  net.mamoe.mirai.internal.contact.AbstractUserKt.sendMessageImpl(Lnet/mamoe/mirai/internal/contact/AbstractContact;Lnet/mamoe/mirai/message/data/Message;Lnet/mamoe/mirai/internal/message/protocol/outgoing/MessageProtocolStrategy;Lkotlin/jvm/functions/Function2;Lkotlin/jvm/functions/Function4;Lkotlin/coroutines/Continuation;)Ljava/lang/Object;+425
j  net.mamoe.mirai.internal.contact.CommonGroupImpl.sendMessage$suspendImpl(Lnet/mamoe/mirai/internal/contact/CommonGroupImpl;Lnet/mamoe/mirai/message/data/Message;Lkotlin/coroutines/Continuation;)Ljava/lang/Object;+102
j  net.mamoe.mirai.internal.contact.CommonGroupImpl.sendMessage(Lnet/mamoe/mirai/message/data/Message;Lkotlin/coroutines/Continuation;)Ljava/lang/Object;+3
j  net.mamoe.mirai.contact.Group$sendMessage$1.invoke(Lkotlin/coroutines/Continuation;)Ljava/lang/Object;+9
j  net.mamoe.mirai.contact.Group$sendMessage$1.invoke(Ljava/lang/Object;)Ljava/lang/Object;+5
j  kotlin.coroutines.intrinsics.IntrinsicsKt__IntrinsicsJvmKt$createCoroutineUnintercepted$$inlined$createCoroutineFromSuspendFunction$IntrinsicsKt__IntrinsicsJvmKt$1.invokeSuspend(Ljava/lang/Object;)Ljava/lang/Object;+65
J 6373 C1 kotlin.coroutines.jvm.internal.BaseContinuationImpl.resumeWith(Ljava/lang/Object;)V (128 bytes) @ 0x000001dd477e131c [0x000001dd477e1200+0x11c]
j  kotlin.coroutines.ContinuationKt.startCoroutine(Lkotlin/jvm/functions/Function1;Lkotlin/coroutines/Continuation;)V+30
j  me.him188.kotlin.jvm.blocking.bridge.internal.RunSuspendKt.$runSuspend$(Lkotlin/jvm/functions/Function1;)Ljava/lang/Object;+19
j  net.mamoe.mirai.contact.Group.sendMessage(Lnet/mamoe/mirai/message/data/Message;)Lnet/mamoe/mirai/message/MessageReceipt;+18
j  com.whitemagic2014.events.CommandEvents.onGroupMessage(Lnet/mamoe/mirai/event/events/GroupMessageEvent;)Lnet/mamoe/mirai/event/ListeningStatus;+420
j  sun.reflect.GeneratedMethodAccessor61.invoke(Ljava/lang/Object;[Ljava/lang/Object;)Ljava/lang/Object;+40
J 2000 C1 sun.reflect.DelegatingMethodAccessorImpl.invoke(Ljava/lang/Object;[Ljava/lang/Object;)Ljava/lang/Object; (10 bytes) @ 0x000001dd46f3b644 [0x000001dd46f3b5e0+0x64]
J 1999 C1 java.lang.reflect.Method.invoke(Ljava/lang/Object;[Ljava/lang/Object;)Ljava/lang/Object; (62 bytes) @ 0x000001dd46f3b21c [0x000001dd46f3b0e0+0x13c]
j  net.mamoe.mirai.internal.event.JvmMethodListenersInternal.registerEventHandler$callMethod$invokeWithErrorReport(Ljava/lang/reflect/Method;Lnet/mamoe/mirai/event/Event;Ljava/lang/Object;[Ljava/lang/Object;)Ljava/lang/Object;+9
j  net.mamoe.mirai.internal.event.JvmMethodListenersInternal.access$registerEventHandler$callMethod$invokeWithErrorReport(Ljava/lang/reflect/Method;Lnet/mamoe/mirai/event/Event;Ljava/lang/Object;[Ljava/lang/Object;)Ljava/lang/Object;+4
j  net.mamoe.mirai.internal.event.JvmMethodListenersInternal$registerEventHandler$callMethod$2.invokeSuspend(Ljava/lang/Object;)Ljava/lang/Object;+57
J 6373 C1 kotlin.coroutines.jvm.internal.BaseContinuationImpl.resumeWith(Ljava/lang/Object;)V (128 bytes) @ 0x000001dd477e131c [0x000001dd477e1200+0x11c]
J 6553 C1 kotlinx.coroutines.DispatchedTask.run()V (571 bytes) @ 0x000001dd47824964 [0x000001dd47824540+0x424]
j  kotlinx.coroutines.internal.LimitedDispatcher.run()V+20
j  kotlinx.coroutines.scheduling.TaskImpl.run()V+5
J 6623 C1 kotlinx.coroutines.scheduling.CoroutineScheduler.runSafely(Lkotlinx/coroutines/scheduling/Task;)V (73 bytes) @ 0x000001dd4784428c [0x000001dd47844240+0x4c]
j  kotlinx.coroutines.scheduling.CoroutineScheduler$Worker.executeTask(Lkotlinx/coroutines/scheduling/Task;)V+30
j  kotlinx.coroutines.scheduling.CoroutineScheduler$Worker.runWorker()V+44
j  kotlinx.coroutines.scheduling.CoroutineScheduler$Worker.run()V+1
v  ~StubRoutines::call_stub

---------------  P R O C E S S  ---------------

Java Threads: ( => current thread )
  0x000001dd03541800 JavaThread "nioEventLoopGroup-3-3" [_thread_in_native, id=32496, stack(0x000000a6e5600000,0x000000a6e5700000)]
  0x000001dd034ae800 JavaThread "Timer-15" [_thread_blocked, id=6920, stack(0x000000a6e5e00000,0x000000a6e5f00000)]
  0x000001dd034a4800 JavaThread "OkHttp Dispatcher" [_thread_blocked, id=25080, stack(0x000000a6e5d00000,0x000000a6e5e00000)]
  0x000001dd034aa000 JavaThread "nioEventLoopGroup-3-2" [_thread_in_native, id=17732, stack(0x000000a6e5c00000,0x000000a6e5d00000)]
  0x000001dd0353b800 JavaThread "nioEventLoopGroup-3-1" [_thread_in_native, id=27920, stack(0x000000a6e5b00000,0x000000a6e5c00000)]
  0x000001dd0353a000 JavaThread "RMI TCP Connection(idle)" daemon [_thread_blocked, id=13872, stack(0x000000a6e5300000,0x000000a6e5400000)]
  0x000001dd03537800 JavaThread "处理指令线程" [_thread_blocked, id=31276, stack(0x000000a6e2600000,0x000000a6e2700000)]
  0x000001dd03540000 JavaThread "处理指令线程" [_thread_blocked, id=33260, stack(0x000000a6e4300000,0x000000a6e4400000)]
  0x000001dd0353e800 JavaThread "处理指令线程" [_thread_blocked, id=8176, stack(0x000000a6e4100000,0x000000a6e4200000)]
  0x000001dd03542000 JavaThread "处理指令线程" [_thread_blocked, id=26952, stack(0x000000a6e3f00000,0x000000a6e4000000)]
  0x000001dd0353d800 JavaThread "nioEventLoopGroup-2-16" [_thread_in_native, id=26488, stack(0x000000a6e5a00000,0x000000a6e5b00000)]
  0x000001dd0353d000 JavaThread "nioEventLoopGroup-2-15" [_thread_in_native, id=23544, stack(0x000000a6e5900000,0x000000a6e5a00000)]
  0x000001dd0353c000 JavaThread "nioEventLoopGroup-2-14" [_thread_in_native, id=2672, stack(0x000000a6e5800000,0x000000a6e5900000)]
  0x000001dd0353f000 JavaThread "nioEventLoopGroup-2-13" [_thread_in_native, id=31688, stack(0x000000a6e5700000,0x000000a6e5800000)]
  0x000001dd03540800 JavaThread "nioEventLoopGroup-2-12" [_thread_in_native, id=31684, stack(0x000000a6e0e00000,0x000000a6e0f00000)]
  0x000001dd03534000 JavaThread "处理指令线程" [_thread_blocked, id=11168, stack(0x000000a6e0d00000,0x000000a6e0e00000)]
  0x000001dd0353a800 JavaThread "nioEventLoopGroup-2-11" [_thread_in_native, id=27696, stack(0x000000a6e0c00000,0x000000a6e0d00000)]
  0x000001dd03534800 JavaThread "DestroyJavaVM" [_thread_blocked, id=32384, stack(0x000000a6e0f00000,0x000000a6e1000000)]
  0x000001dd03535800 JavaThread "Thread-213" [_thread_blocked, id=33236, stack(0x000000a6e5200000,0x000000a6e5300000)]
  0x000001dd03533000 JavaThread "nioEventLoopGroup-2-10" [_thread_in_native, id=33132, stack(0x000000a6e5100000,0x000000a6e5200000)]
  0x000001dd03536000 JavaThread "nioEventLoopGroup-2-9" [_thread_in_native, id=33980, stack(0x000000a6e5000000,0x000000a6e5100000)]
  0x000001dd03539000 JavaThread "nioEventLoopGroup-2-8" [_thread_in_native, id=15196, stack(0x000000a6e4f00000,0x000000a6e5000000)]
  0x000001dd03537000 JavaThread "nioEventLoopGroup-2-7" [_thread_in_native, id=32540, stack(0x000000a6e4d00000,0x000000a6e4e00000)]
  0x000001dd03538800 JavaThread "nioEventLoopGroup-2-6" [_thread_in_native, id=11976, stack(0x000000a6e4e00000,0x000000a6e4f00000)]
  0x000001dd034af000 JavaThread "nioEventLoopGroup-2-5" [_thread_in_native, id=29956, stack(0x000000a6e4c00000,0x000000a6e4d00000)]
  0x000001dd034ad800 JavaThread "DefaultDispatcher-worker-8" daemon [_thread_blocked, id=1784, stack(0x000000a6e4b00000,0x000000a6e4c00000)]
  0x000001dd034ad000 JavaThread "DefaultDispatcher-worker-7" daemon [_thread_blocked, id=34312, stack(0x000000a6e4a00000,0x000000a6e4b00000)]
=>0x000001dd034b0000 JavaThread "DefaultDispatcher-worker-6" daemon [_thread_in_native, id=23968, stack(0x000000a6e4900000,0x000000a6e4a00000)]
  0x000001dd034ac000 JavaThread "DefaultDispatcher-worker-5" daemon [_thread_blocked, id=9316, stack(0x000000a6e4800000,0x000000a6e4900000)]
  0x000001dd034ab800 JavaThread "DefaultDispatcher-worker-4" daemon [_thread_blocked, id=21804, stack(0x000000a6e4700000,0x000000a6e4800000)]
  0x000001dd034b1800 JavaThread "nioEventLoopGroup-2-4" [_thread_in_native, id=27460, stack(0x000000a6e4600000,0x000000a6e4700000)]
  0x000001dd034aa800 JavaThread "nioEventLoopGroup-2-3" [_thread_in_native, id=30848, stack(0x000000a6e4500000,0x000000a6e4600000)]
  0x000001dd034a2800 JavaThread "kotlinx.coroutines.DefaultExecutor" daemon [_thread_blocked, id=19192, stack(0x000000a6e3e00000,0x000000a6e3f00000)]
  0x000001dd034b0800 JavaThread "Okio Watchdog" daemon [_thread_blocked, id=19792, stack(0x000000a6e4400000,0x000000a6e4500000)]
  0x000001dd034a3000 JavaThread "OkHttp TaskRunner" daemon [_thread_blocked, id=12536, stack(0x000000a6e4200000,0x000000a6e4300000)]
  0x000001dd034a9000 JavaThread "OkHttp snowflake.qq.com" daemon [_thread_in_native, id=22444, stack(0x000000a6e4000000,0x000000a6e4100000)]
  0x000001dd034a4000 JavaThread "nioEventLoopGroup-2-2" [_thread_in_native, id=23444, stack(0x000000a6e3c00000,0x000000a6e3d00000)]
  0x000001dd034a8800 JavaThread "nioEventLoopGroup-2-1" [_thread_in_native, id=1924, stack(0x000000a6e3b00000,0x000000a6e3c00000)]
  0x000001dd034a7800 JavaThread "DefaultDispatcher-worker-3" daemon [_thread_in_native, id=7836, stack(0x000000a6e3a00000,0x000000a6e3b00000)]
  0x000001dd034a6000 JavaThread "DefaultDispatcher-worker-2" daemon [_thread_blocked, id=32416, stack(0x000000a6e3900000,0x000000a6e3a00000)]
  0x000001dd034a7000 JavaThread "DefaultDispatcher-worker-1" daemon [_thread_blocked, id=33840, stack(0x000000a6e3800000,0x000000a6e3900000)]
  0x000001dd034a5800 JavaThread "http-nio-28282-Acceptor" daemon [_thread_in_native, id=28112, stack(0x000000a6e3700000,0x000000a6e3800000)]
  0x000001dd03487000 JavaThread "http-nio-28282-ClientPoller" daemon [_thread_in_native, id=29304, stack(0x000000a6e3600000,0x000000a6e3700000)]
  0x000001dd03484000 JavaThread "http-nio-28282-exec-10" daemon [_thread_blocked, id=19316, stack(0x000000a6e3500000,0x000000a6e3600000)]
  0x000001dd0348a800 JavaThread "http-nio-28282-exec-9" daemon [_thread_blocked, id=32388, stack(0x000000a6e3400000,0x000000a6e3500000)]
  0x000001dd03485800 JavaThread "http-nio-28282-exec-8" daemon [_thread_blocked, id=7976, stack(0x000000a6e3300000,0x000000a6e3400000)]
  0x000001dd0348a000 JavaThread "http-nio-28282-exec-7" daemon [_thread_blocked, id=22380, stack(0x000000a6e3200000,0x000000a6e3300000)]
  0x000001dd03484800 JavaThread "http-nio-28282-exec-6" daemon [_thread_blocked, id=16816, stack(0x000000a6e3100000,0x000000a6e3200000)]
  0x000001dd03488800 JavaThread "http-nio-28282-exec-5" daemon [_thread_blocked, id=17608, stack(0x000000a6e3000000,0x000000a6e3100000)]
  0x000001dd03486000 JavaThread "http-nio-28282-exec-4" daemon [_thread_blocked, id=19980, stack(0x000000a6e2f00000,0x000000a6e3000000)]
  0x000001dd03487800 JavaThread "http-nio-28282-exec-3" daemon [_thread_blocked, id=28140, stack(0x000000a6e2e00000,0x000000a6e2f00000)]
  0x000001dd03489000 JavaThread "http-nio-28282-exec-2" daemon [_thread_blocked, id=7480, stack(0x000000a6e2d00000,0x000000a6e2e00000)]
  0x000001dd0347b000 JavaThread "http-nio-28282-exec-1" daemon [_thread_blocked, id=18660, stack(0x000000a6e2c00000,0x000000a6e2d00000)]
  0x000001dd0347a800 JavaThread "http-nio-28282-BlockPoller" daemon [_thread_in_native, id=23980, stack(0x000000a6e2b00000,0x000000a6e2c00000)]
  0x000001dd01782800 JavaThread "container-0" [_thread_blocked, id=26820, stack(0x000000a6e2a00000,0x000000a6e2b00000)]
  0x000001dd01781000 JavaThread "Catalina-utility-2" [_thread_blocked, id=25484, stack(0x000000a6e2900000,0x000000a6e2a00000)]
  0x000001dd01795000 JavaThread "Catalina-utility-1" [_thread_blocked, id=28096, stack(0x000000a6e2800000,0x000000a6e2900000)]
  0x000001dd010b1800 JavaThread "RMI Scheduler(0)" daemon [_thread_blocked, id=29812, stack(0x000000a6e2700000,0x000000a6e2800000)]
  0x000001dd0078f000 JavaThread "RMI TCP Accept-0" daemon [_thread_in_native, id=33176, stack(0x000000a6e2400000,0x000000a6e2500000)]
  0x000001dd00449800 JavaThread "Service Thread" daemon [_thread_blocked, id=33484, stack(0x000000a6e2300000,0x000000a6e2400000)]
  0x000001dd00433000 JavaThread "C1 CompilerThread3" daemon [_thread_blocked, id=26844, stack(0x000000a6e2200000,0x000000a6e2300000)]
  0x000001dd00432000 JavaThread "C2 CompilerThread2" daemon [_thread_blocked, id=25404, stack(0x000000a6e2100000,0x000000a6e2200000)]
  0x000001dd00431800 JavaThread "C2 CompilerThread1" daemon [_thread_blocked, id=6708, stack(0x000000a6e2000000,0x000000a6e2100000)]
  0x000001dd0042e800 JavaThread "C2 CompilerThread0" daemon [_thread_blocked, id=33540, stack(0x000000a6e1f00000,0x000000a6e2000000)]
  0x000001dd61f8c000 JavaThread "JDWP Command Reader" daemon [_thread_in_native, id=1904, stack(0x000000a6e1e00000,0x000000a6e1f00000)]
  0x000001dd61f8b000 JavaThread "JDWP Event Helper Thread" daemon [_thread_blocked, id=27844, stack(0x000000a6e1d00000,0x000000a6e1e00000)]
  0x000001dd5fd69000 JavaThread "JDWP Transport Listener: dt_socket" daemon [_thread_blocked, id=11584, stack(0x000000a6e1c00000,0x000000a6e1d00000)]
  0x000001dd61f82800 JavaThread "Attach Listener" daemon [_thread_blocked, id=29448, stack(0x000000a6e1b00000,0x000000a6e1c00000)]
  0x000001dd5fd4d800 JavaThread "Signal Dispatcher" daemon [_thread_blocked, id=19184, stack(0x000000a6e0b00000,0x000000a6e0c00000)]
  0x000001dd5fd21800 JavaThread "Finalizer" daemon [_thread_blocked, id=31256, stack(0x000000a6e1a00000,0x000000a6e1b00000)]
  0x000001dd5fd18000 JavaThread "Reference Handler" daemon [_thread_blocked, id=22336, stack(0x000000a6e1900000,0x000000a6e1a00000)]

Other Threads:
  0x000001dd5fcec800 VMThread [stack: 0x000000a6e1800000,0x000000a6e1900000] [id=22004]
  0x000001dd007ae000 WatcherThread [stack: 0x000000a6e2500000,0x000000a6e2600000] [id=6984]

VM state:not at safepoint (normal execution)

VM Mutex/Monitor currently owned by a thread: None

heap address: 0x00000006c4200000, size: 4030 MB, Compressed Oops mode: Zero based, Oop shift amount: 3
Narrow klass base: 0x0000000000000000, Narrow klass shift: 3
Compressed class space size: 1073741824 Address: 0x00000007c0000000

Heap:
 PSYoungGen      total 287232K, used 154652K [0x000000076c100000, 0x0000000780480000, 0x00000007c0000000)
  eden space 265728K, 50% used [0x000000076c100000,0x00000007743100a8,0x000000077c480000)
  from space 21504K, 99% used [0x000000077ef80000,0x00000007804770a8,0x0000000780480000)
  to   space 25088K, 0% used [0x000000077d380000,0x000000077d380000,0x000000077ec00000)
 ParOldGen       total 292352K, used 67287K [0x00000006c4200000, 0x00000006d5f80000, 0x000000076c100000)
  object space 292352K, 23% used [0x00000006c4200000,0x00000006c83b5c18,0x00000006d5f80000)
 Metaspace       used 70663K, capacity 72854K, committed 73048K, reserved 1114112K
  class space    used 8912K, capacity 9331K, committed 9344K, reserved 1048576K

Card table byte_map: [0x000001dd55ea0000,0x000001dd56680000] byte_map_base: 0x000001dd5287f000

Marking Bits: (ParMarkBitMap*) 0x000000005ce94fb0
 Begin Bits: [0x000001dd56bc0000, 0x000001dd5aab8000)
 End Bits:   [0x000001dd5aab8000, 0x000001dd5e9b0000)

Polling page: 0x000001dd465e0000

CodeCache: size=245760Kb used=13922Kb max_used=13922Kb free=231837Kb
 bounds [0x000001dd46ae0000, 0x000001dd47880000, 0x000001dd55ae0000]
 total_blobs=7587 nmethods=6662 adapters=844
 compilation: enabled

Compilation events (10 events):
Event: 175.683 Thread 0x000001dd00433000 6791       1       net.mamoe.mirai.internal.deps.okio.Buffer::writeByte (9 bytes)
Event: 175.683 Thread 0x000001dd00433000 nmethod 6791 0x000001dd47878ed0 code [0x000001dd47879020, 0x000001dd47879170]
Event: 175.683 Thread 0x000001dd00433000 6792       1       net.mamoe.mirai.internal.deps.okio.RealBufferedSource::require (26 bytes)
Event: 175.683 Thread 0x000001dd00433000 nmethod 6792 0x000001dd47879210 code [0x000001dd47879380, 0x000001dd47879580]
Event: 175.683 Thread 0x000001dd00433000 6794       1       net.mamoe.mirai.internal.deps.okio.RealBufferedSource::readByte (22 bytes)
Event: 175.683 Thread 0x000001dd00433000 nmethod 6794 0x000001dd47879690 code [0x000001dd47879820, 0x000001dd47879a50]
Event: 175.683 Thread 0x000001dd00433000 6789       1       com.sun.crypto.provider.CounterMode::increment (28 bytes)
Event: 175.683 Thread 0x000001dd00433000 nmethod 6789 0x000001dd47879c10 code [0x000001dd47879d60, 0x000001dd47879e98]
Event: 175.686 Thread 0x000001dd00433000 6795       1       kotlinx.serialization.json.JsonConfiguration::isLenient (5 bytes)
Event: 175.686 Thread 0x000001dd00433000 nmethod 6795 0x000001dd47879f50 code [0x000001dd4787a0a0, 0x000001dd4787a1b8]

GC Heap History (10 events):
Event: 12.881 GC heap before
{Heap before GC invocations=9 (full 2):
 PSYoungGen      total 135680K, used 122880K [0x000000076c100000, 0x0000000775c00000, 0x00000007c0000000)
  eden space 122880K, 100% used [0x000000076c100000,0x0000000773900000,0x0000000773900000)
  from space 12800K, 0% used [0x0000000774880000,0x0000000774880000,0x0000000775500000)
  to   space 15872K, 0% used [0x0000000773900000,0x0000000773900000,0x0000000774880000)
 ParOldGen       total 182272K, used 18932K [0x00000006c4200000, 0x00000006cf400000, 0x000000076c100000)
  object space 182272K, 10% used [0x00000006c4200000,0x00000006c547d148,0x00000006cf400000)
 Metaspace       used 36873K, capacity 38518K, committed 38744K, reserved 1083392K
  class space    used 4782K, capacity 5125K, committed 5248K, reserved 1048576K
Event: 12.960 GC heap after
Heap after GC invocations=9 (full 2):
 PSYoungGen      total 138752K, used 3236K [0x000000076c100000, 0x000000077ac80000, 0x00000007c0000000)
  eden space 122880K, 0% used [0x000000076c100000,0x000000076c100000,0x0000000773900000)
  from space 15872K, 20% used [0x0000000773900000,0x0000000773c29320,0x0000000774880000)
  to   space 15872K, 0% used [0x0000000779d00000,0x0000000779d00000,0x000000077ac80000)
 ParOldGen       total 182272K, used 51708K [0x00000006c4200000, 0x00000006cf400000, 0x000000076c100000)
  object space 182272K, 28% used [0x00000006c4200000,0x00000006c747f158,0x00000006cf400000)
 Metaspace       used 36873K, capacity 38518K, committed 38744K, reserved 1083392K
  class space    used 4782K, capacity 5125K, committed 5248K, reserved 1048576K
}
Event: 14.575 GC heap before
{Heap before GC invocations=10 (full 2):
 PSYoungGen      total 138752K, used 126116K [0x000000076c100000, 0x000000077ac80000, 0x00000007c0000000)
  eden space 122880K, 100% used [0x000000076c100000,0x0000000773900000,0x0000000773900000)
  from space 15872K, 20% used [0x0000000773900000,0x0000000773c29320,0x0000000774880000)
  to   space 15872K, 0% used [0x0000000779d00000,0x0000000779d00000,0x000000077ac80000)
 ParOldGen       total 182272K, used 51708K [0x00000006c4200000, 0x00000006cf400000, 0x000000076c100000)
  object space 182272K, 28% used [0x00000006c4200000,0x00000006c747f158,0x00000006cf400000)
 Metaspace       used 45070K, capacity 47134K, committed 47448K, reserved 1091584K
  class space    used 5746K, capacity 6159K, committed 6272K, reserved 1048576K
Event: 14.602 GC heap after
Heap after GC invocations=10 (full 2):
 PSYoungGen      total 222208K, used 12260K [0x000000076c100000, 0x000000077ac00000, 0x00000007c0000000)
  eden space 206848K, 0% used [0x000000076c100000,0x000000076c100000,0x0000000778b00000)
  from space 15360K, 79% used [0x0000000779d00000,0x000000077a8f90c0,0x000000077ac00000)
  to   space 16896K, 0% used [0x0000000778b00000,0x0000000778b00000,0x0000000779b80000)
 ParOldGen       total 182272K, used 51735K [0x00000006c4200000, 0x00000006cf400000, 0x000000076c100000)
  object space 182272K, 28% used [0x00000006c4200000,0x00000006c7485d88,0x00000006cf400000)
 Metaspace       used 45070K, capacity 47134K, committed 47448K, reserved 1091584K
  class space    used 5746K, capacity 6159K, committed 6272K, reserved 1048576K
}
Event: 17.632 GC heap before
{Heap before GC invocations=11 (full 2):
 PSYoungGen      total 222208K, used 219033K [0x000000076c100000, 0x000000077ac00000, 0x00000007c0000000)
  eden space 206848K, 99% used [0x000000076c100000,0x0000000778aed460,0x0000000778b00000)
  from space 15360K, 79% used [0x0000000779d00000,0x000000077a8f90c0,0x000000077ac00000)
  to   space 16896K, 0% used [0x0000000778b00000,0x0000000778b00000,0x0000000779b80000)
 ParOldGen       total 182272K, used 51735K [0x00000006c4200000, 0x00000006cf400000, 0x000000076c100000)
  object space 182272K, 28% used [0x00000006c4200000,0x00000006c7485d88,0x00000006cf400000)
 Metaspace       used 56765K, capacity 58788K, committed 58968K, reserved 1101824K
  class space    used 7167K, capacity 7542K, committed 7552K, reserved 1048576K
Event: 17.662 GC heap after
Heap after GC invocations=11 (full 2):
 PSYoungGen      total 223744K, used 16875K [0x000000076c100000, 0x0000000780500000, 0x00000007c0000000)
  eden space 206848K, 0% used [0x000000076c100000,0x000000076c100000,0x0000000778b00000)
  from space 16896K, 99% used [0x0000000778b00000,0x0000000779b7af98,0x0000000779b80000)
  to   space 22016K, 0% used [0x000000077ef80000,0x000000077ef80000,0x0000000780500000)
 ParOldGen       total 182272K, used 57735K [0x00000006c4200000, 0x00000006cf400000, 0x000000076c100000)
  object space 182272K, 31% used [0x00000006c4200000,0x00000006c7a61d38,0x00000006cf400000)
 Metaspace       used 56765K, capacity 58788K, committed 58968K, reserved 1101824K
  class space    used 7167K, capacity 7542K, committed 7552K, reserved 1048576K
}
Event: 17.662 GC heap before
{Heap before GC invocations=12 (full 3):
 PSYoungGen      total 223744K, used 16875K [0x000000076c100000, 0x0000000780500000, 0x00000007c0000000)
  eden space 206848K, 0% used [0x000000076c100000,0x000000076c100000,0x0000000778b00000)
  from space 16896K, 99% used [0x0000000778b00000,0x0000000779b7af98,0x0000000779b80000)
  to   space 22016K, 0% used [0x000000077ef80000,0x000000077ef80000,0x0000000780500000)
 ParOldGen       total 182272K, used 57735K [0x00000006c4200000, 0x00000006cf400000, 0x000000076c100000)
  object space 182272K, 31% used [0x00000006c4200000,0x00000006c7a61d38,0x00000006cf400000)
 Metaspace       used 56765K, capacity 58788K, committed 58968K, reserved 1101824K
  class space    used 7167K, capacity 7542K, committed 7552K, reserved 1048576K
Event: 17.852 GC heap after
Heap after GC invocations=12 (full 3):
 PSYoungGen      total 223744K, used 0K [0x000000076c100000, 0x0000000780500000, 0x00000007c0000000)
  eden space 206848K, 0% used [0x000000076c100000,0x000000076c100000,0x0000000778b00000)
  from space 16896K, 0% used [0x0000000778b00000,0x0000000778b00000,0x0000000779b80000)
  to   space 22016K, 0% used [0x000000077ef80000,0x000000077ef80000,0x0000000780500000)
 ParOldGen       total 292352K, used 67279K [0x00000006c4200000, 0x00000006d5f80000, 0x000000076c100000)
  object space 292352K, 23% used [0x00000006c4200000,0x00000006c83b3c18,0x00000006d5f80000)
 Metaspace       used 56765K, capacity 58788K, committed 58968K, reserved 1101824K
  class space    used 7167K, capacity 7542K, committed 7552K, reserved 1048576K
}
Event: 29.255 GC heap before
{Heap before GC invocations=13 (full 3):
 PSYoungGen      total 223744K, used 206848K [0x000000076c100000, 0x0000000780500000, 0x00000007c0000000)
  eden space 206848K, 100% used [0x000000076c100000,0x0000000778b00000,0x0000000778b00000)
  from space 16896K, 0% used [0x0000000778b00000,0x0000000778b00000,0x0000000779b80000)
  to   space 22016K, 0% used [0x000000077ef80000,0x000000077ef80000,0x0000000780500000)
 ParOldGen       total 292352K, used 67279K [0x00000006c4200000, 0x00000006d5f80000, 0x000000076c100000)
  object space 292352K, 23% used [0x00000006c4200000,0x00000006c83b3c18,0x00000006d5f80000)
 Metaspace       used 65849K, capacity 67948K, committed 68312K, reserved 1110016K
  class space    used 8291K, capacity 8672K, committed 8704K, reserved 1048576K
Event: 29.314 GC heap after
Heap after GC invocations=13 (full 3):
 PSYoungGen      total 287232K, used 21468K [0x000000076c100000, 0x0000000780480000, 0x00000007c0000000)
  eden space 265728K, 0% used [0x000000076c100000,0x000000076c100000,0x000000077c480000)
  from space 21504K, 99% used [0x000000077ef80000,0x00000007804770a8,0x0000000780480000)
  to   space 25088K, 0% used [0x000000077d380000,0x000000077d380000,0x000000077ec00000)
 ParOldGen       total 292352K, used 67287K [0x00000006c4200000, 0x00000006d5f80000, 0x000000076c100000)
  object space 292352K, 23% used [0x00000006c4200000,0x00000006c83b5c18,0x00000006d5f80000)
 Metaspace       used 65849K, capacity 67948K, committed 68312K, reserved 1110016K
  class space    used 8291K, capacity 8672K, committed 8704K, reserved 1048576K
}

Deoptimization events (0 events):
No events

Classes redefined (0 events):
No events

Internal exceptions (10 events):
Event: 29.727 Thread 0x000001dd449a1000 Exception <a 'java/lang/ArrayIndexOutOfBoundsException'> (0x000000076eced8c0) thrown at [C:\jenkins\workspace\8-2-build-windows-amd64-cygwin\jdk8u261\295\hotspot\src\share\vm\runtime\sharedRuntime.cpp, line 605]
Event: 29.944 Thread 0x000001dd449a1000 Exception <a 'java/lang/ArrayIndexOutOfBoundsException'> (0x000000077024f090) thrown at [C:\jenkins\workspace\8-2-build-windows-amd64-cygwin\jdk8u261\295\hotspot\src\share\vm\runtime\sharedRuntime.cpp, line 605]
Event: 29.944 Thread 0x000001dd449a1000 Exception <a 'java/lang/ArrayIndexOutOfBoundsException'> (0x0000000770252380) thrown at [C:\jenkins\workspace\8-2-build-windows-amd64-cygwin\jdk8u261\295\hotspot\src\share\vm\runtime\sharedRuntime.cpp, line 605]
Event: 29.953 Thread 0x000001dd449a1000 Exception <a 'java/lang/ArrayIndexOutOfBoundsException'> (0x00000007702f1c88) thrown at [C:\jenkins\workspace\8-2-build-windows-amd64-cygwin\jdk8u261\295\hotspot\src\share\vm\runtime\sharedRuntime.cpp, line 605]
Event: 29.963 Thread 0x000001dd449a1000 Exception <a 'java/lang/ArrayIndexOutOfBoundsException'> (0x00000007703a4eb8) thrown at [C:\jenkins\workspace\8-2-build-windows-amd64-cygwin\jdk8u261\295\hotspot\src\share\vm\runtime\sharedRuntime.cpp, line 605]
Event: 29.965 Thread 0x000001dd449a1000 Exception <a 'java/lang/ArrayIndexOutOfBoundsException'> (0x00000007703b0190) thrown at [C:\jenkins\workspace\8-2-build-windows-amd64-cygwin\jdk8u261\295\hotspot\src\share\vm\runtime\sharedRuntime.cpp, line 605]
Event: 29.968 Thread 0x000001dd449a1000 Exception <a 'java/lang/ArrayIndexOutOfBoundsException'> (0x00000007703bdf90) thrown at [C:\jenkins\workspace\8-2-build-windows-amd64-cygwin\jdk8u261\295\hotspot\src\share\vm\runtime\sharedRuntime.cpp, line 605]
Event: 29.972 Thread 0x000001dd449a1000 Exception <a 'java/lang/ArrayIndexOutOfBoundsException'> (0x00000007703fb330) thrown at [C:\jenkins\workspace\8-2-build-windows-amd64-cygwin\jdk8u261\295\hotspot\src\share\vm\runtime\sharedRuntime.cpp, line 605]
Event: 29.973 Thread 0x000001dd449a1000 Exception <a 'java/lang/ArrayIndexOutOfBoundsException'> (0x0000000770403c40) thrown at [C:\jenkins\workspace\8-2-build-windows-amd64-cygwin\jdk8u261\295\hotspot\src\share\vm\runtime\sharedRuntime.cpp, line 605]
Event: 29.997 Thread 0x000001dd449a1000 Exception <a 'java/lang/ArrayIndexOutOfBoundsException'> (0x00000007704c8268) thrown at [C:\jenkins\workspace\8-2-build-windows-amd64-cygwin\jdk8u261\295\hotspot\src\share\vm\runtime\sharedRuntime.cpp, line 605]

Events (10 events):
Event: 175.684 Thread 0x000001dd034a7800 DEOPT PACKING pc=0x000001dd477c3e94 sp=0x000000a6e3afc3a0
Event: 175.684 Thread 0x000001dd034a7800 DEOPT UNPACKING pc=0x000001dd46b27898 sp=0x000000a6e3afc1c0 mode 1
Event: 175.684 Thread 0x000001dd034a7800 DEOPT PACKING pc=0x000001dd477c3dd4 sp=0x000000a6e3afc530
Event: 175.684 Thread 0x000001dd034a7800 DEOPT UNPACKING pc=0x000001dd46b27898 sp=0x000000a6e3afc350 mode 1
Event: 175.685 Executing VM operation: RevokeBias
Event: 175.685 Executing VM operation: RevokeBias done
Event: 175.686 Thread 0x000001dd034a6000 DEOPT PACKING pc=0x000001dd475c5e92 sp=0x000000a6e39fec80
Event: 175.686 Thread 0x000001dd034a6000 DEOPT UNPACKING pc=0x000001dd46b27898 sp=0x000000a6e39fe9b0 mode 1
Event: 175.686 Thread 0x000001dd034a6000 DEOPT PACKING pc=0x000001dd477e131c sp=0x000000a6e39fed50
Event: 175.686 Thread 0x000001dd034a6000 DEOPT UNPACKING pc=0x000001dd46b27898 sp=0x000000a6e39feb48 mode 1


Dynamic libraries:
0x00007ff6f1a40000 - 0x00007ff6f1a87000 	D:\Java\Java\jdk1.8\bin\java.exe
0x00007ffd0dc30000 - 0x00007ffd0de1e000 	C:\Windows\SYSTEM32\ntdll.dll
0x00007ffd0d410000 - 0x00007ffd0d4c3000 	C:\Windows\System32\KERNEL32.DLL
0x00007ffd0a620000 - 0x00007ffd0a8bd000 	C:\Windows\System32\KERNELBASE.dll
0x00007ffd0ccd0000 - 0x00007ffd0cd77000 	C:\Windows\System32\ADVAPI32.dll
0x00007ffd0af10000 - 0x00007ffd0afae000 	C:\Windows\System32\msvcrt.dll
0x00007ffd0afb0000 - 0x00007ffd0b04f000 	C:\Windows\System32\sechost.dll
0x00007ffd0b550000 - 0x00007ffd0b66d000 	C:\Windows\System32\RPCRT4.dll
0x00007ffd0d530000 - 0x00007ffd0d6c8000 	C:\Windows\System32\USER32.dll
0x00007ffd0a5b0000 - 0x00007ffd0a5d0000 	C:\Windows\System32\win32u.dll
0x00007ffd0dba0000 - 0x00007ffd0dbc9000 	C:\Windows\System32\GDI32.dll
0x00007ffd0a8c0000 - 0x00007ffd0aa60000 	C:\Windows\System32\gdi32full.dll
0x00007ffd0ab60000 - 0x00007ffd0ac00000 	C:\Windows\System32\msvcp_win.dll
0x00007ffd0aa60000 - 0x00007ffd0ab5a000 	C:\Windows\System32\ucrtbase.dll
0x00007ffcf3f00000 - 0x00007ffcf4179000 	C:\Windows\WinSxS\amd64_microsoft.windows.common-controls_6595b64144ccf1df_6.0.17763.3887_none_de7547fe5347b868\COMCTL32.dll
0x00007ffd0d800000 - 0x00007ffd0db2c000 	C:\Windows\System32\combase.dll
0x00007ffd0a520000 - 0x00007ffd0a5a2000 	C:\Windows\System32\bcryptPrimitives.dll
0x00007ffd0dbd0000 - 0x00007ffd0dbfe000 	C:\Windows\System32\IMM32.DLL
0x00007ffd04bc0000 - 0x00007ffd04c2d000 	C:\Windows\LVUAAgentInstBaseRoot\system32\Vozokopot.dll
0x00007ffcf4230000 - 0x00007ffcf4838000 	C:\Windows\LVUAAgentInstBaseRoot\system32\MozartBreathCore.dll
0x00007ffd0b6d0000 - 0x00007ffd0b73d000 	C:\Windows\System32\WS2_32.dll
0x00007ffd0d6d0000 - 0x00007ffd0d7f6000 	C:\Windows\System32\COMDLG32.dll
0x00007ffd0b4a0000 - 0x00007ffd0b547000 	C:\Windows\System32\shcore.dll
0x00007ffd0d4d0000 - 0x00007ffd0d522000 	C:\Windows\System32\SHLWAPI.dll
0x00007ffd0b7d0000 - 0x00007ffd0ccc8000 	C:\Windows\System32\SHELL32.dll
0x00007ffd09cd0000 - 0x00007ffd09d1a000 	C:\Windows\System32\cfgmgr32.dll
0x00007ffd09d20000 - 0x00007ffd0a469000 	C:\Windows\System32\windows.storage.dll
0x00007ffd09c00000 - 0x00007ffd09c23000 	C:\Windows\System32\profapi.dll
0x00007ffd09c70000 - 0x00007ffd09ccd000 	C:\Windows\System32\powrprof.dll
0x00007ffd09120000 - 0x00007ffd0915d000 	C:\Windows\SYSTEM32\IPHLPAPI.DLL
0x00007ffd09c30000 - 0x00007ffd09c41000 	C:\Windows\System32\kernel.appcore.dll
0x00007ffd0a600000 - 0x00007ffd0a61b000 	C:\Windows\System32\cryptsp.dll
0x00007ffd0b120000 - 0x00007ffd0b276000 	C:\Windows\System32\ole32.dll
0x00007ffd0b050000 - 0x00007ffd0b114000 	C:\Windows\System32\OLEAUT32.dll
0x00007ffd08240000 - 0x00007ffd08253000 	C:\Windows\SYSTEM32\WTSAPI32.dll
0x00007ffcf5f80000 - 0x00007ffcf5f9b000 	C:\Windows\SYSTEM32\MPR.dll
0x00007ffd09160000 - 0x00007ffd09226000 	C:\Windows\SYSTEM32\DNSAPI.dll
0x00007ffd0b740000 - 0x00007ffd0b748000 	C:\Windows\System32\NSI.dll
0x00007ffcf5010000 - 0x00007ffcf509f000 	C:\Windows\SYSTEM32\WINSPOOL.DRV
0x00007ffd0a5d0000 - 0x00007ffd0a5f6000 	C:\Windows\System32\bcrypt.dll
0x00007ffd08270000 - 0x00007ffd08419000 	C:\Windows\SYSTEM32\PROPSYS.dll
0x00007ffcf5000000 - 0x00007ffcf5009000 	C:\Windows\SYSTEM32\wsock32.dll
0x00007ffcffbd0000 - 0x00007ffcffbe5000 	D:\Java\Java\jdk1.8\jre\bin\vcruntime140.dll
0x00007ffcf4fe0000 - 0x00007ffcf4ffe000 	C:\Windows\LVUAAgentInstBaseRoot\system32\MozartBreathFw.dll
0x00007ffcffb30000 - 0x00007ffcffbcb000 	D:\Java\Java\jdk1.8\jre\bin\msvcp140.dll
0x00007ffcf3a50000 - 0x00007ffcf3a9b000 	C:\Windows\LVUAAgentInstBaseRoot\system32\MozartBreathFile.dll
0x000000005c6a0000 - 0x000000005cf0c000 	D:\Java\Java\jdk1.8\jre\bin\server\jvm.dll
0x00007ffd0db90000 - 0x00007ffd0db98000 	C:\Windows\System32\PSAPI.DLL
0x00007ffd03df0000 - 0x00007ffd03e14000 	C:\Windows\SYSTEM32\WINMM.dll
0x00007ffcfab20000 - 0x00007ffcfab2a000 	C:\Windows\SYSTEM32\VERSION.dll
0x00007ffd03dc0000 - 0x00007ffd03ded000 	C:\Windows\SYSTEM32\WINMMBASE.dll
0x00007ffcf3850000 - 0x00007ffcf3a44000 	C:\Windows\LVUAAgentInstBaseRoot\system32\MozartBreathProcess.dll
0x00007ffd0ac00000 - 0x00007ffd0adf5000 	C:\Windows\System32\CRYPT32.dll
0x00007ffd09c50000 - 0x00007ffd09c62000 	C:\Windows\System32\MSASN1.dll
0x00007ffcf3800000 - 0x00007ffcf3850000 	C:\Windows\LVUAAgentInstBaseRoot\system32\MozartBreathBolo2.dll
0x00007ffcffb20000 - 0x00007ffcffb30000 	D:\Java\Java\jdk1.8\jre\bin\verify.dll
0x00007ffcf4e10000 - 0x00007ffcf4e1e000 	C:\Windows\LVUAAgentInstBaseRoot\system32\MozartBreathBurn.dll
0x00007ffcf7380000 - 0x00007ffcf73ab000 	D:\Java\Java\jdk1.8\jre\bin\java.dll
0x00007ffcf4df0000 - 0x00007ffcf4e02000 	C:\Windows\LVUAAgentInstBaseRoot\system32\MozartBreathProtect.dll
0x00007ffcecd60000 - 0x00007ffcecd96000 	D:\Java\Java\jdk1.8\jre\bin\jdwp.dll
0x00007ffcf4850000 - 0x00007ffcf4859000 	D:\Java\Java\jdk1.8\jre\bin\npt.dll
0x00007ffceccd0000 - 0x00007ffcecd02000 	D:\Java\Java\jdk1.8\jre\bin\instrument.dll
0x00007ffcfbe40000 - 0x00007ffcfbe58000 	D:\Java\Java\jdk1.8\jre\bin\zip.dll
0x00007ffcf4840000 - 0x00007ffcf484a000 	D:\Java\Java\jdk1.8\jre\bin\dt_socket.dll
0x00007ffd09400000 - 0x00007ffd09467000 	C:\Windows\system32\mswsock.dll
0x00007ffce7210000 - 0x00007ffce722c000 	D:\Java\Java\jdk1.8\jre\bin\net.dll
0x00007ffce6e40000 - 0x00007ffce6e6f000 	C:\Program Files (x86)\Sangfor\SSL\ClientComponent\SangforNspX64.dll
0x00007ffcf9520000 - 0x00007ffcf952a000 	C:\Windows\SYSTEM32\rasadhlp.dll
0x00007ffd02260000 - 0x00007ffd022d9000 	C:\Windows\System32\fwpuclnt.dll
0x00007ffcf7450000 - 0x00007ffcf745d000 	D:\Java\Java\jdk1.8\jre\bin\management.dll
0x00007ffce0550000 - 0x00007ffce0563000 	D:\Java\Java\jdk1.8\jre\bin\nio.dll
0x00007ffd08f90000 - 0x00007ffd08fc3000 	C:\Windows\system32\rsaenh.dll
0x00007ffd09b00000 - 0x00007ffd09b29000 	C:\Windows\SYSTEM32\USERENV.dll
0x00007ffd09580000 - 0x00007ffd0958c000 	C:\Windows\SYSTEM32\CRYPTBASE.dll
0x00007ffd02560000 - 0x00007ffd02576000 	C:\Windows\SYSTEM32\dhcpcsvc6.DLL
0x00007ffd02540000 - 0x00007ffd0255c000 	C:\Windows\SYSTEM32\dhcpcsvc.DLL
0x00007ffce6eb0000 - 0x00007ffce6ec6000 	C:\Windows\system32\napinsp.dll
0x00007ffce6e20000 - 0x00007ffce6e3a000 	C:\Windows\system32\pnrpnsp.dll
0x00007ffcec310000 - 0x00007ffcec31e000 	C:\Windows\System32\winrnr.dll
0x00007ffcfea40000 - 0x00007ffcfea5b000 	C:\Windows\system32\NLAapi.dll
0x00007ffce6e00000 - 0x00007ffce6e15000 	C:\Windows\system32\wshbth.dll
0x00007ffce0520000 - 0x00007ffce0544000 	D:\Java\Java\jdk1.8\jre\bin\sunec.dll
0x0000000070bc0000 - 0x0000000070c9c000 	D:\MyData\huangkd\AppData\Local\Temp\sqlite-3.36.0.3-cee7bcc3-22ba-4965-9be1-bfec46387517-sqlitejdbc.dll
0x00007ffcf7370000 - 0x00007ffcf737d000 	D:\Java\Java\jdk1.8\jre\bin\sunmscapi.dll
0x00007ffd09720000 - 0x00007ffd0974c000 	C:\Windows\SYSTEM32\ncrypt.dll
0x00007ffd096e0000 - 0x00007ffd0971c000 	C:\Windows\SYSTEM32\NTASN1.dll
0x00007ffc860c0000 - 0x00007ffc8669f000 	D:\MyData\huangkd\AppData\Local\Temp\nativelib-loader_1935297241643917291\dynarmic.dll
0x00007ffce5ec0000 - 0x00007ffce5f05000 	D:\MyData\huangkd\AppData\Local\Temp\jna-1253673926\jna6650325276132601820.dll
0x00007ffcdb650000 - 0x00007ffcdb86b000 	D:\MyData\huangkd\AppData\Local\Temp\jna-1253673926\jna2587019445788596530.dll
0x00007ffd08850000 - 0x00007ffd08a3d000 	C:\Windows\SYSTEM32\dbghelp.dll

VM Arguments:
jvm_args: -agentlib:jdwp=transport=dt_socket,address=127.0.0.1:57320,suspend=y,server=n -XX:TieredStopAtLevel=1 -Xverify:none -Dspring.output.ansi.enabled=always -Dcom.sun.management.jmxremote -Dspring.jmx.enabled=true -Dspring.liveBeansView.mbeanDomain -Dspring.application.admin.enabled=true -javaagent:D:\MyData\huangkd\AppData\Local\JetBrains\IntelliJIdea2020.2\captureAgent\debugger-agent.jar -Dfile.encoding=UTF-8 
java_command: com.whitemagic2014.WMagicBotRApplication
java_class_path (initial): D:\Java\Java\jdk1.8\jre\lib\charsets.jar;D:\Java\Java\jdk1.8\jre\lib\deploy.jar;D:\Java\Java\jdk1.8\jre\lib\ext\access-bridge-64.jar;D:\Java\Java\jdk1.8\jre\lib\ext\cldrdata.jar;D:\Java\Java\jdk1.8\jre\lib\ext\dnsns.jar;D:\Java\Java\jdk1.8\jre\lib\ext\jaccess.jar;D:\Java\Java\jdk1.8\jre\lib\ext\jfxrt.jar;D:\Java\Java\jdk1.8\jre\lib\ext\localedata.jar;D:\Java\Java\jdk1.8\jre\lib\ext\nashorn.jar;D:\Java\Java\jdk1.8\jre\lib\ext\sunec.jar;D:\Java\Java\jdk1.8\jre\lib\ext\sunjce_provider.jar;D:\Java\Java\jdk1.8\jre\lib\ext\sunmscapi.jar;D:\Java\Java\jdk1.8\jre\lib\ext\sunpkcs11.jar;D:\Java\Java\jdk1.8\jre\lib\ext\zipfs.jar;D:\Java\Java\jdk1.8\jre\lib\javaws.jar;D:\Java\Java\jdk1.8\jre\lib\jce.jar;D:\Java\Java\jdk1.8\jre\lib\jfr.jar;D:\Java\Java\jdk1.8\jre\lib\jfxswt.jar;D:\Java\Java\jdk1.8\jre\lib\jsse.jar;D:\Java\Java\jdk1.8\jre\lib\management-agent.jar;D:\Java\Java\jdk1.8\jre\lib\plugin.jar;D:\Java\Java\jdk1.8\jre\lib\resources.jar;D:\Java\Java\jdk1.8\jre\lib\rt.jar;D:\MyData\huangkd\Desktop\robot\using\fork\WMagicBotR\target\classes;D:\Java\Maven\AppTools\maven\repository\org\springframework\boot\spring-boot-starter\2.3.1.RELEASE\spring-boot-starter-2.3.1.RELEASE.jar;D:\Java\Maven\AppTools\maven\repository\org\springframework\boot\spring-boot\2.3.1.RELEASE\spring-boot-2.3.1.RELEASE.jar;D:\Java\Maven\AppTools\maven\repository\org\springframework\spring-context\5.2.7.RELEASE\spring-context-5.2.7.RELEASE.jar;D:\Java\Maven\AppTools\maven\repository\org\springframework\boot\spring-boot-autoconfigure\2.3.1.RELEASE\spring-boot-autoconfigure-2.3.1.RELEASE.jar;D:\Java\Maven\AppTools\maven\repository\org\springframework\boot\spring-boot-starter-logging\2.3.1.RELEASE\spring-boot-starter-logging-2.3.1.RELEASE.jar;D:\Java\Maven\AppTools\maven\repository\ch\qos\logback\logback-classic\1.2.3\logback-classic-1.2.3.jar;D:\Java\Maven\AppTools\maven\repository\ch\qos\logback\logback-core\1.2.3\logback-core-1.2.3.jar;D:\Java\Maven\AppTools\maven\repository\org
Launcher Type: SUN_STANDARD

Environment Variables:
JAVA_HOME=D:\Java\Java\jdk1.8
PATH=C:\Program Files (x86)\Common Files\Oracle\Java\javapath;C:\Windows\system32;C:\Windows;C:\Windows\System32\Wbem;C:\Windows\System32\WindowsPowerShell\v1.0\;C:\Windows\System32\OpenSSH\;D:\Java\Git\Git\cmd;C:\Program Files\TortoiseGit\bin;D:\Java\HeidiSQL\putty\;C:\Program Files\Docker\Docker\resources\bin;D:\MyData\huangkd\AppData\Local\Programs\Python\Python310\Scripts\;D:\MyData\huangkd\AppData\Local\Programs\Python\Python310\;D:\MyData\huangkd\AppData\Local\Microsoft\WindowsApps;C:\Program Files\Bandizip\;D:\Java\IntelliJ_IDEA\IntelliJ IDEA Community Edition 2020.2.2\IntelliJ IDEA 2020.2.2\bin;;D:\Java\Java\jdk1.8\bin;D:\Java\IntelliJ_IDEA\IntelliJ IDEA Community Edition 2020.1\bin;;D:\Java\Maven\apache-maven-3.6.3\bin;D:\Java\MySQL\mysql-8.0.21-winx64\bin;D:\Java\Redis\redis;D:\Java\ElasticSearch\kibana\kibana-6.1.4\kibana-6.1.4-windows-x86_64\bin;D:\Java\projects\p3c-pmd;;E:\pycharm\PyCharm Community Edition 2023.1.1\bin;;E:\vs code\Microsoft VS Code\bin
USERNAME=huangkd
OS=Windows_NT
PROCESSOR_IDENTIFIER=Intel64 Family 6 Model 142 Stepping 12, GenuineIntel



---------------  S Y S T E M  ---------------

OS: Windows 10.0 , 64 bit Build 17763 (10.0.17763.3887)

CPU:total 8 (initial active 8) (4 cores per cpu, 2 threads per core) family 6 model 142 stepping 12, cmov, cx8, fxsr, mmx, sse, sse2, sse3, ssse3, sse4.1, sse4.2, popcnt, avx, avx2, aes, clmul, erms, 3dnowpref, lzcnt, ht, tsc, tscinvbit, bmi1, bmi2, adx

Memory: 4k page, physical 16502400k(3841536k free), swap 44813952k(9121436k free)

vm_info: Java HotSpot(TM) 64-Bit Server VM (25.261-b12) for windows-amd64 JRE (1.8.0_261-b12), built on Jun 18 2020 06:56:32 by "" with unknown MS VC++:1916

time: Sat Dec 23 23:20:23 2023
timezone: ?D1???
elapsed time: 175 seconds (0d 0h 2m 55s)

